2023-02-03 18:32:21.943 [info] Log level: Info
2023-02-03 18:32:21.943 [info] Validating found git in: "git"
2023-02-03 18:32:21.943 [info] Using git "2.37.3" from "git"
2023-02-03 18:32:21.943 [info] > git rev-parse --show-toplevel [13ms]
2023-02-03 18:32:21.943 [info] > git rev-parse --git-dir --git-common-dir [106ms]
2023-02-03 18:32:21.943 [info] Open repository: /workspace/ci-django-blog
2023-02-03 18:32:21.943 [info] > git rev-parse --show-toplevel [43ms]
2023-02-03 18:32:21.943 [info] > git rev-parse --show-toplevel [6ms]
2023-02-03 18:32:21.943 [info] > git config --get commit.template [27ms]
2023-02-03 18:32:21.943 [info] > git rev-parse --show-toplevel [5ms]
2023-02-03 18:32:21.943 [info] > git for-each-ref --format=%(refname)%00%(upstream:short)%00%(objectname)%00%(upstream:track)%00%(upstream:remotename)%00%(upstream:remoteref) refs/heads/main refs/remotes/main [8ms]
2023-02-03 18:32:21.943 [info] > git rev-parse --show-toplevel [41ms]
2023-02-03 18:32:21.943 [info] > git status -z -uall [27ms]
2023-02-03 18:32:21.943 [info] > git rev-parse --show-toplevel [3ms]
2023-02-03 18:32:21.943 [info] > git for-each-ref --sort -committerdate --format %(refname) %(objectname) %(*objectname) [17ms]
2023-02-03 18:32:21.943 [info] > git config --get commit.template [2ms]
2023-02-03 18:32:21.943 [info] > git for-each-ref --format=%(refname)%00%(upstream:short)%00%(objectname)%00%(upstream:track)%00%(upstream:remotename)%00%(upstream:remoteref) refs/heads/main refs/remotes/main [9ms]
2023-02-03 18:32:21.943 [info] > git status -z -uall [17ms]
2023-02-03 18:32:21.943 [info] > git for-each-ref --sort -committerdate --format %(refname) %(objectname) %(*objectname) [7ms]
2023-02-03 18:32:22.524 [info] > git check-ignore -v -z --stdin [4ms]
2023-02-03 18:32:23.340 [info] > git show --textconv :django_blog/settings.py [28ms]
2023-02-03 18:32:23.340 [info] > git ls-files --stage -- /workspace/ci-django-blog/django_blog/settings.py [11ms]
2023-02-03 18:32:23.369 [info] > git cat-file -s 24e0b39a193e58715562ed4fa8159a6bb03eeaaa [11ms]
2023-02-03 18:32:23.607 [info] > git config --local branch.main.github-pr-owner-number [47ms]
2023-02-03 18:32:23.639 [info] > git config --get commit.template [15ms]
2023-02-03 18:32:23.664 [info] > git for-each-ref --format=%(refname)%00%(upstream:short)%00%(objectname)%00%(upstream:track)%00%(upstream:remotename)%00%(upstream:remoteref) refs/heads/main refs/remotes/main [9ms]
2023-02-03 18:32:23.701 [info] > git status -z -uall [20ms]
2023-02-03 18:32:23.703 [info] > git for-each-ref --sort -committerdate --format %(refname) %(objectname) %(*objectname) [4ms]
2023-02-03 18:34:47.087 [info] > git check-ignore -v -z --stdin [2ms]
2023-02-03 18:34:47.111 [info] > git show --textconv :.env.py [11ms]
2023-02-03 18:34:47.112 [info] > git ls-files --stage -- /workspace/ci-django-blog/.env.py [3ms]
2023-02-03 18:34:47.597 [info] > git config --get commit.template [9ms]
2023-02-03 18:34:47.598 [info] > git for-each-ref --format=%(refname)%00%(upstream:short)%00%(objectname)%00%(upstream:track)%00%(upstream:remotename)%00%(upstream:remoteref) refs/heads/main refs/remotes/main [2ms]
2023-02-03 18:34:47.612 [info] > git status -z -uall [7ms]
2023-02-03 18:34:47.614 [info] > git for-each-ref --sort -committerdate --format %(refname) %(objectname) %(*objectname) [2ms]
2023-02-03 18:34:54.553 [info] > git show --textconv :.gitignore [9ms]
2023-02-03 18:34:54.554 [info] > git ls-files --stage -- /workspace/ci-django-blog/.gitignore [2ms]
2023-02-03 18:34:54.562 [info] > git cat-file -s c7bfd08cc5d7c76df17250d4b7f4c2310806ad33 [1ms]
2023-02-03 18:35:26.899 [info] > git config --get commit.template [9ms]
2023-02-03 18:35:26.900 [info] > git for-each-ref --format=%(refname)%00%(upstream:short)%00%(objectname)%00%(upstream:track)%00%(upstream:remotename)%00%(upstream:remoteref) refs/heads/main refs/remotes/main [1ms]
2023-02-03 18:35:26.915 [info] > git status -z -uall [9ms]
2023-02-03 18:35:26.916 [info] > git for-each-ref --sort -committerdate --format %(refname) %(objectname) %(*objectname) [2ms]
2023-02-03 18:35:37.773 [info] > git show --textconv :env.py [9ms]
2023-02-03 18:35:37.774 [info] > git ls-files --stage -- /workspace/ci-django-blog/env.py [2ms]
2023-02-03 18:35:37.898 [info] > git check-ignore -v -z --stdin [1ms]
2023-02-03 18:35:38.405 [info] > git config --get commit.template [8ms]
2023-02-03 18:35:38.407 [info] > git for-each-ref --format=%(refname)%00%(upstream:short)%00%(objectname)%00%(upstream:track)%00%(upstream:remotename)%00%(upstream:remoteref) refs/heads/main refs/remotes/main [1ms]
2023-02-03 18:35:38.423 [info] > git status -z -uall [9ms]
2023-02-03 18:35:38.424 [info] > git for-each-ref --sort -committerdate --format %(refname) %(objectname) %(*objectname) [2ms]
2023-02-03 18:37:23.079 [info] > git config --local branch.main.github-pr-owner-number [1ms]
2023-02-03 18:37:23.094 [info] > git config --get commit.template [7ms]
2023-02-03 18:37:23.094 [info] > git for-each-ref --format=%(refname)%00%(upstream:short)%00%(objectname)%00%(upstream:track)%00%(upstream:remotename)%00%(upstream:remoteref) refs/heads/main refs/remotes/main [1ms]
2023-02-03 18:37:23.106 [info] > git status -z -uall [6ms]
2023-02-03 18:37:23.107 [info] > git for-each-ref --sort -committerdate --format %(refname) %(objectname) %(*objectname) [1ms]
2023-02-03 18:39:38.183 [info] > git config --get commit.template [16ms]
2023-02-03 18:39:38.184 [info] > git for-each-ref --format=%(refname)%00%(upstream:short)%00%(objectname)%00%(upstream:track)%00%(upstream:remotename)%00%(upstream:remoteref) refs/heads/main refs/remotes/main [4ms]
2023-02-03 18:39:38.215 [info] > git status -z -uall [16ms]
2023-02-03 18:39:38.217 [info] > git for-each-ref --sort -committerdate --format %(refname) %(objectname) %(*objectname) [2ms]
2023-02-03 18:41:36.380 [info] > git config --get commit.template [13ms]
2023-02-03 18:41:36.380 [info] > git for-each-ref --format=%(refname)%00%(upstream:short)%00%(objectname)%00%(upstream:track)%00%(upstream:remotename)%00%(upstream:remoteref) refs/heads/main refs/remotes/main [1ms]
2023-02-03 18:41:36.405 [info] > git status -z -uall [13ms]
2023-02-03 18:41:36.406 [info] > git for-each-ref --sort -committerdate --format %(refname) %(objectname) %(*objectname) [1ms]
2023-02-03 18:42:23.122 [info] > git config --local branch.main.github-pr-owner-number [1ms]
2023-02-03 18:42:23.138 [info] > git config --get commit.template [7ms]
2023-02-03 18:42:23.139 [info] > git for-each-ref --format=%(refname)%00%(upstream:short)%00%(objectname)%00%(upstream:track)%00%(upstream:remotename)%00%(upstream:remoteref) refs/heads/main refs/remotes/main [2ms]
2023-02-03 18:42:23.154 [info] > git status -z -uall [7ms]
2023-02-03 18:42:23.155 [info] > git for-each-ref --sort -committerdate --format %(refname) %(objectname) %(*objectname) [2ms]
2023-02-03 18:43:40.441 [info] > git config --get commit.template [10ms]
2023-02-03 18:43:40.442 [info] > git for-each-ref --format=%(refname)%00%(upstream:short)%00%(objectname)%00%(upstream:track)%00%(upstream:remotename)%00%(upstream:remoteref) refs/heads/main refs/remotes/main [2ms]
2023-02-03 18:43:40.456 [info] > git status -z -uall [7ms]
2023-02-03 18:43:40.456 [info] > git for-each-ref --sort -committerdate --format %(refname) %(objectname) %(*objectname) [1ms]
2023-02-03 18:43:59.339 [info] > git config --get commit.template [10ms]
2023-02-03 18:43:59.340 [info] > git for-each-ref --format=%(refname)%00%(upstream:short)%00%(objectname)%00%(upstream:track)%00%(upstream:remotename)%00%(upstream:remoteref) refs/heads/main refs/remotes/main [2ms]
2023-02-03 18:43:59.362 [info] > git status -z -uall [12ms]
2023-02-03 18:43:59.363 [info] > git for-each-ref --sort -committerdate --format %(refname) %(objectname) %(*objectname) [1ms]
2023-02-03 18:43:59.663 [info] > git check-ignore -v -z --stdin [1ms]
2023-02-03 18:46:39.989 [info] > git config --get commit.template [8ms]
2023-02-03 18:46:39.990 [info] > git for-each-ref --format=%(refname)%00%(upstream:short)%00%(objectname)%00%(upstream:track)%00%(upstream:remotename)%00%(upstream:remoteref) refs/heads/main refs/remotes/main [1ms]
2023-02-03 18:46:40.002 [info] > git status -z -uall [6ms]
2023-02-03 18:46:40.002 [info] > git for-each-ref --sort -committerdate --format %(refname) %(objectname) %(*objectname) [1ms]
2023-02-03 18:46:40.218 [info] > git ls-files --stage -- /workspace/ci-django-blog/env.py [1ms]
2023-02-03 18:46:40.218 [info] > git ls-files --stage -- /workspace/ci-django-blog/.gitignore [8ms]
2023-02-03 18:46:40.226 [info] > git ls-files --stage -- /workspace/ci-django-blog/django_blog/settings.py [24ms]
2023-02-03 18:46:40.233 [info] > git cat-file -s c7bfd08cc5d7c76df17250d4b7f4c2310806ad33 [7ms]
2023-02-03 18:46:40.234 [info] > git cat-file -s 5cd1740a819283bedd91d687e49332c40a0929cd [2ms]
2023-02-03 18:46:40.315 [info] > git show --textconv :env.py [22ms]
2023-02-03 18:46:40.315 [info] > git show --textconv :.gitignore [12ms]
2023-02-03 18:46:40.316 [info] > git show --textconv :django_blog/settings.py [2ms]
2023-02-03 18:47:20.990 [info] > git config --get commit.template [12ms]
2023-02-03 18:47:20.991 [info] > git for-each-ref --format=%(refname)%00%(upstream:short)%00%(objectname)%00%(upstream:track)%00%(upstream:remotename)%00%(upstream:remoteref) refs/heads/main refs/remotes/main [1ms]
2023-02-03 18:47:21.007 [info] > git status -z -uall [7ms]
2023-02-03 18:47:21.008 [info] > git for-each-ref --sort -committerdate --format %(refname) %(objectname) %(*objectname) [2ms]
2023-02-03 18:47:21.249 [info] > git config --local branch.main.github-pr-owner-number [2ms]
2023-02-03 18:47:21.264 [info] > git config --get commit.template [9ms]
2023-02-03 18:47:21.265 [info] > git for-each-ref --format=%(refname)%00%(upstream:short)%00%(objectname)%00%(upstream:track)%00%(upstream:remotename)%00%(upstream:remoteref) refs/heads/main refs/remotes/main [4ms]
2023-02-03 18:47:21.278 [info] > git status -z -uall [6ms]
2023-02-03 18:47:21.289 [info] > git for-each-ref --sort -committerdate --format %(refname) %(objectname) %(*objectname) [12ms]
2023-02-03 18:47:21.336 [info] > git ls-files --stage -- /workspace/ci-django-blog/.gitignore [9ms]
2023-02-03 18:47:21.342 [info] > git ls-files --stage -- /workspace/ci-django-blog/django_blog/settings.py [21ms]
2023-02-03 18:47:21.352 [info] > git cat-file -s c7bfd08cc5d7c76df17250d4b7f4c2310806ad33 [10ms]
2023-02-03 18:47:21.352 [info] > git ls-files --stage -- /workspace/ci-django-blog/env.py [19ms]
2023-02-03 18:47:21.353 [info] > git cat-file -s 5cd1740a819283bedd91d687e49332c40a0929cd [6ms]
2023-02-03 18:47:21.625 [info] > git show --textconv :.gitignore [24ms]
2023-02-03 18:47:21.625 [info] > git show --textconv :env.py [12ms]
2023-02-03 18:47:21.626 [info] > git show --textconv :django_blog/settings.py [2ms]
2023-02-03 18:47:23.171 [info] > git config --local branch.main.github-pr-owner-number [1ms]
2023-02-03 18:47:23.195 [info] > git config --get commit.template [12ms]
2023-02-03 18:47:23.196 [info] > git for-each-ref --format=%(refname)%00%(upstream:short)%00%(objectname)%00%(upstream:track)%00%(upstream:remotename)%00%(upstream:remoteref) refs/heads/main refs/remotes/main [1ms]
2023-02-03 18:47:23.219 [info] > git status -z -uall [12ms]
2023-02-03 18:47:23.220 [info] > git for-each-ref --sort -committerdate --format %(refname) %(objectname) %(*objectname) [1ms]
2023-02-03 18:47:36.309 [info] > git config --get commit.template [7ms]
2023-02-03 18:47:36.309 [info] > git for-each-ref --format=%(refname)%00%(upstream:short)%00%(objectname)%00%(upstream:track)%00%(upstream:remotename)%00%(upstream:remoteref) refs/heads/main refs/remotes/main [1ms]
2023-02-03 18:47:36.353 [info] > git status -z -uall [38ms]
2023-02-03 18:47:36.353 [info] > git for-each-ref --sort -committerdate --format %(refname) %(objectname) %(*objectname) [2ms]
2023-02-03 18:47:36.453 [info] > git config --local branch.main.github-pr-owner-number [34ms]
2023-02-03 18:47:36.487 [info] > git config --get commit.template [24ms]
2023-02-03 18:47:36.499 [info] > git ls-files --stage -- /workspace/ci-django-blog/.gitignore [20ms]
2023-02-03 18:47:36.508 [info] > git ls-files --stage -- /workspace/ci-django-blog/django_blog/settings.py [35ms]
2023-02-03 18:47:36.516 [info] > git cat-file -s c7bfd08cc5d7c76df17250d4b7f4c2310806ad33 [9ms]
2023-02-03 18:47:36.517 [info] > git for-each-ref --format=%(refname)%00%(upstream:short)%00%(objectname)%00%(upstream:track)%00%(upstream:remotename)%00%(upstream:remoteref) refs/heads/main refs/remotes/main [24ms]
2023-02-03 18:47:36.529 [info] > git ls-files --stage -- /workspace/ci-django-blog/env.py [43ms]
2023-02-03 18:47:36.531 [info] > git status -z -uall [8ms]
2023-02-03 18:47:36.531 [info] > git cat-file -s 5cd1740a819283bedd91d687e49332c40a0929cd [17ms]
2023-02-03 18:47:36.531 [info] > git for-each-ref --sort -committerdate --format %(refname) %(objectname) %(*objectname) [3ms]
2023-02-03 18:47:36.600 [info] > git show --textconv :.gitignore [8ms]
2023-02-03 18:47:36.601 [info] > git show --textconv :env.py [1ms]
2023-02-03 18:47:36.609 [info] > git show --textconv :django_blog/settings.py [1ms]
2023-02-03 18:52:23.234 [info] > git config --local branch.main.github-pr-owner-number [1ms]
2023-02-03 18:52:23.251 [info] > git config --get commit.template [9ms]
2023-02-03 18:52:23.252 [info] > git for-each-ref --format=%(refname)%00%(upstream:short)%00%(objectname)%00%(upstream:track)%00%(upstream:remotename)%00%(upstream:remoteref) refs/heads/main refs/remotes/main [1ms]
2023-02-03 18:52:23.267 [info] > git status -z -uall [7ms]
2023-02-03 18:52:23.268 [info] > git for-each-ref --sort -committerdate --format %(refname) %(objectname) %(*objectname) [1ms]
2023-02-03 18:57:23.286 [info] > git config --local branch.main.github-pr-owner-number [1ms]
2023-02-03 18:57:23.311 [info] > git config --get commit.template [12ms]
2023-02-03 18:57:23.312 [info] > git for-each-ref --format=%(refname)%00%(upstream:short)%00%(objectname)%00%(upstream:track)%00%(upstream:remotename)%00%(upstream:remoteref) refs/heads/main refs/remotes/main [1ms]
2023-02-03 18:57:23.338 [info] > git status -z -uall [14ms]
2023-02-03 18:57:23.339 [info] > git for-each-ref --sort -committerdate --format %(refname) %(objectname) %(*objectname) [1ms]
2023-02-03 19:02:23.352 [info] > git config --local branch.main.github-pr-owner-number [1ms]
2023-02-03 19:02:23.367 [info] > git config --get commit.template [7ms]
2023-02-03 19:02:23.367 [info] > git for-each-ref --format=%(refname)%00%(upstream:short)%00%(objectname)%00%(upstream:track)%00%(upstream:remotename)%00%(upstream:remoteref) refs/heads/main refs/remotes/main [1ms]
2023-02-03 19:02:23.381 [info] > git status -z -uall [7ms]
2023-02-03 19:02:23.382 [info] > git for-each-ref --sort -committerdate --format %(refname) %(objectname) %(*objectname) [1ms]
2023-02-03 19:07:23.397 [info] > git config --local branch.main.github-pr-owner-number [1ms]
2023-02-03 19:07:23.417 [info] > git config --get commit.template [9ms]
2023-02-03 19:07:23.418 [info] > git for-each-ref --format=%(refname)%00%(upstream:short)%00%(objectname)%00%(upstream:track)%00%(upstream:remotename)%00%(upstream:remoteref) refs/heads/main refs/remotes/main [1ms]
2023-02-03 19:07:23.441 [info] > git status -z -uall [13ms]
2023-02-03 19:07:23.442 [info] > git for-each-ref --sort -committerdate --format %(refname) %(objectname) %(*objectname) [3ms]
2023-02-03 19:12:23.456 [info] > git config --local branch.main.github-pr-owner-number [1ms]
2023-02-03 19:12:23.470 [info] > git config --get commit.template [6ms]
2023-02-03 19:12:23.471 [info] > git for-each-ref --format=%(refname)%00%(upstream:short)%00%(objectname)%00%(upstream:track)%00%(upstream:remotename)%00%(upstream:remoteref) refs/heads/main refs/remotes/main [1ms]
2023-02-03 19:12:23.483 [info] > git status -z -uall [7ms]
2023-02-03 19:12:23.484 [info] > git for-each-ref --sort -committerdate --format %(refname) %(objectname) %(*objectname) [2ms]
2023-02-03 19:17:23.500 [info] > git config --local branch.main.github-pr-owner-number [2ms]
2023-02-03 19:17:23.525 [info] > git config --get commit.template [13ms]
2023-02-03 19:17:23.525 [info] > git for-each-ref --format=%(refname)%00%(upstream:short)%00%(objectname)%00%(upstream:track)%00%(upstream:remotename)%00%(upstream:remoteref) refs/heads/main refs/remotes/main [1ms]
2023-02-03 19:17:23.543 [info] > git status -z -uall [9ms]
2023-02-03 19:17:23.544 [info] > git for-each-ref --sort -committerdate --format %(refname) %(objectname) %(*objectname) [1ms]
2023-02-03 19:22:23.561 [info] > git config --local branch.main.github-pr-owner-number [2ms]
2023-02-03 19:22:23.582 [info] > git config --get commit.template [9ms]
2023-02-03 19:22:23.583 [info] > git for-each-ref --format=%(refname)%00%(upstream:short)%00%(objectname)%00%(upstream:track)%00%(upstream:remotename)%00%(upstream:remoteref) refs/heads/main refs/remotes/main [1ms]
2023-02-03 19:22:23.608 [info] > git status -z -uall [13ms]
2023-02-03 19:22:23.609 [info] > git for-each-ref --sort -committerdate --format %(refname) %(objectname) %(*objectname) [2ms]
2023-02-03 19:27:23.622 [info] > git config --local branch.main.github-pr-owner-number [1ms]
2023-02-03 19:27:23.635 [info] > git config --get commit.template [7ms]
2023-02-03 19:27:23.636 [info] > git for-each-ref --format=%(refname)%00%(upstream:short)%00%(objectname)%00%(upstream:track)%00%(upstream:remotename)%00%(upstream:remoteref) refs/heads/main refs/remotes/main [1ms]
2023-02-03 19:27:23.648 [info] > git status -z -uall [6ms]
2023-02-03 19:27:23.649 [info] > git for-each-ref --sort -committerdate --format %(refname) %(objectname) %(*objectname) [1ms]
2023-02-03 19:32:23.665 [info] > git config --local branch.main.github-pr-owner-number [1ms]
2023-02-03 19:32:23.691 [info] > git config --get commit.template [12ms]
2023-02-03 19:32:23.691 [info] > git for-each-ref --format=%(refname)%00%(upstream:short)%00%(objectname)%00%(upstream:track)%00%(upstream:remotename)%00%(upstream:remoteref) refs/heads/main refs/remotes/main [1ms]
2023-02-03 19:32:23.718 [info] > git status -z -uall [15ms]
2023-02-03 19:32:23.719 [info] > git for-each-ref --sort -committerdate --format %(refname) %(objectname) %(*objectname) [2ms]
2023-02-03 19:37:23.734 [info] > git config --local branch.main.github-pr-owner-number [1ms]
2023-02-03 19:37:23.759 [info] > git config --get commit.template [13ms]
2023-02-03 19:37:23.759 [info] > git for-each-ref --format=%(refname)%00%(upstream:short)%00%(objectname)%00%(upstream:track)%00%(upstream:remotename)%00%(upstream:remoteref) refs/heads/main refs/remotes/main [2ms]
2023-02-03 19:37:23.782 [info] > git status -z -uall [12ms]
2023-02-03 19:37:23.783 [info] > git for-each-ref --sort -committerdate --format %(refname) %(objectname) %(*objectname) [1ms]
2023-02-03 19:42:23.798 [info] > git config --local branch.main.github-pr-owner-number [1ms]
2023-02-03 19:42:23.811 [info] > git config --get commit.template [7ms]
2023-02-03 19:42:23.812 [info] > git for-each-ref --format=%(refname)%00%(upstream:short)%00%(objectname)%00%(upstream:track)%00%(upstream:remotename)%00%(upstream:remoteref) refs/heads/main refs/remotes/main [1ms]
2023-02-03 19:42:23.826 [info] > git status -z -uall [7ms]
2023-02-03 19:42:23.827 [info] > git for-each-ref --sort -committerdate --format %(refname) %(objectname) %(*objectname) [1ms]
2023-02-03 19:44:30.877 [info] > git config --get commit.template [6ms]
2023-02-03 19:44:30.877 [info] > git for-each-ref --format=%(refname)%00%(upstream:short)%00%(objectname)%00%(upstream:track)%00%(upstream:remotename)%00%(upstream:remoteref) refs/heads/main refs/remotes/main [1ms]
2023-02-03 19:44:30.890 [info] > git status -z -uall [7ms]
2023-02-03 19:44:30.891 [info] > git for-each-ref --sort -committerdate --format %(refname) %(objectname) %(*objectname) [1ms]
2023-02-03 19:47:23.840 [info] > git config --local branch.main.github-pr-owner-number [1ms]
2023-02-03 19:47:23.854 [info] > git config --get commit.template [7ms]
2023-02-03 19:47:23.855 [info] > git for-each-ref --format=%(refname)%00%(upstream:short)%00%(objectname)%00%(upstream:track)%00%(upstream:remotename)%00%(upstream:remoteref) refs/heads/main refs/remotes/main [1ms]
2023-02-03 19:47:23.869 [info] > git status -z -uall [8ms]
2023-02-03 19:47:23.869 [info] > git for-each-ref --sort -committerdate --format %(refname) %(objectname) %(*objectname) [1ms]
2023-02-03 19:48:01.495 [info] > git for-each-ref --format=%(refname)%00%(upstream:short)%00%(objectname)%00%(upstream:track)%00%(upstream:remotename)%00%(upstream:remoteref) refs/heads/main refs/remotes/main [2ms]
2023-02-03 19:48:01.495 [info] > git config --get commit.template [16ms]
2023-02-03 19:48:01.514 [info] > git status -z -uall [11ms]
2023-02-03 19:48:01.515 [info] > git for-each-ref --sort -committerdate --format %(refname) %(objectname) %(*objectname) [2ms]
2023-02-03 19:52:23.883 [info] > git config --local branch.main.github-pr-owner-number [1ms]
2023-02-03 19:52:23.906 [info] > git config --get commit.template [12ms]
2023-02-03 19:52:23.906 [info] > git for-each-ref --format=%(refname)%00%(upstream:short)%00%(objectname)%00%(upstream:track)%00%(upstream:remotename)%00%(upstream:remoteref) refs/heads/main refs/remotes/main [1ms]
2023-02-03 19:52:23.930 [info] > git status -z -uall [12ms]
2023-02-03 19:52:23.931 [info] > git for-each-ref --sort -committerdate --format %(refname) %(objectname) %(*objectname) [1ms]
2023-02-03 19:57:23.947 [info] > git config --local branch.main.github-pr-owner-number [2ms]
2023-02-03 19:57:23.964 [info] > git config --get commit.template [8ms]
2023-02-03 19:57:23.965 [info] > git for-each-ref --format=%(refname)%00%(upstream:short)%00%(objectname)%00%(upstream:track)%00%(upstream:remotename)%00%(upstream:remoteref) refs/heads/main refs/remotes/main [1ms]
2023-02-03 19:57:23.982 [info] > git status -z -uall [10ms]
2023-02-03 19:57:23.983 [info] > git for-each-ref --sort -committerdate --format %(refname) %(objectname) %(*objectname) [2ms]
2023-02-03 19:59:43.210 [info] > git config --get commit.template [14ms]
2023-02-03 19:59:43.211 [info] > git for-each-ref --format=%(refname)%00%(upstream:short)%00%(objectname)%00%(upstream:track)%00%(upstream:remotename)%00%(upstream:remoteref) refs/heads/main refs/remotes/main [1ms]
2023-02-03 19:59:43.238 [info] > git status -z -uall [13ms]
2023-02-03 19:59:43.239 [info] > git for-each-ref --sort -committerdate --format %(refname) %(objectname) %(*objectname) [2ms]
2023-02-03 20:01:20.757 [info] > git config --get commit.template [10ms]
2023-02-03 20:01:20.758 [info] > git for-each-ref --format=%(refname)%00%(upstream:short)%00%(objectname)%00%(upstream:track)%00%(upstream:remotename)%00%(upstream:remoteref) refs/heads/main refs/remotes/main [2ms]
2023-02-03 20:01:20.786 [info] > git status -z -uall [14ms]
2023-02-03 20:01:20.787 [info] > git for-each-ref --sort -committerdate --format %(refname) %(objectname) %(*objectname) [2ms]
2023-02-03 20:02:23.997 [info] > git config --local branch.main.github-pr-owner-number [1ms]
2023-02-03 20:02:24.011 [info] > git config --get commit.template [7ms]
2023-02-03 20:02:24.012 [info] > git for-each-ref --format=%(refname)%00%(upstream:short)%00%(objectname)%00%(upstream:track)%00%(upstream:remotename)%00%(upstream:remoteref) refs/heads/main refs/remotes/main [2ms]
2023-02-03 20:02:24.025 [info] > git status -z -uall [7ms]
2023-02-03 20:02:24.026 [info] > git for-each-ref --sort -committerdate --format %(refname) %(objectname) %(*objectname) [1ms]
2023-02-03 20:02:31.032 [info] > git check-ignore -v -z --stdin [2ms]
2023-02-03 20:02:31.516 [info] > git config --get commit.template [2ms]
2023-02-03 20:02:31.527 [info] > git for-each-ref --format=%(refname)%00%(upstream:short)%00%(objectname)%00%(upstream:track)%00%(upstream:remotename)%00%(upstream:remoteref) refs/heads/main refs/remotes/main [1ms]
2023-02-03 20:02:31.547 [info] > git status -z -uall [11ms]
2023-02-03 20:02:31.547 [info] > git for-each-ref --sort -committerdate --format %(refname) %(objectname) %(*objectname) [1ms]
2023-02-03 20:02:42.903 [info] > git show --textconv :static [17ms]
2023-02-03 20:02:42.904 [info] > git ls-files --stage -- /workspace/ci-django-blog/static [1ms]
2023-02-03 20:02:43.037 [info] > git check-ignore -v -z --stdin [2ms]
2023-02-03 20:02:43.523 [info] > git config --get commit.template [8ms]
2023-02-03 20:02:43.524 [info] > git for-each-ref --format=%(refname)%00%(upstream:short)%00%(objectname)%00%(upstream:track)%00%(upstream:remotename)%00%(upstream:remoteref) refs/heads/main refs/remotes/main [2ms]
2023-02-03 20:02:43.538 [info] > git status -z -uall [8ms]
2023-02-03 20:02:43.538 [info] > git for-each-ref --sort -committerdate --format %(refname) %(objectname) %(*objectname) [2ms]
2023-02-03 20:02:53.105 [info] > git check-ignore -v -z --stdin [1ms]
2023-02-03 20:02:53.533 [info] > git config --get commit.template [6ms]
2023-02-03 20:02:53.533 [info] > git for-each-ref --format=%(refname)%00%(upstream:short)%00%(objectname)%00%(upstream:track)%00%(upstream:remotename)%00%(upstream:remoteref) refs/heads/main refs/remotes/main [1ms]
2023-02-03 20:02:53.546 [info] > git status -z -uall [7ms]
2023-02-03 20:02:53.547 [info] > git for-each-ref --sort -committerdate --format %(refname) %(objectname) %(*objectname) [1ms]
2023-02-03 20:03:53.005 [info] > git check-ignore -v -z --stdin [1ms]
2023-02-03 20:03:53.110 [info] > git show --textconv :Procfile [12ms]
2023-02-03 20:03:53.111 [info] > git ls-files --stage -- /workspace/ci-django-blog/Procfile [1ms]
2023-02-03 20:03:53.521 [info] > git config --get commit.template [13ms]
2023-02-03 20:03:53.522 [info] > git for-each-ref --format=%(refname)%00%(upstream:short)%00%(objectname)%00%(upstream:track)%00%(upstream:remotename)%00%(upstream:remoteref) refs/heads/main refs/remotes/main [1ms]
2023-02-03 20:03:53.546 [info] > git status -z -uall [12ms]
2023-02-03 20:03:53.547 [info] > git for-each-ref --sort -committerdate --format %(refname) %(objectname) %(*objectname) [2ms]
2023-02-03 20:05:49.157 [info] > git config --get commit.template [13ms]
2023-02-03 20:05:49.158 [info] > git for-each-ref --format=%(refname)%00%(upstream:short)%00%(objectname)%00%(upstream:track)%00%(upstream:remotename)%00%(upstream:remoteref) refs/heads/main refs/remotes/main [2ms]
2023-02-03 20:05:49.182 [info] > git status -z -uall [12ms]
2023-02-03 20:05:49.183 [info] > git for-each-ref --sort -committerdate --format %(refname) %(objectname) %(*objectname) [1ms]
2023-02-03 20:07:07.700 [info] > git config --get commit.template [8ms]
2023-02-03 20:07:07.700 [info] > git for-each-ref --format=%(refname)%00%(upstream:short)%00%(objectname)%00%(upstream:track)%00%(upstream:remotename)%00%(upstream:remoteref) refs/heads/main refs/remotes/main [1ms]
2023-02-03 20:07:07.715 [info] > git status -z -uall [8ms]
2023-02-03 20:07:07.716 [info] > git for-each-ref --sort -committerdate --format %(refname) %(objectname) %(*objectname) [2ms]
2023-02-03 20:07:07.852 [info] > git ls-files --stage -- /workspace/ci-django-blog/static [7ms]
2023-02-03 20:07:07.859 [info] > git ls-files --stage -- /workspace/ci-django-blog/env.py [20ms]
2023-02-03 20:07:07.860 [info] > git ls-files --stage -- /workspace/ci-django-blog/.gitignore [26ms]
2023-02-03 20:07:07.866 [info] > git ls-files --stage -- /workspace/ci-django-blog/django_blog/settings.py [38ms]
2023-02-03 20:07:07.873 [info] > git cat-file -s c7bfd08cc5d7c76df17250d4b7f4c2310806ad33 [7ms]
2023-02-03 20:07:07.873 [info] > git cat-file -s e69de29bb2d1d6434b8b29ae775ad8c2e48c5391 [14ms]
2023-02-03 20:07:07.873 [info] > git ls-files --stage -- /workspace/ci-django-blog/Procfile [22ms]
2023-02-03 20:07:07.883 [info] > git cat-file -s c85a85a66c85007e101e0568d11a31b28f1e2992 [12ms]
2023-02-03 20:07:07.884 [info] > git cat-file -s 5cd2ee7f84cbcdc09cf61108fc403145cb22d1cc [2ms]
2023-02-03 20:07:08.112 [info] > git show --textconv :env.py [27ms]
2023-02-03 20:07:08.112 [info] > git show --textconv :.gitignore [13ms]
2023-02-03 20:07:08.113 [info] > git show --textconv :static [2ms]
2023-02-03 20:07:08.127 [info] > git show --textconv :django_blog/settings.py [2ms]
2023-02-03 20:07:08.137 [info] > git show --textconv :Procfile [2ms]
2023-02-03 20:07:24.042 [info] > git config --local branch.main.github-pr-owner-number [1ms]
2023-02-03 20:07:24.061 [info] > git config --get commit.template [7ms]
2023-02-03 20:07:24.062 [info] > git for-each-ref --format=%(refname)%00%(upstream:short)%00%(objectname)%00%(upstream:track)%00%(upstream:remotename)%00%(upstream:remoteref) refs/heads/main refs/remotes/main [1ms]
2023-02-03 20:07:24.076 [info] > git status -z -uall [8ms]
2023-02-03 20:07:24.076 [info] > git for-each-ref --sort -committerdate --format %(refname) %(objectname) %(*objectname) [2ms]
2023-02-03 20:08:19.082 [info] > git config --get commit.template [9ms]
2023-02-03 20:08:19.083 [info] > git for-each-ref --format=%(refname)%00%(upstream:short)%00%(objectname)%00%(upstream:track)%00%(upstream:remotename)%00%(upstream:remoteref) refs/heads/main refs/remotes/main [1ms]
2023-02-03 20:08:19.104 [info] > git status -z -uall [11ms]
2023-02-03 20:08:19.105 [info] > git for-each-ref --sort -committerdate --format %(refname) %(objectname) %(*objectname) [1ms]
2023-02-03 20:08:19.268 [info] > git config --local branch.main.github-pr-owner-number [2ms]
2023-02-03 20:08:19.295 [info] > git config --get commit.template [12ms]
2023-02-03 20:08:19.297 [info] > git for-each-ref --format=%(refname)%00%(upstream:short)%00%(objectname)%00%(upstream:track)%00%(upstream:remotename)%00%(upstream:remoteref) refs/heads/main refs/remotes/main [3ms]
2023-02-03 20:08:19.312 [info] > git status -z -uall [8ms]
2023-02-03 20:08:19.363 [info] > git for-each-ref --sort -committerdate --format %(refname) %(objectname) %(*objectname) [52ms]
2023-02-03 20:08:19.377 [info] > git ls-files --stage -- /workspace/ci-django-blog/Procfile [15ms]
2023-02-03 20:08:19.392 [info] > git ls-files --stage -- /workspace/ci-django-blog/static [42ms]
2023-02-03 20:08:19.405 [info] > git ls-files --stage -- /workspace/ci-django-blog/env.py [65ms]
2023-02-03 20:08:19.406 [info] > git ls-files --stage -- /workspace/ci-django-blog/.gitignore [77ms]
2023-02-03 20:08:19.419 [info] > git ls-files --stage -- /workspace/ci-django-blog/django_blog/settings.py [100ms]
2023-02-03 20:08:19.431 [info] > git cat-file -s c7bfd08cc5d7c76df17250d4b7f4c2310806ad33 [13ms]
2023-02-03 20:08:19.431 [info] > git cat-file -s e69de29bb2d1d6434b8b29ae775ad8c2e48c5391 [26ms]
2023-02-03 20:08:19.432 [info] > git cat-file -s 5cd2ee7f84cbcdc09cf61108fc403145cb22d1cc [41ms]
2023-02-03 20:08:19.433 [info] > git cat-file -s c85a85a66c85007e101e0568d11a31b28f1e2992 [3ms]
2023-02-03 20:08:19.551 [info] > git show --textconv :env.py [1ms]
2023-02-03 20:08:19.609 [info] > git show --textconv :.gitignore [19ms]
2023-02-03 20:08:19.609 [info] > git show --textconv :static [11ms]
2023-02-03 20:08:19.623 [info] > git show --textconv :Procfile [15ms]
2023-02-03 20:08:19.624 [info] > git show --textconv :django_blog/settings.py [1ms]
2023-02-03 20:08:25.101 [info] > git config --get commit.template [7ms]
2023-02-03 20:08:25.101 [info] > git for-each-ref --format=%(refname)%00%(upstream:short)%00%(objectname)%00%(upstream:track)%00%(upstream:remotename)%00%(upstream:remoteref) refs/heads/main refs/remotes/main [1ms]
2023-02-03 20:08:25.114 [info] > git status -z -uall [7ms]
2023-02-03 20:08:25.115 [info] > git for-each-ref --sort -committerdate --format %(refname) %(objectname) %(*objectname) [1ms]
2023-02-03 20:08:25.207 [info] > git config --local branch.main.github-pr-owner-number [31ms]
2023-02-03 20:08:25.217 [info] > git config --get commit.template [1ms]
2023-02-03 20:08:25.226 [info] > git for-each-ref --format=%(refname)%00%(upstream:short)%00%(objectname)%00%(upstream:track)%00%(upstream:remotename)%00%(upstream:remoteref) refs/heads/main refs/remotes/main [3ms]
2023-02-03 20:08:25.245 [info] > git status -z -uall [12ms]
2023-02-03 20:08:25.245 [info] > git for-each-ref --sort -committerdate --format %(refname) %(objectname) %(*objectname) [6ms]
2023-02-03 20:08:25.290 [info] > git ls-files --stage -- /workspace/ci-django-blog/static [7ms]
2023-02-03 20:08:25.296 [info] > git ls-files --stage -- /workspace/ci-django-blog/env.py [19ms]
2023-02-03 20:08:25.297 [info] > git ls-files --stage -- /workspace/ci-django-blog/.gitignore [26ms]
2023-02-03 20:08:25.302 [info] > git ls-files --stage -- /workspace/ci-django-blog/django_blog/settings.py [38ms]
2023-02-03 20:08:25.312 [info] > git cat-file -s c7bfd08cc5d7c76df17250d4b7f4c2310806ad33 [10ms]
2023-02-03 20:08:25.313 [info] > git cat-file -s e69de29bb2d1d6434b8b29ae775ad8c2e48c5391 [17ms]
2023-02-03 20:08:25.313 [info] > git ls-files --stage -- /workspace/ci-django-blog/Procfile [24ms]
2023-02-03 20:08:25.326 [info] > git cat-file -s c85a85a66c85007e101e0568d11a31b28f1e2992 [15ms]
2023-02-03 20:08:25.328 [info] > git cat-file -s 5cd2ee7f84cbcdc09cf61108fc403145cb22d1cc [4ms]
2023-02-03 20:08:25.402 [info] > git show --textconv :env.py [19ms]
2023-02-03 20:08:25.402 [info] > git show --textconv :.gitignore [8ms]
2023-02-03 20:08:25.403 [info] > git show --textconv :static [1ms]
2023-02-03 20:08:25.421 [info] > git show --textconv :django_blog/settings.py [9ms]
2023-02-03 20:08:25.421 [info] > git show --textconv :Procfile [1ms]
2023-02-03 20:12:24.090 [info] > git config --local branch.main.github-pr-owner-number [1ms]
2023-02-03 20:12:24.104 [info] > git config --get commit.template [7ms]
2023-02-03 20:12:24.104 [info] > git for-each-ref --format=%(refname)%00%(upstream:short)%00%(objectname)%00%(upstream:track)%00%(upstream:remotename)%00%(upstream:remoteref) refs/heads/main refs/remotes/main [1ms]
2023-02-03 20:12:24.117 [info] > git status -z -uall [7ms]
2023-02-03 20:12:24.118 [info] > git for-each-ref --sort -committerdate --format %(refname) %(objectname) %(*objectname) [1ms]
2023-02-03 20:16:15.927 [info] > git config --get commit.template [11ms]
2023-02-03 20:16:15.928 [info] > git for-each-ref --format=%(refname)%00%(upstream:short)%00%(objectname)%00%(upstream:track)%00%(upstream:remotename)%00%(upstream:remoteref) refs/heads/main refs/remotes/main [1ms]
2023-02-03 20:16:15.945 [info] > git status -z -uall [9ms]
2023-02-03 20:16:15.946 [info] > git for-each-ref --sort -committerdate --format %(refname) %(objectname) %(*objectname) [1ms]
2023-02-03 20:16:23.822 [info] > git config --get commit.template [8ms]
2023-02-03 20:16:23.823 [info] > git for-each-ref --format=%(refname)%00%(upstream:short)%00%(objectname)%00%(upstream:track)%00%(upstream:remotename)%00%(upstream:remoteref) refs/heads/main refs/remotes/main [1ms]
2023-02-03 20:16:23.840 [info] > git status -z -uall [9ms]
2023-02-03 20:16:23.840 [info] > git for-each-ref --sort -committerdate --format %(refname) %(objectname) %(*objectname) [1ms]
2023-02-03 20:16:24.411 [info] > git ls-files --stage -- /workspace/ci-django-blog/static [13ms]
2023-02-03 20:16:24.419 [info] > git ls-files --stage -- /workspace/ci-django-blog/env.py [32ms]
2023-02-03 20:16:24.420 [info] > git ls-files --stage -- /workspace/ci-django-blog/.gitignore [43ms]
2023-02-03 20:16:24.427 [info] > git ls-files --stage -- /workspace/ci-django-blog/django_blog/settings.py [63ms]
2023-02-03 20:16:24.438 [info] > git cat-file -s c7bfd08cc5d7c76df17250d4b7f4c2310806ad33 [11ms]
2023-02-03 20:16:24.438 [info] > git cat-file -s e69de29bb2d1d6434b8b29ae775ad8c2e48c5391 [20ms]
2023-02-03 20:16:24.439 [info] > git ls-files --stage -- /workspace/ci-django-blog/Procfile [29ms]
2023-02-03 20:16:24.452 [info] > git cat-file -s c85a85a66c85007e101e0568d11a31b28f1e2992 [15ms]
2023-02-03 20:16:24.453 [info] > git cat-file -s 3fb211ad614155ac81f62c0094aff33771f4f1f3 [2ms]
2023-02-03 20:16:24.545 [info] > git show --textconv :env.py [1ms]
2023-02-03 20:16:24.576 [info] > git show --textconv :.gitignore [15ms]
2023-02-03 20:16:24.577 [info] > git show --textconv :static [1ms]
2023-02-03 20:16:24.604 [info] > git show --textconv :django_blog/settings.py [13ms]
2023-02-03 20:16:24.605 [info] > git show --textconv :Procfile [2ms]
2023-02-03 20:16:47.690 [info] > git config --get commit.template [8ms]
2023-02-03 20:16:47.691 [info] > git for-each-ref --format=%(refname)%00%(upstream:short)%00%(objectname)%00%(upstream:track)%00%(upstream:remotename)%00%(upstream:remoteref) refs/heads/main refs/remotes/main [2ms]
2023-02-03 20:16:47.720 [info] > git status -z -uall [15ms]
2023-02-03 20:16:47.721 [info] > git for-each-ref --sort -committerdate --format %(refname) %(objectname) %(*objectname) [1ms]
2023-02-03 20:16:47.874 [info] > git config --local branch.main.github-pr-owner-number [1ms]
2023-02-03 20:16:47.890 [info] > git config --get commit.template [9ms]
2023-02-03 20:16:47.891 [info] > git for-each-ref --format=%(refname)%00%(upstream:short)%00%(objectname)%00%(upstream:track)%00%(upstream:remotename)%00%(upstream:remoteref) refs/heads/main refs/remotes/main [3ms]
2023-02-03 20:16:47.907 [info] > git status -z -uall [8ms]
2023-02-03 20:16:47.908 [info] > git for-each-ref --sort -committerdate --format %(refname) %(objectname) %(*objectname) [1ms]
2023-02-03 20:16:48.028 [info] > git ls-files --stage -- /workspace/ci-django-blog/Procfile [60ms]
2023-02-03 20:16:48.039 [info] > git ls-files --stage -- /workspace/ci-django-blog/static [77ms]
2023-02-03 20:16:48.045 [info] > git ls-files --stage -- /workspace/ci-django-blog/env.py [89ms]
2023-02-03 20:16:48.046 [info] > git ls-files --stage -- /workspace/ci-django-blog/.gitignore [96ms]
2023-02-03 20:16:48.052 [info] > git ls-files --stage -- /workspace/ci-django-blog/django_blog/settings.py [109ms]
2023-02-03 20:16:48.060 [info] > git cat-file -s c7bfd08cc5d7c76df17250d4b7f4c2310806ad33 [8ms]
2023-02-03 20:16:48.061 [info] > git cat-file -s e69de29bb2d1d6434b8b29ae775ad8c2e48c5391 [16ms]
2023-02-03 20:16:48.061 [info] > git cat-file -s 3fb211ad614155ac81f62c0094aff33771f4f1f3 [22ms]
2023-02-03 20:16:48.063 [info] > git cat-file -s c85a85a66c85007e101e0568d11a31b28f1e2992 [4ms]
2023-02-03 20:16:48.323 [info] > git show --textconv :env.py [19ms]
2023-02-03 20:16:48.324 [info] > git show --textconv :.gitignore [13ms]
2023-02-03 20:16:48.324 [info] > git show --textconv :static [7ms]
2023-02-03 20:16:48.324 [info] > git show --textconv :Procfile [1ms]
2023-02-03 20:16:48.332 [info] > git show --textconv :django_blog/settings.py [1ms]
2023-02-03 20:16:53.251 [info] > git config --get commit.template [13ms]
2023-02-03 20:16:53.252 [info] > git for-each-ref --format=%(refname)%00%(upstream:short)%00%(objectname)%00%(upstream:track)%00%(upstream:remotename)%00%(upstream:remoteref) refs/heads/main refs/remotes/main [1ms]
2023-02-03 20:16:53.277 [info] > git status -z -uall [13ms]
2023-02-03 20:16:53.278 [info] > git for-each-ref --sort -committerdate --format %(refname) %(objectname) %(*objectname) [1ms]
2023-02-03 20:16:53.401 [info] > git config --local branch.main.github-pr-owner-number [32ms]
2023-02-03 20:16:53.416 [info] > git config --get commit.template [2ms]
2023-02-03 20:16:53.436 [info] > git for-each-ref --format=%(refname)%00%(upstream:short)%00%(objectname)%00%(upstream:track)%00%(upstream:remotename)%00%(upstream:remoteref) refs/heads/main refs/remotes/main [7ms]
2023-02-03 20:16:53.464 [info] > git status -z -uall [15ms]
2023-02-03 20:16:53.526 [info] > git for-each-ref --sort -committerdate --format %(refname) %(objectname) %(*objectname) [64ms]
2023-02-03 20:16:53.535 [info] > git ls-files --stage -- /workspace/ci-django-blog/Procfile [10ms]
2023-02-03 20:16:53.547 [info] > git ls-files --stage -- /workspace/ci-django-blog/static [35ms]
2023-02-03 20:16:53.559 [info] > git ls-files --stage -- /workspace/ci-django-blog/env.py [59ms]
2023-02-03 20:16:53.560 [info] > git ls-files --stage -- /workspace/ci-django-blog/.gitignore [72ms]
2023-02-03 20:16:53.572 [info] > git ls-files --stage -- /workspace/ci-django-blog/django_blog/settings.py [95ms]
2023-02-03 20:16:53.583 [info] > git cat-file -s c7bfd08cc5d7c76df17250d4b7f4c2310806ad33 [12ms]
2023-02-03 20:16:53.583 [info] > git cat-file -s e69de29bb2d1d6434b8b29ae775ad8c2e48c5391 [24ms]
2023-02-03 20:16:53.583 [info] > git cat-file -s 3fb211ad614155ac81f62c0094aff33771f4f1f3 [36ms]
2023-02-03 20:16:53.584 [info] > git cat-file -s c85a85a66c85007e101e0568d11a31b28f1e2992 [2ms]
2023-02-03 20:16:53.808 [info] > git show --textconv :env.py [27ms]
2023-02-03 20:16:53.808 [info] > git show --textconv :.gitignore [21ms]
2023-02-03 20:16:53.808 [info] > git show --textconv :static [15ms]
2023-02-03 20:16:53.808 [info] > git show --textconv :Procfile [9ms]
2023-02-03 20:16:53.808 [info] > git show --textconv :django_blog/settings.py [2ms]
2023-02-03 20:17:24.132 [info] > git config --local branch.main.github-pr-owner-number [1ms]
2023-02-03 20:17:24.146 [info] > git config --get commit.template [7ms]
2023-02-03 20:17:24.147 [info] > git for-each-ref --format=%(refname)%00%(upstream:short)%00%(objectname)%00%(upstream:track)%00%(upstream:remotename)%00%(upstream:remoteref) refs/heads/main refs/remotes/main [1ms]
2023-02-03 20:17:24.160 [info] > git status -z -uall [7ms]
2023-02-03 20:17:24.161 [info] > git for-each-ref --sort -committerdate --format %(refname) %(objectname) %(*objectname) [1ms]
2023-02-03 20:22:24.177 [info] > git config --local branch.main.github-pr-owner-number [1ms]
2023-02-03 20:22:24.194 [info] > git config --get commit.template [8ms]
2023-02-03 20:22:24.195 [info] > git for-each-ref --format=%(refname)%00%(upstream:short)%00%(objectname)%00%(upstream:track)%00%(upstream:remotename)%00%(upstream:remoteref) refs/heads/main refs/remotes/main [1ms]
2023-02-03 20:22:24.210 [info] > git status -z -uall [8ms]
2023-02-03 20:22:24.211 [info] > git for-each-ref --sort -committerdate --format %(refname) %(objectname) %(*objectname) [1ms]
2023-02-03 20:27:24.230 [info] > git config --local branch.main.github-pr-owner-number [1ms]
2023-02-03 20:27:24.257 [info] > git config --get commit.template [13ms]
2023-02-03 20:27:24.258 [info] > git for-each-ref --format=%(refname)%00%(upstream:short)%00%(objectname)%00%(upstream:track)%00%(upstream:remotename)%00%(upstream:remoteref) refs/heads/main refs/remotes/main [1ms]
2023-02-03 20:27:24.280 [info] > git status -z -uall [10ms]
2023-02-03 20:27:24.280 [info] > git for-each-ref --sort -committerdate --format %(refname) %(objectname) %(*objectname) [1ms]
2023-02-03 20:32:24.298 [info] > git config --local branch.main.github-pr-owner-number [1ms]
2023-02-03 20:32:24.325 [info] > git config --get commit.template [13ms]
2023-02-03 20:32:24.326 [info] > git for-each-ref --format=%(refname)%00%(upstream:short)%00%(objectname)%00%(upstream:track)%00%(upstream:remotename)%00%(upstream:remoteref) refs/heads/main refs/remotes/main [2ms]
2023-02-03 20:32:24.348 [info] > git status -z -uall [10ms]
2023-02-03 20:32:24.349 [info] > git for-each-ref --sort -committerdate --format %(refname) %(objectname) %(*objectname) [2ms]
2023-02-03 20:37:24.363 [info] > git config --local branch.main.github-pr-owner-number [1ms]
2023-02-03 20:37:24.376 [info] > git config --get commit.template [7ms]
2023-02-03 20:37:24.377 [info] > git for-each-ref --format=%(refname)%00%(upstream:short)%00%(objectname)%00%(upstream:track)%00%(upstream:remotename)%00%(upstream:remoteref) refs/heads/main refs/remotes/main [1ms]
2023-02-03 20:37:24.390 [info] > git status -z -uall [7ms]
2023-02-03 20:37:24.391 [info] > git for-each-ref --sort -committerdate --format %(refname) %(objectname) %(*objectname) [2ms]
2023-02-03 20:42:24.407 [info] > git config --local branch.main.github-pr-owner-number [1ms]
2023-02-03 20:42:24.423 [info] > git config --get commit.template [7ms]
2023-02-03 20:42:24.424 [info] > git for-each-ref --format=%(refname)%00%(upstream:short)%00%(objectname)%00%(upstream:track)%00%(upstream:remotename)%00%(upstream:remoteref) refs/heads/main refs/remotes/main [1ms]
2023-02-03 20:42:24.448 [info] > git status -z -uall [14ms]
2023-02-03 20:42:24.449 [info] > git for-each-ref --sort -committerdate --format %(refname) %(objectname) %(*objectname) [1ms]
2023-02-03 20:47:24.463 [info] > git config --local branch.main.github-pr-owner-number [1ms]
2023-02-03 20:47:24.482 [info] > git config --get commit.template [9ms]
2023-02-03 20:47:24.482 [info] > git for-each-ref --format=%(refname)%00%(upstream:short)%00%(objectname)%00%(upstream:track)%00%(upstream:remotename)%00%(upstream:remoteref) refs/heads/main refs/remotes/main [1ms]
2023-02-03 20:47:24.496 [info] > git status -z -uall [7ms]
2023-02-03 20:47:24.497 [info] > git for-each-ref --sort -committerdate --format %(refname) %(objectname) %(*objectname) [1ms]
2023-02-03 20:52:24.511 [info] > git config --local branch.main.github-pr-owner-number [1ms]
2023-02-03 20:52:24.526 [info] > git config --get commit.template [7ms]
2023-02-03 20:52:24.527 [info] > git for-each-ref --format=%(refname)%00%(upstream:short)%00%(objectname)%00%(upstream:track)%00%(upstream:remotename)%00%(upstream:remoteref) refs/heads/main refs/remotes/main [2ms]
2023-02-03 20:52:24.541 [info] > git status -z -uall [8ms]
2023-02-03 20:52:24.542 [info] > git for-each-ref --sort -committerdate --format %(refname) %(objectname) %(*objectname) [1ms]
2023-02-03 20:57:24.557 [info] > git config --local branch.main.github-pr-owner-number [1ms]
2023-02-03 20:57:24.575 [info] > git config --get commit.template [10ms]
2023-02-03 20:57:24.577 [info] > git for-each-ref --format=%(refname)%00%(upstream:short)%00%(objectname)%00%(upstream:track)%00%(upstream:remotename)%00%(upstream:remoteref) refs/heads/main refs/remotes/main [1ms]
2023-02-03 20:57:24.600 [info] > git status -z -uall [11ms]
2023-02-03 20:57:24.601 [info] > git for-each-ref --sort -committerdate --format %(refname) %(objectname) %(*objectname) [2ms]
