2023-02-04 13:53:28.887 [info] Log level: Info
2023-02-04 13:53:28.887 [info] Validating found git in: "git"
2023-02-04 13:53:28.887 [info] Using git "2.37.3" from "git"
2023-02-04 13:53:28.887 [info] > git rev-parse --show-toplevel [8ms]
2023-02-04 13:53:28.887 [info] > git rev-parse --git-dir --git-common-dir [4ms]
2023-02-04 13:53:28.887 [info] Open repository: /workspace/ci-django-blog
2023-02-04 13:53:28.887 [info] > git config --get commit.template [3ms]
2023-02-04 13:53:28.887 [info] > git rev-parse --show-toplevel [25ms]
2023-02-04 13:53:28.887 [info] > git rev-parse --show-toplevel [38ms]
2023-02-04 13:53:28.887 [info] > git rev-parse --show-toplevel [5ms]
2023-02-04 13:53:28.887 [info] > git for-each-ref --format=%(refname)%00%(upstream:short)%00%(objectname)%00%(upstream:track)%00%(upstream:remotename)%00%(upstream:remoteref) refs/heads/main refs/remotes/main [57ms]
2023-02-04 13:53:28.887 [info] > git status -z -uall [183ms]
2023-02-04 13:53:28.887 [info] > git rev-parse --show-toplevel [204ms]
2023-02-04 13:53:28.887 [info] > git rev-parse --show-toplevel [51ms]
2023-02-04 13:53:28.887 [info] > git for-each-ref --sort -committerdate --format %(refname) %(objectname) %(*objectname) [297ms]
2023-02-04 13:53:28.887 [info] > git rev-parse --show-toplevel [29ms]
2023-02-04 13:53:28.888 [info] > git rev-parse --show-toplevel [10ms]
2023-02-04 13:53:28.888 [info] > git config --get commit.template [42ms]
2023-02-04 13:53:28.888 [info] > git rev-parse --show-toplevel [7ms]
2023-02-04 13:53:28.888 [info] > git for-each-ref --format=%(refname)%00%(upstream:short)%00%(objectname)%00%(upstream:track)%00%(upstream:remotename)%00%(upstream:remoteref) refs/heads/main refs/remotes/main [3ms]
2023-02-04 13:53:28.888 [info] > git rev-parse --show-toplevel [56ms]
2023-02-04 13:53:28.888 [info] > git status -z -uall [21ms]
2023-02-04 13:53:28.888 [info] > git for-each-ref --sort -committerdate --format %(refname) %(objectname) %(*objectname) [7ms]
2023-02-04 13:53:28.888 [info] > git check-ignore -v -z --stdin [3ms]
2023-02-04 13:53:28.888 [info] > git show --textconv :blog/admin.py [90ms]
2023-02-04 13:53:28.888 [info] > git ls-files --stage -- /workspace/ci-django-blog/blog/admin.py [69ms]
2023-02-04 13:53:28.888 [info] > git cat-file -s dfcf9325dfbc24a82bd29aafa00c9b5959028dcd [3ms]
2023-02-04 13:53:31.366 [info] > git config --local branch.main.github-pr-owner-number [57ms]
2023-02-04 13:53:31.429 [info] > git config --get commit.template [3ms]
2023-02-04 13:53:31.466 [info] > git for-each-ref --format=%(refname)%00%(upstream:short)%00%(objectname)%00%(upstream:track)%00%(upstream:remotename)%00%(upstream:remoteref) refs/heads/main refs/remotes/main [12ms]
2023-02-04 13:53:31.511 [info] > git status -z -uall [25ms]
2023-02-04 13:53:31.513 [info] > git for-each-ref --sort -committerdate --format %(refname) %(objectname) %(*objectname) [3ms]
2023-02-04 13:55:53.763 [info] > git show --textconv :blog/models.py [8ms]
2023-02-04 13:55:53.764 [info] > git ls-files --stage -- /workspace/ci-django-blog/blog/models.py [2ms]
2023-02-04 13:55:53.771 [info] > git cat-file -s 0a9b7849f627dbb3dc3d232330b600402256d327 [1ms]
2023-02-04 13:58:30.875 [info] > git config --local branch.main.github-pr-owner-number [1ms]
2023-02-04 13:58:30.896 [info] > git config --get commit.template [12ms]
2023-02-04 13:58:30.897 [info] > git for-each-ref --format=%(refname)%00%(upstream:short)%00%(objectname)%00%(upstream:track)%00%(upstream:remotename)%00%(upstream:remoteref) refs/heads/main refs/remotes/main [2ms]
2023-02-04 13:58:30.918 [info] > git status -z -uall [12ms]
2023-02-04 13:58:30.919 [info] > git for-each-ref --sort -committerdate --format %(refname) %(objectname) %(*objectname) [2ms]
2023-02-04 14:03:30.935 [info] > git config --local branch.main.github-pr-owner-number [2ms]
2023-02-04 14:03:30.962 [info] > git config --get commit.template [13ms]
2023-02-04 14:03:30.963 [info] > git for-each-ref --format=%(refname)%00%(upstream:short)%00%(objectname)%00%(upstream:track)%00%(upstream:remotename)%00%(upstream:remoteref) refs/heads/main refs/remotes/main [1ms]
2023-02-04 14:03:30.979 [info] > git status -z -uall [7ms]
2023-02-04 14:03:30.980 [info] > git for-each-ref --sort -committerdate --format %(refname) %(objectname) %(*objectname) [2ms]
2023-02-04 14:08:30.998 [info] > git config --local branch.main.github-pr-owner-number [1ms]
2023-02-04 14:08:31.020 [info] > git config --get commit.template [11ms]
2023-02-04 14:08:31.020 [info] > git for-each-ref --format=%(refname)%00%(upstream:short)%00%(objectname)%00%(upstream:track)%00%(upstream:remotename)%00%(upstream:remoteref) refs/heads/main refs/remotes/main [1ms]
2023-02-04 14:08:31.037 [info] > git status -z -uall [9ms]
2023-02-04 14:08:31.038 [info] > git for-each-ref --sort -committerdate --format %(refname) %(objectname) %(*objectname) [2ms]
2023-02-04 14:09:03.993 [info] > git config --get commit.template [7ms]
2023-02-04 14:09:03.993 [info] > git for-each-ref --format=%(refname)%00%(upstream:short)%00%(objectname)%00%(upstream:track)%00%(upstream:remotename)%00%(upstream:remoteref) refs/heads/main refs/remotes/main [1ms]
2023-02-04 14:09:04.009 [info] > git status -z -uall [9ms]
2023-02-04 14:09:04.010 [info] > git for-each-ref --sort -committerdate --format %(refname) %(objectname) %(*objectname) [2ms]
2023-02-04 14:09:46.967 [info] > git config --get commit.template [9ms]
2023-02-04 14:09:46.968 [info] > git for-each-ref --format=%(refname)%00%(upstream:short)%00%(objectname)%00%(upstream:track)%00%(upstream:remotename)%00%(upstream:remoteref) refs/heads/main refs/remotes/main [2ms]
2023-02-04 14:09:46.982 [info] > git status -z -uall [8ms]
2023-02-04 14:09:46.983 [info] > git for-each-ref --sort -committerdate --format %(refname) %(objectname) %(*objectname) [2ms]
2023-02-04 14:10:05.884 [info] > git config --get commit.template [9ms]
2023-02-04 14:10:05.885 [info] > git for-each-ref --format=%(refname)%00%(upstream:short)%00%(objectname)%00%(upstream:track)%00%(upstream:remotename)%00%(upstream:remoteref) refs/heads/main refs/remotes/main [2ms]
2023-02-04 14:10:05.899 [info] > git status -z -uall [8ms]
2023-02-04 14:10:05.900 [info] > git for-each-ref --sort -committerdate --format %(refname) %(objectname) %(*objectname) [2ms]
2023-02-04 14:10:10.931 [info] > git config --get commit.template [15ms]
2023-02-04 14:10:10.932 [info] > git for-each-ref --format=%(refname)%00%(upstream:short)%00%(objectname)%00%(upstream:track)%00%(upstream:remotename)%00%(upstream:remoteref) refs/heads/main refs/remotes/main [1ms]
2023-02-04 14:10:10.955 [info] > git status -z -uall [11ms]
2023-02-04 14:10:10.956 [info] > git for-each-ref --sort -committerdate --format %(refname) %(objectname) %(*objectname) [2ms]
2023-02-04 14:11:13.140 [info] > git config --get commit.template [13ms]
2023-02-04 14:11:13.141 [info] > git for-each-ref --format=%(refname)%00%(upstream:short)%00%(objectname)%00%(upstream:track)%00%(upstream:remotename)%00%(upstream:remoteref) refs/heads/main refs/remotes/main [2ms]
2023-02-04 14:11:13.169 [info] > git status -z -uall [16ms]
2023-02-04 14:11:13.170 [info] > git for-each-ref --sort -committerdate --format %(refname) %(objectname) %(*objectname) [2ms]
2023-02-04 14:13:07.608 [info] > git config --get commit.template [10ms]
2023-02-04 14:13:07.609 [info] > git for-each-ref --format=%(refname)%00%(upstream:short)%00%(objectname)%00%(upstream:track)%00%(upstream:remotename)%00%(upstream:remoteref) refs/heads/main refs/remotes/main [1ms]
2023-02-04 14:13:07.626 [info] > git status -z -uall [9ms]
2023-02-04 14:13:07.627 [info] > git for-each-ref --sort -committerdate --format %(refname) %(objectname) %(*objectname) [1ms]
2023-02-04 14:13:12.664 [info] > git config --get commit.template [19ms]
2023-02-04 14:13:12.667 [info] > git for-each-ref --format=%(refname)%00%(upstream:short)%00%(objectname)%00%(upstream:track)%00%(upstream:remotename)%00%(upstream:remoteref) refs/heads/main refs/remotes/main [4ms]
2023-02-04 14:13:12.702 [info] > git status -z -uall [16ms]
2023-02-04 14:13:12.703 [info] > git for-each-ref --sort -committerdate --format %(refname) %(objectname) %(*objectname) [2ms]
2023-02-04 14:13:31.058 [info] > git config --local branch.main.github-pr-owner-number [4ms]
2023-02-04 14:13:31.101 [info] > git config --get commit.template [14ms]
2023-02-04 14:13:31.101 [info] > git for-each-ref --format=%(refname)%00%(upstream:short)%00%(objectname)%00%(upstream:track)%00%(upstream:remotename)%00%(upstream:remoteref) refs/heads/main refs/remotes/main [1ms]
2023-02-04 14:13:31.126 [info] > git status -z -uall [12ms]
2023-02-04 14:13:31.127 [info] > git for-each-ref --sort -committerdate --format %(refname) %(objectname) %(*objectname) [2ms]
2023-02-04 14:14:03.644 [info] > git config --get commit.template [15ms]
2023-02-04 14:14:03.645 [info] > git for-each-ref --format=%(refname)%00%(upstream:short)%00%(objectname)%00%(upstream:track)%00%(upstream:remotename)%00%(upstream:remoteref) refs/heads/main refs/remotes/main [1ms]
2023-02-04 14:14:03.687 [info] > git status -z -uall [25ms]
2023-02-04 14:14:03.688 [info] > git for-each-ref --sort -committerdate --format %(refname) %(objectname) %(*objectname) [2ms]
2023-02-04 14:14:14.858 [info] > git config --get commit.template [20ms]
2023-02-04 14:14:14.859 [info] > git for-each-ref --format=%(refname)%00%(upstream:short)%00%(objectname)%00%(upstream:track)%00%(upstream:remotename)%00%(upstream:remoteref) refs/heads/main refs/remotes/main [2ms]
2023-02-04 14:14:14.901 [info] > git status -z -uall [18ms]
2023-02-04 14:14:14.902 [info] > git for-each-ref --sort -committerdate --format %(refname) %(objectname) %(*objectname) [2ms]
2023-02-04 14:14:50.846 [info] > git config --get commit.template [14ms]
2023-02-04 14:14:50.847 [info] > git for-each-ref --format=%(refname)%00%(upstream:short)%00%(objectname)%00%(upstream:track)%00%(upstream:remotename)%00%(upstream:remoteref) refs/heads/main refs/remotes/main [2ms]
2023-02-04 14:14:50.886 [info] > git status -z -uall [23ms]
2023-02-04 14:14:50.887 [info] > git for-each-ref --sort -committerdate --format %(refname) %(objectname) %(*objectname) [2ms]
2023-02-04 14:14:56.325 [info] > git config --get commit.template [13ms]
2023-02-04 14:14:56.326 [info] > git for-each-ref --format=%(refname)%00%(upstream:short)%00%(objectname)%00%(upstream:track)%00%(upstream:remotename)%00%(upstream:remoteref) refs/heads/main refs/remotes/main [1ms]
2023-02-04 14:14:56.351 [info] > git status -z -uall [11ms]
2023-02-04 14:14:56.351 [info] > git for-each-ref --sort -committerdate --format %(refname) %(objectname) %(*objectname) [1ms]
2023-02-04 14:15:35.172 [info] > git config --get commit.template [14ms]
2023-02-04 14:15:35.173 [info] > git for-each-ref --format=%(refname)%00%(upstream:short)%00%(objectname)%00%(upstream:track)%00%(upstream:remotename)%00%(upstream:remoteref) refs/heads/main refs/remotes/main [1ms]
2023-02-04 14:15:35.203 [info] > git status -z -uall [15ms]
2023-02-04 14:15:35.204 [info] > git for-each-ref --sort -committerdate --format %(refname) %(objectname) %(*objectname) [1ms]
2023-02-04 14:15:48.425 [info] > git config --get commit.template [11ms]
2023-02-04 14:15:48.425 [info] > git for-each-ref --format=%(refname)%00%(upstream:short)%00%(objectname)%00%(upstream:track)%00%(upstream:remotename)%00%(upstream:remoteref) refs/heads/main refs/remotes/main [1ms]
2023-02-04 14:15:48.441 [info] > git status -z -uall [8ms]
2023-02-04 14:15:48.442 [info] > git for-each-ref --sort -committerdate --format %(refname) %(objectname) %(*objectname) [1ms]
2023-02-04 14:16:01.121 [info] > git config --get commit.template [7ms]
2023-02-04 14:16:01.122 [info] > git for-each-ref --format=%(refname)%00%(upstream:short)%00%(objectname)%00%(upstream:track)%00%(upstream:remotename)%00%(upstream:remoteref) refs/heads/main refs/remotes/main [1ms]
2023-02-04 14:16:01.143 [info] > git status -z -uall [12ms]
2023-02-04 14:16:01.144 [info] > git for-each-ref --sort -committerdate --format %(refname) %(objectname) %(*objectname) [1ms]
2023-02-04 14:17:41.626 [info] > git config --get commit.template [9ms]
2023-02-04 14:17:41.626 [info] > git for-each-ref --format=%(refname)%00%(upstream:short)%00%(objectname)%00%(upstream:track)%00%(upstream:remotename)%00%(upstream:remoteref) refs/heads/main refs/remotes/main [1ms]
2023-02-04 14:17:41.639 [info] > git status -z -uall [6ms]
2023-02-04 14:17:41.640 [info] > git for-each-ref --sort -committerdate --format %(refname) %(objectname) %(*objectname) [1ms]
2023-02-04 14:18:31.145 [info] > git config --local branch.main.github-pr-owner-number [1ms]
2023-02-04 14:18:31.171 [info] > git config --get commit.template [13ms]
2023-02-04 14:18:31.172 [info] > git for-each-ref --format=%(refname)%00%(upstream:short)%00%(objectname)%00%(upstream:track)%00%(upstream:remotename)%00%(upstream:remoteref) refs/heads/main refs/remotes/main [2ms]
2023-02-04 14:18:31.199 [info] > git status -z -uall [14ms]
2023-02-04 14:18:31.201 [info] > git for-each-ref --sort -committerdate --format %(refname) %(objectname) %(*objectname) [2ms]
2023-02-04 14:23:31.221 [info] > git config --local branch.main.github-pr-owner-number [2ms]
2023-02-04 14:23:31.233 [info] > git config --get commit.template [2ms]
2023-02-04 14:23:31.244 [info] > git for-each-ref --format=%(refname)%00%(upstream:short)%00%(objectname)%00%(upstream:track)%00%(upstream:remotename)%00%(upstream:remoteref) refs/heads/main refs/remotes/main [2ms]
2023-02-04 14:23:31.262 [info] > git status -z -uall [10ms]
2023-02-04 14:23:31.263 [info] > git for-each-ref --sort -committerdate --format %(refname) %(objectname) %(*objectname) [2ms]
2023-02-04 14:28:31.279 [info] > git config --local branch.main.github-pr-owner-number [1ms]
2023-02-04 14:28:31.288 [info] > git config --get commit.template [0ms]
2023-02-04 14:28:31.297 [info] > git for-each-ref --format=%(refname)%00%(upstream:short)%00%(objectname)%00%(upstream:track)%00%(upstream:remotename)%00%(upstream:remoteref) refs/heads/main refs/remotes/main [1ms]
2023-02-04 14:28:31.327 [info] > git status -z -uall [17ms]
2023-02-04 14:28:31.328 [info] > git for-each-ref --sort -committerdate --format %(refname) %(objectname) %(*objectname) [2ms]
2023-02-04 14:33:12.908 [info] > git show --textconv :blog/views.py [14ms]
2023-02-04 14:33:12.909 [info] > git ls-files --stage -- /workspace/ci-django-blog/blog/views.py [2ms]
2023-02-04 14:33:12.924 [info] > git cat-file -s 91ea44a218fbd2f408430959283f0419c921093e [2ms]
2023-02-04 14:33:31.344 [info] > git config --local branch.main.github-pr-owner-number [1ms]
2023-02-04 14:33:31.366 [info] > git config --get commit.template [9ms]
2023-02-04 14:33:31.367 [info] > git for-each-ref --format=%(refname)%00%(upstream:short)%00%(objectname)%00%(upstream:track)%00%(upstream:remotename)%00%(upstream:remoteref) refs/heads/main refs/remotes/main [1ms]
2023-02-04 14:33:31.386 [info] > git status -z -uall [11ms]
2023-02-04 14:33:31.387 [info] > git for-each-ref --sort -committerdate --format %(refname) %(objectname) %(*objectname) [3ms]
2023-02-04 14:38:31.404 [info] > git config --local branch.main.github-pr-owner-number [1ms]
2023-02-04 14:38:31.430 [info] > git config --get commit.template [13ms]
2023-02-04 14:38:31.430 [info] > git for-each-ref --format=%(refname)%00%(upstream:short)%00%(objectname)%00%(upstream:track)%00%(upstream:remotename)%00%(upstream:remoteref) refs/heads/main refs/remotes/main [1ms]
2023-02-04 14:38:31.455 [info] > git status -z -uall [13ms]
2023-02-04 14:38:31.456 [info] > git for-each-ref --sort -committerdate --format %(refname) %(objectname) %(*objectname) [1ms]
2023-02-04 14:42:03.561 [info] > git config --get commit.template [24ms]
2023-02-04 14:42:03.562 [info] > git for-each-ref --format=%(refname)%00%(upstream:short)%00%(objectname)%00%(upstream:track)%00%(upstream:remotename)%00%(upstream:remoteref) refs/heads/main refs/remotes/main [2ms]
2023-02-04 14:42:03.595 [info] > git status -z -uall [18ms]
2023-02-04 14:42:03.596 [info] > git for-each-ref --sort -committerdate --format %(refname) %(objectname) %(*objectname) [2ms]
2023-02-04 14:42:20.630 [info] > git check-ignore -v -z --stdin [2ms]
2023-02-04 14:42:21.045 [info] > git show --textconv :templates/base.html [27ms]
2023-02-04 14:42:21.045 [info] > git ls-files --stage -- /workspace/ci-django-blog/templates/base.html [14ms]
2023-02-04 14:42:21.047 [info] > git config --get commit.template [3ms]
2023-02-04 14:42:21.060 [info] > git for-each-ref --format=%(refname)%00%(upstream:short)%00%(objectname)%00%(upstream:track)%00%(upstream:remotename)%00%(upstream:remoteref) refs/heads/main refs/remotes/main [1ms]
2023-02-04 14:42:21.083 [info] > git status -z -uall [9ms]
2023-02-04 14:42:21.084 [info] > git for-each-ref --sort -committerdate --format %(refname) %(objectname) %(*objectname) [1ms]
2023-02-04 14:42:26.639 [info] > git config --get commit.template [11ms]
2023-02-04 14:42:26.639 [info] > git for-each-ref --format=%(refname)%00%(upstream:short)%00%(objectname)%00%(upstream:track)%00%(upstream:remotename)%00%(upstream:remoteref) refs/heads/main refs/remotes/main [1ms]
2023-02-04 14:42:26.657 [info] > git status -z -uall [9ms]
2023-02-04 14:42:26.657 [info] > git for-each-ref --sort -committerdate --format %(refname) %(objectname) %(*objectname) [2ms]
2023-02-04 14:43:31.473 [info] > git config --local branch.main.github-pr-owner-number [1ms]
2023-02-04 14:43:31.486 [info] > git config --get commit.template [2ms]
2023-02-04 14:43:31.497 [info] > git for-each-ref --format=%(refname)%00%(upstream:short)%00%(objectname)%00%(upstream:track)%00%(upstream:remotename)%00%(upstream:remoteref) refs/heads/main refs/remotes/main [1ms]
2023-02-04 14:43:31.526 [info] > git status -z -uall [15ms]
2023-02-04 14:43:31.527 [info] > git for-each-ref --sort -committerdate --format %(refname) %(objectname) %(*objectname) [2ms]
2023-02-04 14:44:22.773 [info] > git check-ignore -v -z --stdin [1ms]
2023-02-04 14:44:23.174 [info] > git config --get commit.template [11ms]
2023-02-04 14:44:23.174 [info] > git for-each-ref --format=%(refname)%00%(upstream:short)%00%(objectname)%00%(upstream:track)%00%(upstream:remotename)%00%(upstream:remoteref) refs/heads/main refs/remotes/main [1ms]
2023-02-04 14:44:23.190 [info] > git status -z -uall [8ms]
2023-02-04 14:44:23.191 [info] > git for-each-ref --sort -committerdate --format %(refname) %(objectname) %(*objectname) [2ms]
2023-02-04 14:44:33.195 [info] > git show --textconv :static/css/style.css [14ms]
2023-02-04 14:44:33.197 [info] > git ls-files --stage -- /workspace/ci-django-blog/static/css/style.css [3ms]
2023-02-04 14:44:33.275 [info] > git check-ignore -v -z --stdin [1ms]
2023-02-04 14:44:33.681 [info] > git config --get commit.template [16ms]
2023-02-04 14:44:33.682 [info] > git for-each-ref --format=%(refname)%00%(upstream:short)%00%(objectname)%00%(upstream:track)%00%(upstream:remotename)%00%(upstream:remoteref) refs/heads/main refs/remotes/main [2ms]
2023-02-04 14:44:33.708 [info] > git status -z -uall [14ms]
2023-02-04 14:44:33.709 [info] > git for-each-ref --sort -committerdate --format %(refname) %(objectname) %(*objectname) [2ms]
2023-02-04 14:45:21.408 [info] > git config --get commit.template [8ms]
2023-02-04 14:45:21.409 [info] > git for-each-ref --format=%(refname)%00%(upstream:short)%00%(objectname)%00%(upstream:track)%00%(upstream:remotename)%00%(upstream:remoteref) refs/heads/main refs/remotes/main [1ms]
2023-02-04 14:45:21.426 [info] > git status -z -uall [10ms]
2023-02-04 14:45:21.427 [info] > git for-each-ref --sort -committerdate --format %(refname) %(objectname) %(*objectname) [2ms]
2023-02-04 14:45:33.926 [info] > git config --get commit.template [2ms]
2023-02-04 14:45:33.942 [info] > git for-each-ref --format=%(refname)%00%(upstream:short)%00%(objectname)%00%(upstream:track)%00%(upstream:remotename)%00%(upstream:remoteref) refs/heads/main refs/remotes/main [2ms]
2023-02-04 14:45:33.972 [info] > git status -z -uall [15ms]
2023-02-04 14:45:33.973 [info] > git for-each-ref --sort -committerdate --format %(refname) %(objectname) %(*objectname) [2ms]
2023-02-04 14:46:53.477 [info] > git check-ignore -v -z --stdin [2ms]
2023-02-04 14:46:53.748 [info] > git show --textconv :templates/index.html [12ms]
2023-02-04 14:46:53.749 [info] > git ls-files --stage -- /workspace/ci-django-blog/templates/index.html [2ms]
2023-02-04 14:46:53.983 [info] > git config --get commit.template [11ms]
2023-02-04 14:46:53.983 [info] > git for-each-ref --format=%(refname)%00%(upstream:short)%00%(objectname)%00%(upstream:track)%00%(upstream:remotename)%00%(upstream:remoteref) refs/heads/main refs/remotes/main [1ms]
2023-02-04 14:46:54.010 [info] > git status -z -uall [14ms]
2023-02-04 14:46:54.011 [info] > git for-each-ref --sort -committerdate --format %(refname) %(objectname) %(*objectname) [2ms]
2023-02-04 14:46:59.483 [info] > git config --get commit.template [13ms]
2023-02-04 14:46:59.483 [info] > git for-each-ref --format=%(refname)%00%(upstream:short)%00%(objectname)%00%(upstream:track)%00%(upstream:remotename)%00%(upstream:remoteref) refs/heads/main refs/remotes/main [1ms]
2023-02-04 14:46:59.510 [info] > git status -z -uall [13ms]
2023-02-04 14:46:59.511 [info] > git for-each-ref --sort -committerdate --format %(refname) %(objectname) %(*objectname) [2ms]
2023-02-04 14:48:31.547 [info] > git config --local branch.main.github-pr-owner-number [1ms]
2023-02-04 14:48:31.585 [info] > git config --get commit.template [19ms]
2023-02-04 14:48:31.586 [info] > git for-each-ref --format=%(refname)%00%(upstream:short)%00%(objectname)%00%(upstream:track)%00%(upstream:remotename)%00%(upstream:remoteref) refs/heads/main refs/remotes/main [2ms]
2023-02-04 14:48:31.631 [info] > git status -z -uall [24ms]
2023-02-04 14:48:31.633 [info] > git for-each-ref --sort -committerdate --format %(refname) %(objectname) %(*objectname) [3ms]
2023-02-04 14:49:23.525 [info] > git show --textconv :templates/post_detail.html [30ms]
2023-02-04 14:49:23.525 [info] > git ls-files --stage -- /workspace/ci-django-blog/templates/post_detail.html [15ms]
2023-02-04 14:49:23.527 [info] > git check-ignore -v -z --stdin [3ms]
2023-02-04 14:49:24.065 [info] > git config --get commit.template [12ms]
2023-02-04 14:49:24.065 [info] > git for-each-ref --format=%(refname)%00%(upstream:short)%00%(objectname)%00%(upstream:track)%00%(upstream:remotename)%00%(upstream:remoteref) refs/heads/main refs/remotes/main [1ms]
2023-02-04 14:49:24.085 [info] > git status -z -uall [9ms]
2023-02-04 14:49:24.086 [info] > git for-each-ref --sort -committerdate --format %(refname) %(objectname) %(*objectname) [2ms]
2023-02-04 14:49:29.117 [info] > git config --get commit.template [15ms]
2023-02-04 14:49:29.117 [info] > git for-each-ref --format=%(refname)%00%(upstream:short)%00%(objectname)%00%(upstream:track)%00%(upstream:remotename)%00%(upstream:remoteref) refs/heads/main refs/remotes/main [1ms]
2023-02-04 14:49:29.143 [info] > git status -z -uall [13ms]
2023-02-04 14:49:29.144 [info] > git for-each-ref --sort -committerdate --format %(refname) %(objectname) %(*objectname) [2ms]
2023-02-04 14:50:03.752 [info] > git show --textconv :templates/base.html [13ms]
2023-02-04 14:50:03.752 [info] > git ls-files --stage -- /workspace/ci-django-blog/templates/base.html [2ms]
2023-02-04 14:52:30.680 [info] > git show --textconv :templates/index.html [13ms]
2023-02-04 14:52:30.681 [info] > git ls-files --stage -- /workspace/ci-django-blog/templates/index.html [2ms]
2023-02-04 14:53:31.653 [info] > git config --local branch.main.github-pr-owner-number [1ms]
2023-02-04 14:53:31.686 [info] > git config --get commit.template [17ms]
2023-02-04 14:53:31.686 [info] > git for-each-ref --format=%(refname)%00%(upstream:short)%00%(objectname)%00%(upstream:track)%00%(upstream:remotename)%00%(upstream:remoteref) refs/heads/main refs/remotes/main [1ms]
2023-02-04 14:53:31.717 [info] > git status -z -uall [16ms]
2023-02-04 14:53:31.718 [info] > git for-each-ref --sort -committerdate --format %(refname) %(objectname) %(*objectname) [1ms]
2023-02-04 14:58:31.733 [info] > git config --local branch.main.github-pr-owner-number [1ms]
2023-02-04 14:58:31.750 [info] > git config --get commit.template [8ms]
2023-02-04 14:58:31.751 [info] > git for-each-ref --format=%(refname)%00%(upstream:short)%00%(objectname)%00%(upstream:track)%00%(upstream:remotename)%00%(upstream:remoteref) refs/heads/main refs/remotes/main [2ms]
2023-02-04 14:58:31.766 [info] > git status -z -uall [8ms]
2023-02-04 14:58:31.767 [info] > git for-each-ref --sort -committerdate --format %(refname) %(objectname) %(*objectname) [1ms]
2023-02-04 15:02:06.485 [info] > git config --get commit.template [11ms]
2023-02-04 15:02:06.517 [info] > git for-each-ref --format=%(refname)%00%(upstream:short)%00%(objectname)%00%(upstream:track)%00%(upstream:remotename)%00%(upstream:remoteref) refs/heads/main refs/remotes/main [33ms]
2023-02-04 15:02:06.534 [info] > git show --textconv :blog/urls.py [38ms]
2023-02-04 15:02:06.534 [info] > git check-ignore -v -z --stdin [19ms]
2023-02-04 15:02:06.534 [info] > git status -z -uall [9ms]
2023-02-04 15:02:06.534 [info] > git ls-files --stage -- /workspace/ci-django-blog/blog/urls.py [32ms]
2023-02-04 15:02:06.536 [info] > git for-each-ref --sort -committerdate --format %(refname) %(objectname) %(*objectname) [3ms]
2023-02-04 15:03:31.740 [info] > git check-ignore -v -z --stdin [1ms]
2023-02-04 15:03:31.780 [info] > git config --local branch.main.github-pr-owner-number [1ms]
2023-02-04 15:03:31.795 [info] > git config --get commit.template [7ms]
2023-02-04 15:03:31.796 [info] > git for-each-ref --format=%(refname)%00%(upstream:short)%00%(objectname)%00%(upstream:track)%00%(upstream:remotename)%00%(upstream:remoteref) refs/heads/main refs/remotes/main [1ms]
2023-02-04 15:03:31.811 [info] > git status -z -uall [8ms]
2023-02-04 15:03:31.812 [info] > git for-each-ref --sort -committerdate --format %(refname) %(objectname) %(*objectname) [1ms]
2023-02-04 15:03:33.819 [info] > git show --textconv :django_blog/urls.py [12ms]
2023-02-04 15:03:33.820 [info] > git ls-files --stage -- /workspace/ci-django-blog/django_blog/urls.py [1ms]
2023-02-04 15:03:33.834 [info] > git cat-file -s ae9257af63a2626cecca157973b73f63f42bb834 [1ms]
2023-02-04 15:04:47.428 [info] > git config --get commit.template [9ms]
2023-02-04 15:04:47.429 [info] > git for-each-ref --format=%(refname)%00%(upstream:short)%00%(objectname)%00%(upstream:track)%00%(upstream:remotename)%00%(upstream:remoteref) refs/heads/main refs/remotes/main [1ms]
2023-02-04 15:04:47.444 [info] > git status -z -uall [8ms]
2023-02-04 15:04:47.446 [info] > git for-each-ref --sort -committerdate --format %(refname) %(objectname) %(*objectname) [3ms]
2023-02-04 15:05:03.398 [info] > git config --get commit.template [10ms]
2023-02-04 15:05:03.398 [info] > git for-each-ref --format=%(refname)%00%(upstream:short)%00%(objectname)%00%(upstream:track)%00%(upstream:remotename)%00%(upstream:remoteref) refs/heads/main refs/remotes/main [1ms]
2023-02-04 15:05:03.414 [info] > git status -z -uall [8ms]
2023-02-04 15:05:03.415 [info] > git for-each-ref --sort -committerdate --format %(refname) %(objectname) %(*objectname) [2ms]
2023-02-04 15:05:14.774 [info] > git config --get commit.template [13ms]
2023-02-04 15:05:14.775 [info] > git for-each-ref --format=%(refname)%00%(upstream:short)%00%(objectname)%00%(upstream:track)%00%(upstream:remotename)%00%(upstream:remoteref) refs/heads/main refs/remotes/main [1ms]
2023-02-04 15:05:14.796 [info] > git status -z -uall [12ms]
2023-02-04 15:05:14.797 [info] > git for-each-ref --sort -committerdate --format %(refname) %(objectname) %(*objectname) [1ms]
2023-02-04 15:06:46.358 [info] > git config --get commit.template [12ms]
2023-02-04 15:06:46.359 [info] > git for-each-ref --format=%(refname)%00%(upstream:short)%00%(objectname)%00%(upstream:track)%00%(upstream:remotename)%00%(upstream:remoteref) refs/heads/main refs/remotes/main [2ms]
2023-02-04 15:06:46.387 [info] > git status -z -uall [16ms]
2023-02-04 15:06:46.388 [info] > git for-each-ref --sort -committerdate --format %(refname) %(objectname) %(*objectname) [3ms]
2023-02-04 15:06:51.415 [info] > git config --get commit.template [10ms]
2023-02-04 15:06:51.416 [info] > git for-each-ref --format=%(refname)%00%(upstream:short)%00%(objectname)%00%(upstream:track)%00%(upstream:remotename)%00%(upstream:remoteref) refs/heads/main refs/remotes/main [1ms]
2023-02-04 15:06:51.434 [info] > git status -z -uall [10ms]
2023-02-04 15:06:51.435 [info] > git for-each-ref --sort -committerdate --format %(refname) %(objectname) %(*objectname) [2ms]
2023-02-04 15:07:17.859 [info] > git config --get commit.template [14ms]
2023-02-04 15:07:17.860 [info] > git for-each-ref --format=%(refname)%00%(upstream:short)%00%(objectname)%00%(upstream:track)%00%(upstream:remotename)%00%(upstream:remoteref) refs/heads/main refs/remotes/main [2ms]
2023-02-04 15:07:17.888 [info] > git status -z -uall [14ms]
2023-02-04 15:07:17.889 [info] > git for-each-ref --sort -committerdate --format %(refname) %(objectname) %(*objectname) [2ms]
2023-02-04 15:07:39.071 [info] > git config --get commit.template [1ms]
2023-02-04 15:07:39.085 [info] > git for-each-ref --format=%(refname)%00%(upstream:short)%00%(objectname)%00%(upstream:track)%00%(upstream:remotename)%00%(upstream:remoteref) refs/heads/main refs/remotes/main [2ms]
2023-02-04 15:07:39.108 [info] > git status -z -uall [12ms]
2023-02-04 15:07:39.109 [info] > git for-each-ref --sort -committerdate --format %(refname) %(objectname) %(*objectname) [2ms]
2023-02-04 15:07:56.893 [info] > git config --get commit.template [11ms]
2023-02-04 15:07:56.894 [info] > git for-each-ref --format=%(refname)%00%(upstream:short)%00%(objectname)%00%(upstream:track)%00%(upstream:remotename)%00%(upstream:remoteref) refs/heads/main refs/remotes/main [2ms]
2023-02-04 15:07:56.911 [info] > git status -z -uall [8ms]
2023-02-04 15:07:56.912 [info] > git for-each-ref --sort -committerdate --format %(refname) %(objectname) %(*objectname) [1ms]
2023-02-04 15:08:31.827 [info] > git config --local branch.main.github-pr-owner-number [1ms]
2023-02-04 15:08:31.846 [info] > git config --get commit.template [9ms]
2023-02-04 15:08:31.847 [info] > git for-each-ref --format=%(refname)%00%(upstream:short)%00%(objectname)%00%(upstream:track)%00%(upstream:remotename)%00%(upstream:remoteref) refs/heads/main refs/remotes/main [1ms]
2023-02-04 15:08:31.863 [info] > git status -z -uall [8ms]
2023-02-04 15:08:31.864 [info] > git for-each-ref --sort -committerdate --format %(refname) %(objectname) %(*objectname) [2ms]
2023-02-04 15:08:38.830 [info] > git config --get commit.template [14ms]
2023-02-04 15:08:38.830 [info] > git for-each-ref --format=%(refname)%00%(upstream:short)%00%(objectname)%00%(upstream:track)%00%(upstream:remotename)%00%(upstream:remoteref) refs/heads/main refs/remotes/main [3ms]
2023-02-04 15:08:38.852 [info] > git status -z -uall [9ms]
2023-02-04 15:08:38.853 [info] > git for-each-ref --sort -committerdate --format %(refname) %(objectname) %(*objectname) [1ms]
2023-02-04 15:09:14.202 [info] > git config --get commit.template [17ms]
2023-02-04 15:09:14.204 [info] > git for-each-ref --format=%(refname)%00%(upstream:short)%00%(objectname)%00%(upstream:track)%00%(upstream:remotename)%00%(upstream:remoteref) refs/heads/main refs/remotes/main [1ms]
2023-02-04 15:09:14.241 [info] > git status -z -uall [18ms]
2023-02-04 15:09:14.242 [info] > git for-each-ref --sort -committerdate --format %(refname) %(objectname) %(*objectname) [2ms]
2023-02-04 15:10:25.035 [info] > git config --get commit.template [9ms]
2023-02-04 15:10:25.035 [info] > git for-each-ref --format=%(refname)%00%(upstream:short)%00%(objectname)%00%(upstream:track)%00%(upstream:remotename)%00%(upstream:remoteref) refs/heads/main refs/remotes/main [2ms]
2023-02-04 15:10:25.049 [info] > git status -z -uall [7ms]
2023-02-04 15:10:25.050 [info] > git for-each-ref --sort -committerdate --format %(refname) %(objectname) %(*objectname) [1ms]
2023-02-04 15:12:31.973 [info] > git config --get commit.template [8ms]
2023-02-04 15:12:31.974 [info] > git for-each-ref --format=%(refname)%00%(upstream:short)%00%(objectname)%00%(upstream:track)%00%(upstream:remotename)%00%(upstream:remoteref) refs/heads/main refs/remotes/main [1ms]
2023-02-04 15:12:31.988 [info] > git status -z -uall [7ms]
2023-02-04 15:12:31.989 [info] > git for-each-ref --sort -committerdate --format %(refname) %(objectname) %(*objectname) [2ms]
2023-02-04 15:12:56.960 [info] > git config --get commit.template [10ms]
2023-02-04 15:12:56.961 [info] > git for-each-ref --format=%(refname)%00%(upstream:short)%00%(objectname)%00%(upstream:track)%00%(upstream:remotename)%00%(upstream:remoteref) refs/heads/main refs/remotes/main [1ms]
2023-02-04 15:12:56.977 [info] > git status -z -uall [8ms]
2023-02-04 15:12:56.978 [info] > git for-each-ref --sort -committerdate --format %(refname) %(objectname) %(*objectname) [2ms]
2023-02-04 15:13:31.886 [info] > git config --local branch.main.github-pr-owner-number [2ms]
2023-02-04 15:13:31.919 [info] > git config --get commit.template [18ms]
2023-02-04 15:13:31.920 [info] > git for-each-ref --format=%(refname)%00%(upstream:short)%00%(objectname)%00%(upstream:track)%00%(upstream:remotename)%00%(upstream:remoteref) refs/heads/main refs/remotes/main [3ms]
2023-02-04 15:13:31.952 [info] > git status -z -uall [17ms]
2023-02-04 15:13:31.954 [info] > git for-each-ref --sort -committerdate --format %(refname) %(objectname) %(*objectname) [2ms]
2023-02-04 15:13:42.356 [info] > git show --textconv :blog/views.py [12ms]
2023-02-04 15:13:42.357 [info] > git ls-files --stage -- /workspace/ci-django-blog/blog/views.py [2ms]
2023-02-04 15:13:42.373 [info] > git cat-file -s 91ea44a218fbd2f408430959283f0419c921093e [2ms]
2023-02-04 15:15:05.127 [info] > git config --get commit.template [13ms]
2023-02-04 15:15:05.128 [info] > git for-each-ref --format=%(refname)%00%(upstream:short)%00%(objectname)%00%(upstream:track)%00%(upstream:remotename)%00%(upstream:remoteref) refs/heads/main refs/remotes/main [1ms]
2023-02-04 15:15:05.146 [info] > git status -z -uall [9ms]
2023-02-04 15:15:05.147 [info] > git for-each-ref --sort -committerdate --format %(refname) %(objectname) %(*objectname) [2ms]
2023-02-04 15:16:02.224 [info] > git config --get commit.template [14ms]
2023-02-04 15:16:02.225 [info] > git for-each-ref --format=%(refname)%00%(upstream:short)%00%(objectname)%00%(upstream:track)%00%(upstream:remotename)%00%(upstream:remoteref) refs/heads/main refs/remotes/main [1ms]
2023-02-04 15:16:02.248 [info] > git status -z -uall [11ms]
2023-02-04 15:16:02.249 [info] > git for-each-ref --sort -committerdate --format %(refname) %(objectname) %(*objectname) [1ms]
2023-02-04 15:16:54.632 [info] > git config --get commit.template [2ms]
2023-02-04 15:16:54.648 [info] > git for-each-ref --format=%(refname)%00%(upstream:short)%00%(objectname)%00%(upstream:track)%00%(upstream:remotename)%00%(upstream:remoteref) refs/heads/main refs/remotes/main [2ms]
2023-02-04 15:16:54.667 [info] > git status -z -uall [9ms]
2023-02-04 15:16:54.668 [info] > git for-each-ref --sort -committerdate --format %(refname) %(objectname) %(*objectname) [2ms]
2023-02-04 15:18:00.975 [info] > git config --get commit.template [3ms]
2023-02-04 15:18:00.989 [info] > git for-each-ref --format=%(refname)%00%(upstream:short)%00%(objectname)%00%(upstream:track)%00%(upstream:remotename)%00%(upstream:remoteref) refs/heads/main refs/remotes/main [1ms]
2023-02-04 15:18:01.011 [info] > git status -z -uall [12ms]
2023-02-04 15:18:01.012 [info] > git for-each-ref --sort -committerdate --format %(refname) %(objectname) %(*objectname) [2ms]
2023-02-04 15:18:22.486 [info] > git config --get commit.template [13ms]
2023-02-04 15:18:22.486 [info] > git for-each-ref --format=%(refname)%00%(upstream:short)%00%(objectname)%00%(upstream:track)%00%(upstream:remotename)%00%(upstream:remoteref) refs/heads/main refs/remotes/main [3ms]
2023-02-04 15:18:22.512 [info] > git status -z -uall [14ms]
2023-02-04 15:18:22.513 [info] > git for-each-ref --sort -committerdate --format %(refname) %(objectname) %(*objectname) [2ms]
2023-02-04 15:18:27.544 [info] > git config --get commit.template [15ms]
2023-02-04 15:18:27.545 [info] > git for-each-ref --format=%(refname)%00%(upstream:short)%00%(objectname)%00%(upstream:track)%00%(upstream:remotename)%00%(upstream:remoteref) refs/heads/main refs/remotes/main [1ms]
2023-02-04 15:18:27.574 [info] > git status -z -uall [12ms]
2023-02-04 15:18:27.576 [info] > git for-each-ref --sort -committerdate --format %(refname) %(objectname) %(*objectname) [3ms]
2023-02-04 15:18:31.973 [info] > git config --local branch.main.github-pr-owner-number [1ms]
2023-02-04 15:18:31.997 [info] > git config --get commit.template [11ms]
2023-02-04 15:18:31.998 [info] > git for-each-ref --format=%(refname)%00%(upstream:short)%00%(objectname)%00%(upstream:track)%00%(upstream:remotename)%00%(upstream:remoteref) refs/heads/main refs/remotes/main [1ms]
2023-02-04 15:18:32.022 [info] > git status -z -uall [12ms]
2023-02-04 15:18:32.024 [info] > git for-each-ref --sort -committerdate --format %(refname) %(objectname) %(*objectname) [2ms]
2023-02-04 15:18:57.643 [info] > git config --get commit.template [9ms]
2023-02-04 15:18:57.644 [info] > git for-each-ref --format=%(refname)%00%(upstream:short)%00%(objectname)%00%(upstream:track)%00%(upstream:remotename)%00%(upstream:remoteref) refs/heads/main refs/remotes/main [1ms]
2023-02-04 15:18:57.661 [info] > git status -z -uall [10ms]
2023-02-04 15:18:57.662 [info] > git for-each-ref --sort -committerdate --format %(refname) %(objectname) %(*objectname) [2ms]
2023-02-04 15:19:02.679 [info] > git config --get commit.template [2ms]
2023-02-04 15:19:02.693 [info] > git for-each-ref --format=%(refname)%00%(upstream:short)%00%(objectname)%00%(upstream:track)%00%(upstream:remotename)%00%(upstream:remoteref) refs/heads/main refs/remotes/main [2ms]
2023-02-04 15:19:02.712 [info] > git status -z -uall [9ms]
2023-02-04 15:19:02.713 [info] > git for-each-ref --sort -committerdate --format %(refname) %(objectname) %(*objectname) [1ms]
2023-02-04 15:19:34.017 [info] > git show --textconv :templates/base.html [8ms]
2023-02-04 15:19:34.018 [info] > git ls-files --stage -- /workspace/ci-django-blog/templates/base.html [1ms]
2023-02-04 15:20:01.089 [info] > git config --get commit.template [10ms]
2023-02-04 15:20:01.090 [info] > git for-each-ref --format=%(refname)%00%(upstream:short)%00%(objectname)%00%(upstream:track)%00%(upstream:remotename)%00%(upstream:remoteref) refs/heads/main refs/remotes/main [1ms]
2023-02-04 15:20:01.110 [info] > git status -z -uall [11ms]
2023-02-04 15:20:01.111 [info] > git for-each-ref --sort -committerdate --format %(refname) %(objectname) %(*objectname) [2ms]
2023-02-04 15:23:32.040 [info] > git config --local branch.main.github-pr-owner-number [1ms]
2023-02-04 15:23:32.068 [info] > git config --get commit.template [14ms]
2023-02-04 15:23:32.069 [info] > git for-each-ref --format=%(refname)%00%(upstream:short)%00%(objectname)%00%(upstream:track)%00%(upstream:remotename)%00%(upstream:remoteref) refs/heads/main refs/remotes/main [1ms]
2023-02-04 15:23:32.088 [info] > git status -z -uall [10ms]
2023-02-04 15:23:32.088 [info] > git for-each-ref --sort -committerdate --format %(refname) %(objectname) %(*objectname) [2ms]
2023-02-04 15:28:32.105 [info] > git config --local branch.main.github-pr-owner-number [2ms]
2023-02-04 15:28:32.124 [info] > git config --get commit.template [7ms]
2023-02-04 15:28:32.124 [info] > git for-each-ref --format=%(refname)%00%(upstream:short)%00%(objectname)%00%(upstream:track)%00%(upstream:remotename)%00%(upstream:remoteref) refs/heads/main refs/remotes/main [1ms]
2023-02-04 15:28:32.140 [info] > git status -z -uall [9ms]
2023-02-04 15:28:32.141 [info] > git for-each-ref --sort -committerdate --format %(refname) %(objectname) %(*objectname) [2ms]
2023-02-04 15:33:32.158 [info] > git config --local branch.main.github-pr-owner-number [1ms]
2023-02-04 15:33:32.176 [info] > git config --get commit.template [8ms]
2023-02-04 15:33:32.177 [info] > git for-each-ref --format=%(refname)%00%(upstream:short)%00%(objectname)%00%(upstream:track)%00%(upstream:remotename)%00%(upstream:remoteref) refs/heads/main refs/remotes/main [2ms]
2023-02-04 15:33:32.191 [info] > git status -z -uall [7ms]
2023-02-04 15:33:32.192 [info] > git for-each-ref --sort -committerdate --format %(refname) %(objectname) %(*objectname) [1ms]
2023-02-04 15:38:32.212 [info] > git config --local branch.main.github-pr-owner-number [2ms]
2023-02-04 15:38:32.236 [info] > git config --get commit.template [10ms]
2023-02-04 15:38:32.237 [info] > git for-each-ref --format=%(refname)%00%(upstream:short)%00%(objectname)%00%(upstream:track)%00%(upstream:remotename)%00%(upstream:remoteref) refs/heads/main refs/remotes/main [2ms]
2023-02-04 15:38:32.257 [info] > git status -z -uall [10ms]
2023-02-04 15:38:32.257 [info] > git for-each-ref --sort -committerdate --format %(refname) %(objectname) %(*objectname) [2ms]
2023-02-04 15:43:32.273 [info] > git config --local branch.main.github-pr-owner-number [1ms]
2023-02-04 15:43:32.301 [info] > git config --get commit.template [14ms]
2023-02-04 15:43:32.302 [info] > git for-each-ref --format=%(refname)%00%(upstream:short)%00%(objectname)%00%(upstream:track)%00%(upstream:remotename)%00%(upstream:remoteref) refs/heads/main refs/remotes/main [2ms]
2023-02-04 15:43:32.331 [info] > git status -z -uall [14ms]
2023-02-04 15:43:32.333 [info] > git for-each-ref --sort -committerdate --format %(refname) %(objectname) %(*objectname) [1ms]
2023-02-04 15:48:32.348 [info] > git config --local branch.main.github-pr-owner-number [1ms]
2023-02-04 15:48:32.359 [info] > git config --get commit.template [1ms]
2023-02-04 15:48:32.368 [info] > git for-each-ref --format=%(refname)%00%(upstream:short)%00%(objectname)%00%(upstream:track)%00%(upstream:remotename)%00%(upstream:remoteref) refs/heads/main refs/remotes/main [1ms]
2023-02-04 15:48:32.389 [info] > git status -z -uall [13ms]
2023-02-04 15:48:32.390 [info] > git for-each-ref --sort -committerdate --format %(refname) %(objectname) %(*objectname) [1ms]
2023-02-04 15:51:16.432 [info] > git show --textconv :blog/views.py [12ms]
2023-02-04 15:51:16.433 [info] > git ls-files --stage -- /workspace/ci-django-blog/blog/views.py [2ms]
2023-02-04 15:51:16.446 [info] > git cat-file -s 91ea44a218fbd2f408430959283f0419c921093e [1ms]
2023-02-04 15:53:32.408 [info] > git config --local branch.main.github-pr-owner-number [1ms]
2023-02-04 15:53:32.430 [info] > git config --get commit.template [11ms]
2023-02-04 15:53:32.431 [info] > git for-each-ref --format=%(refname)%00%(upstream:short)%00%(objectname)%00%(upstream:track)%00%(upstream:remotename)%00%(upstream:remoteref) refs/heads/main refs/remotes/main [1ms]
2023-02-04 15:53:32.453 [info] > git status -z -uall [12ms]
2023-02-04 15:53:32.453 [info] > git for-each-ref --sort -committerdate --format %(refname) %(objectname) %(*objectname) [1ms]
2023-02-04 15:58:32.473 [info] > git config --local branch.main.github-pr-owner-number [1ms]
2023-02-04 15:58:32.498 [info] > git config --get commit.template [16ms]
2023-02-04 15:58:32.499 [info] > git for-each-ref --format=%(refname)%00%(upstream:short)%00%(objectname)%00%(upstream:track)%00%(upstream:remotename)%00%(upstream:remoteref) refs/heads/main refs/remotes/main [2ms]
2023-02-04 15:58:32.530 [info] > git status -z -uall [17ms]
2023-02-04 15:58:32.531 [info] > git for-each-ref --sort -committerdate --format %(refname) %(objectname) %(*objectname) [2ms]
2023-02-04 16:03:32.549 [info] > git config --local branch.main.github-pr-owner-number [2ms]
2023-02-04 16:03:32.575 [info] > git config --get commit.template [12ms]
2023-02-04 16:03:32.575 [info] > git for-each-ref --format=%(refname)%00%(upstream:short)%00%(objectname)%00%(upstream:track)%00%(upstream:remotename)%00%(upstream:remoteref) refs/heads/main refs/remotes/main [1ms]
2023-02-04 16:03:32.605 [info] > git status -z -uall [15ms]
2023-02-04 16:03:32.606 [info] > git for-each-ref --sort -committerdate --format %(refname) %(objectname) %(*objectname) [2ms]
2023-02-04 16:08:32.622 [info] > git config --local branch.main.github-pr-owner-number [1ms]
2023-02-04 16:08:32.642 [info] > git config --get commit.template [9ms]
2023-02-04 16:08:32.643 [info] > git for-each-ref --format=%(refname)%00%(upstream:short)%00%(objectname)%00%(upstream:track)%00%(upstream:remotename)%00%(upstream:remoteref) refs/heads/main refs/remotes/main [2ms]
2023-02-04 16:08:32.659 [info] > git status -z -uall [8ms]
2023-02-04 16:08:32.660 [info] > git for-each-ref --sort -committerdate --format %(refname) %(objectname) %(*objectname) [2ms]
2023-02-04 16:09:23.961 [info] > git config --get commit.template [11ms]
2023-02-04 16:09:23.961 [info] > git for-each-ref --format=%(refname)%00%(upstream:short)%00%(objectname)%00%(upstream:track)%00%(upstream:remotename)%00%(upstream:remoteref) refs/heads/main refs/remotes/main [1ms]
2023-02-04 16:09:23.989 [info] > git status -z -uall [15ms]
2023-02-04 16:09:23.990 [info] > git for-each-ref --sort -committerdate --format %(refname) %(objectname) %(*objectname) [2ms]
2023-02-04 16:09:29.017 [info] > git config --get commit.template [10ms]
2023-02-04 16:09:29.017 [info] > git for-each-ref --format=%(refname)%00%(upstream:short)%00%(objectname)%00%(upstream:track)%00%(upstream:remotename)%00%(upstream:remoteref) refs/heads/main refs/remotes/main [1ms]
2023-02-04 16:09:29.034 [info] > git status -z -uall [9ms]
2023-02-04 16:09:29.035 [info] > git for-each-ref --sort -committerdate --format %(refname) %(objectname) %(*objectname) [2ms]
2023-02-04 16:09:34.904 [info] > git config --get commit.template [15ms]
2023-02-04 16:09:34.905 [info] > git for-each-ref --format=%(refname)%00%(upstream:short)%00%(objectname)%00%(upstream:track)%00%(upstream:remotename)%00%(upstream:remoteref) refs/heads/main refs/remotes/main [2ms]
2023-02-04 16:09:34.928 [info] > git status -z -uall [10ms]
2023-02-04 16:09:34.929 [info] > git for-each-ref --sort -committerdate --format %(refname) %(objectname) %(*objectname) [2ms]
2023-02-04 16:10:05.072 [info] > git show --textconv :templates/post_detail.html [12ms]
2023-02-04 16:10:05.073 [info] > git ls-files --stage -- /workspace/ci-django-blog/templates/post_detail.html [1ms]
2023-02-04 16:11:43.758 [info] > git show --textconv :templates/index.html [24ms]
2023-02-04 16:11:43.758 [info] > git ls-files --stage -- /workspace/ci-django-blog/templates/index.html [4ms]
2023-02-04 16:13:32.676 [info] > git config --local branch.main.github-pr-owner-number [1ms]
2023-02-04 16:13:32.697 [info] > git config --get commit.template [9ms]
2023-02-04 16:13:32.697 [info] > git for-each-ref --format=%(refname)%00%(upstream:short)%00%(objectname)%00%(upstream:track)%00%(upstream:remotename)%00%(upstream:remoteref) refs/heads/main refs/remotes/main [1ms]
2023-02-04 16:13:32.715 [info] > git status -z -uall [9ms]
2023-02-04 16:13:32.716 [info] > git for-each-ref --sort -committerdate --format %(refname) %(objectname) %(*objectname) [1ms]
2023-02-04 16:16:23.425 [info] > git config --get commit.template [12ms]
2023-02-04 16:16:23.425 [info] > git for-each-ref --format=%(refname)%00%(upstream:short)%00%(objectname)%00%(upstream:track)%00%(upstream:remotename)%00%(upstream:remoteref) refs/heads/main refs/remotes/main [1ms]
2023-02-04 16:16:23.454 [info] > git status -z -uall [16ms]
2023-02-04 16:16:23.455 [info] > git for-each-ref --sort -committerdate --format %(refname) %(objectname) %(*objectname) [2ms]
2023-02-04 16:17:29.203 [info] > git config --get commit.template [14ms]
2023-02-04 16:17:29.204 [info] > git for-each-ref --format=%(refname)%00%(upstream:short)%00%(objectname)%00%(upstream:track)%00%(upstream:remotename)%00%(upstream:remoteref) refs/heads/main refs/remotes/main [2ms]
2023-02-04 16:17:29.226 [info] > git status -z -uall [11ms]
2023-02-04 16:17:29.227 [info] > git for-each-ref --sort -committerdate --format %(refname) %(objectname) %(*objectname) [2ms]
2023-02-04 16:17:38.558 [info] > git show --textconv :templates/post_detail.html [10ms]
2023-02-04 16:17:38.560 [info] > git ls-files --stage -- /workspace/ci-django-blog/templates/post_detail.html [3ms]
2023-02-04 16:18:32.731 [info] > git config --local branch.main.github-pr-owner-number [1ms]
2023-02-04 16:18:32.748 [info] > git config --get commit.template [8ms]
2023-02-04 16:18:32.749 [info] > git for-each-ref --format=%(refname)%00%(upstream:short)%00%(objectname)%00%(upstream:track)%00%(upstream:remotename)%00%(upstream:remoteref) refs/heads/main refs/remotes/main [1ms]
2023-02-04 16:18:32.765 [info] > git status -z -uall [9ms]
2023-02-04 16:18:32.765 [info] > git for-each-ref --sort -committerdate --format %(refname) %(objectname) %(*objectname) [2ms]
2023-02-04 16:23:32.782 [info] > git config --local branch.main.github-pr-owner-number [2ms]
2023-02-04 16:23:32.802 [info] > git config --get commit.template [9ms]
2023-02-04 16:23:32.803 [info] > git for-each-ref --format=%(refname)%00%(upstream:short)%00%(objectname)%00%(upstream:track)%00%(upstream:remotename)%00%(upstream:remoteref) refs/heads/main refs/remotes/main [1ms]
2023-02-04 16:23:32.823 [info] > git status -z -uall [12ms]
2023-02-04 16:23:32.824 [info] > git for-each-ref --sort -committerdate --format %(refname) %(objectname) %(*objectname) [2ms]
2023-02-04 16:25:13.663 [info] > git config --get commit.template [14ms]
2023-02-04 16:25:13.664 [info] > git for-each-ref --format=%(refname)%00%(upstream:short)%00%(objectname)%00%(upstream:track)%00%(upstream:remotename)%00%(upstream:remoteref) refs/heads/main refs/remotes/main [2ms]
2023-02-04 16:25:13.694 [info] > git status -z -uall [14ms]
2023-02-04 16:25:13.695 [info] > git for-each-ref --sort -committerdate --format %(refname) %(objectname) %(*objectname) [2ms]
2023-02-04 16:27:13.860 [info] > git show --textconv :blog/models.py [9ms]
2023-02-04 16:27:13.861 [info] > git ls-files --stage -- /workspace/ci-django-blog/blog/models.py [1ms]
2023-02-04 16:27:13.871 [info] > git cat-file -s 0a9b7849f627dbb3dc3d232330b600402256d327 [2ms]
2023-02-04 16:28:32.843 [info] > git config --local branch.main.github-pr-owner-number [1ms]
2023-02-04 16:28:32.862 [info] > git config --get commit.template [9ms]
2023-02-04 16:28:32.864 [info] > git for-each-ref --format=%(refname)%00%(upstream:short)%00%(objectname)%00%(upstream:track)%00%(upstream:remotename)%00%(upstream:remoteref) refs/heads/main refs/remotes/main [2ms]
2023-02-04 16:28:32.880 [info] > git status -z -uall [9ms]
2023-02-04 16:28:32.882 [info] > git for-each-ref --sort -committerdate --format %(refname) %(objectname) %(*objectname) [3ms]
2023-02-04 16:28:58.558 [info] > git config --get commit.template [12ms]
2023-02-04 16:28:58.559 [info] > git for-each-ref --format=%(refname)%00%(upstream:short)%00%(objectname)%00%(upstream:track)%00%(upstream:remotename)%00%(upstream:remoteref) refs/heads/main refs/remotes/main [2ms]
2023-02-04 16:28:58.581 [info] > git status -z -uall [13ms]
2023-02-04 16:28:58.582 [info] > git for-each-ref --sort -committerdate --format %(refname) %(objectname) %(*objectname) [1ms]
2023-02-04 16:29:17.312 [info] > git config --get commit.template [14ms]
2023-02-04 16:29:17.312 [info] > git for-each-ref --format=%(refname)%00%(upstream:short)%00%(objectname)%00%(upstream:track)%00%(upstream:remotename)%00%(upstream:remoteref) refs/heads/main refs/remotes/main [3ms]
2023-02-04 16:29:17.347 [info] > git status -z -uall [19ms]
2023-02-04 16:29:17.347 [info] > git for-each-ref --sort -committerdate --format %(refname) %(objectname) %(*objectname) [1ms]
2023-02-04 16:30:26.452 [info] > git config --get commit.template [14ms]
2023-02-04 16:30:26.453 [info] > git for-each-ref --format=%(refname)%00%(upstream:short)%00%(objectname)%00%(upstream:track)%00%(upstream:remotename)%00%(upstream:remoteref) refs/heads/main refs/remotes/main [1ms]
2023-02-04 16:30:26.481 [info] > git status -z -uall [14ms]
2023-02-04 16:30:26.483 [info] > git for-each-ref --sort -committerdate --format %(refname) %(objectname) %(*objectname) [1ms]
2023-02-04 16:33:32.898 [info] > git config --local branch.main.github-pr-owner-number [2ms]
2023-02-04 16:33:32.915 [info] > git config --get commit.template [2ms]
2023-02-04 16:33:32.927 [info] > git for-each-ref --format=%(refname)%00%(upstream:short)%00%(objectname)%00%(upstream:track)%00%(upstream:remotename)%00%(upstream:remoteref) refs/heads/main refs/remotes/main [1ms]
2023-02-04 16:33:32.957 [info] > git status -z -uall [15ms]
2023-02-04 16:33:32.958 [info] > git for-each-ref --sort -committerdate --format %(refname) %(objectname) %(*objectname) [2ms]
2023-02-04 16:38:32.976 [info] > git config --local branch.main.github-pr-owner-number [1ms]
2023-02-04 16:38:33.008 [info] > git config --get commit.template [17ms]
2023-02-04 16:38:33.009 [info] > git for-each-ref --format=%(refname)%00%(upstream:short)%00%(objectname)%00%(upstream:track)%00%(upstream:remotename)%00%(upstream:remoteref) refs/heads/main refs/remotes/main [2ms]
2023-02-04 16:38:33.037 [info] > git status -z -uall [14ms]
2023-02-04 16:38:33.038 [info] > git for-each-ref --sort -committerdate --format %(refname) %(objectname) %(*objectname) [1ms]
2023-02-04 16:43:33.055 [info] > git config --local branch.main.github-pr-owner-number [1ms]
2023-02-04 16:43:33.073 [info] > git config --get commit.template [8ms]
2023-02-04 16:43:33.074 [info] > git for-each-ref --format=%(refname)%00%(upstream:short)%00%(objectname)%00%(upstream:track)%00%(upstream:remotename)%00%(upstream:remoteref) refs/heads/main refs/remotes/main [1ms]
2023-02-04 16:43:33.094 [info] > git status -z -uall [12ms]
2023-02-04 16:43:33.094 [info] > git for-each-ref --sort -committerdate --format %(refname) %(objectname) %(*objectname) [2ms]
2023-02-04 16:48:33.114 [info] > git config --local branch.main.github-pr-owner-number [2ms]
2023-02-04 16:48:33.144 [info] > git config --get commit.template [15ms]
2023-02-04 16:48:33.144 [info] > git for-each-ref --format=%(refname)%00%(upstream:short)%00%(objectname)%00%(upstream:track)%00%(upstream:remotename)%00%(upstream:remoteref) refs/heads/main refs/remotes/main [1ms]
2023-02-04 16:48:33.164 [info] > git status -z -uall [9ms]
2023-02-04 16:48:33.165 [info] > git for-each-ref --sort -committerdate --format %(refname) %(objectname) %(*objectname) [1ms]
2023-02-04 16:53:33.183 [info] > git config --local branch.main.github-pr-owner-number [2ms]
2023-02-04 16:53:33.201 [info] > git config --get commit.template [7ms]
2023-02-04 16:53:33.201 [info] > git for-each-ref --format=%(refname)%00%(upstream:short)%00%(objectname)%00%(upstream:track)%00%(upstream:remotename)%00%(upstream:remoteref) refs/heads/main refs/remotes/main [1ms]
2023-02-04 16:53:33.215 [info] > git status -z -uall [7ms]
2023-02-04 16:53:33.216 [info] > git for-each-ref --sort -committerdate --format %(refname) %(objectname) %(*objectname) [1ms]
2023-02-04 16:58:33.234 [info] > git config --local branch.main.github-pr-owner-number [1ms]
2023-02-04 16:58:33.259 [info] > git config --get commit.template [12ms]
2023-02-04 16:58:33.260 [info] > git for-each-ref --format=%(refname)%00%(upstream:short)%00%(objectname)%00%(upstream:track)%00%(upstream:remotename)%00%(upstream:remoteref) refs/heads/main refs/remotes/main [1ms]
2023-02-04 16:58:33.289 [info] > git status -z -uall [14ms]
2023-02-04 16:58:33.289 [info] > git for-each-ref --sort -committerdate --format %(refname) %(objectname) %(*objectname) [1ms]
2023-02-04 17:03:33.305 [info] > git config --local branch.main.github-pr-owner-number [2ms]
2023-02-04 17:03:33.322 [info] > git config --get commit.template [8ms]
2023-02-04 17:03:33.323 [info] > git for-each-ref --format=%(refname)%00%(upstream:short)%00%(objectname)%00%(upstream:track)%00%(upstream:remotename)%00%(upstream:remoteref) refs/heads/main refs/remotes/main [2ms]
2023-02-04 17:03:33.336 [info] > git status -z -uall [7ms]
2023-02-04 17:03:33.337 [info] > git for-each-ref --sort -committerdate --format %(refname) %(objectname) %(*objectname) [1ms]
2023-02-04 17:08:33.354 [info] > git config --local branch.main.github-pr-owner-number [2ms]
2023-02-04 17:08:33.376 [info] > git config --get commit.template [10ms]
2023-02-04 17:08:33.377 [info] > git for-each-ref --format=%(refname)%00%(upstream:short)%00%(objectname)%00%(upstream:track)%00%(upstream:remotename)%00%(upstream:remoteref) refs/heads/main refs/remotes/main [1ms]
2023-02-04 17:08:33.396 [info] > git status -z -uall [10ms]
2023-02-04 17:08:33.397 [info] > git for-each-ref --sort -committerdate --format %(refname) %(objectname) %(*objectname) [2ms]
2023-02-04 17:12:33.211 [info] > git show --textconv :templates/index.html [10ms]
2023-02-04 17:12:33.211 [info] > git ls-files --stage -- /workspace/ci-django-blog/templates/index.html [1ms]
2023-02-04 17:13:30.353 [info] > git config --get commit.template [16ms]
2023-02-04 17:13:30.353 [info] > git for-each-ref --format=%(refname)%00%(upstream:short)%00%(objectname)%00%(upstream:track)%00%(upstream:remotename)%00%(upstream:remoteref) refs/heads/main refs/remotes/main [1ms]
2023-02-04 17:13:30.377 [info] > git status -z -uall [12ms]
2023-02-04 17:13:30.378 [info] > git for-each-ref --sort -committerdate --format %(refname) %(objectname) %(*objectname) [1ms]
2023-02-04 17:13:33.414 [info] > git config --local branch.main.github-pr-owner-number [1ms]
2023-02-04 17:13:33.444 [info] > git config --get commit.template [14ms]
2023-02-04 17:13:33.445 [info] > git for-each-ref --format=%(refname)%00%(upstream:short)%00%(objectname)%00%(upstream:track)%00%(upstream:remotename)%00%(upstream:remoteref) refs/heads/main refs/remotes/main [1ms]
2023-02-04 17:13:33.466 [info] > git status -z -uall [10ms]
2023-02-04 17:13:33.467 [info] > git for-each-ref --sort -committerdate --format %(refname) %(objectname) %(*objectname) [2ms]
2023-02-04 17:13:50.119 [info] > git config --get commit.template [13ms]
2023-02-04 17:13:50.120 [info] > git for-each-ref --format=%(refname)%00%(upstream:short)%00%(objectname)%00%(upstream:track)%00%(upstream:remotename)%00%(upstream:remoteref) refs/heads/main refs/remotes/main [2ms]
2023-02-04 17:13:50.145 [info] > git status -z -uall [13ms]
2023-02-04 17:13:50.146 [info] > git for-each-ref --sort -committerdate --format %(refname) %(objectname) %(*objectname) [2ms]
2023-02-04 17:14:35.527 [info] > git show --textconv :templates/base.html [15ms]
2023-02-04 17:14:35.527 [info] > git ls-files --stage -- /workspace/ci-django-blog/templates/base.html [1ms]
2023-02-04 17:15:07.966 [info] > git config --get commit.template [9ms]
2023-02-04 17:15:07.967 [info] > git for-each-ref --format=%(refname)%00%(upstream:short)%00%(objectname)%00%(upstream:track)%00%(upstream:remotename)%00%(upstream:remoteref) refs/heads/main refs/remotes/main [2ms]
2023-02-04 17:15:07.983 [info] > git status -z -uall [9ms]
2023-02-04 17:15:07.984 [info] > git for-each-ref --sort -committerdate --format %(refname) %(objectname) %(*objectname) [1ms]
2023-02-04 17:15:57.894 [info] > git show --textconv :django_blog/settings.py [8ms]
2023-02-04 17:15:57.895 [info] > git ls-files --stage -- /workspace/ci-django-blog/django_blog/settings.py [1ms]
2023-02-04 17:15:57.903 [info] > git cat-file -s 212b61caadbc0dbc5480bb67626bc0d39c3f7d50 [1ms]
2023-02-04 17:16:08.542 [info] > git config --get commit.template [11ms]
2023-02-04 17:16:08.543 [info] > git for-each-ref --format=%(refname)%00%(upstream:short)%00%(objectname)%00%(upstream:track)%00%(upstream:remotename)%00%(upstream:remoteref) refs/heads/main refs/remotes/main [1ms]
2023-02-04 17:16:08.562 [info] > git status -z -uall [10ms]
2023-02-04 17:16:08.563 [info] > git for-each-ref --sort -committerdate --format %(refname) %(objectname) %(*objectname) [2ms]
2023-02-04 17:18:23.016 [info] > git config --get commit.template [11ms]
2023-02-04 17:18:23.017 [info] > git for-each-ref --format=%(refname)%00%(upstream:short)%00%(objectname)%00%(upstream:track)%00%(upstream:remotename)%00%(upstream:remoteref) refs/heads/main refs/remotes/main [2ms]
2023-02-04 17:18:23.031 [info] > git status -z -uall [7ms]
2023-02-04 17:18:23.032 [info] > git for-each-ref --sort -committerdate --format %(refname) %(objectname) %(*objectname) [1ms]
2023-02-04 17:18:33.486 [info] > git config --local branch.main.github-pr-owner-number [1ms]
2023-02-04 17:18:33.515 [info] > git config --get commit.template [15ms]
2023-02-04 17:18:33.516 [info] > git for-each-ref --format=%(refname)%00%(upstream:short)%00%(objectname)%00%(upstream:track)%00%(upstream:remotename)%00%(upstream:remoteref) refs/heads/main refs/remotes/main [2ms]
2023-02-04 17:18:33.539 [info] > git status -z -uall [11ms]
2023-02-04 17:18:33.540 [info] > git for-each-ref --sort -committerdate --format %(refname) %(objectname) %(*objectname) [1ms]
2023-02-04 17:19:25.654 [info] > git config --get commit.template [2ms]
2023-02-04 17:19:25.663 [info] > git for-each-ref --format=%(refname)%00%(upstream:short)%00%(objectname)%00%(upstream:track)%00%(upstream:remotename)%00%(upstream:remoteref) refs/heads/main refs/remotes/main [1ms]
2023-02-04 17:19:25.679 [info] > git status -z -uall [9ms]
2023-02-04 17:19:25.679 [info] > git for-each-ref --sort -committerdate --format %(refname) %(objectname) %(*objectname) [1ms]
2023-02-04 17:19:33.253 [info] > git show --textconv :requirements.txt [11ms]
2023-02-04 17:19:33.254 [info] > git ls-files --stage -- /workspace/ci-django-blog/requirements.txt [1ms]
2023-02-04 17:19:33.265 [info] > git cat-file -s 93cf7b1d56f77e56c2d1db00e8e33247ad93f6ce [1ms]
2023-02-04 17:21:18.284 [info] > git config --get commit.template [17ms]
2023-02-04 17:21:18.284 [info] > git for-each-ref --format=%(refname)%00%(upstream:short)%00%(objectname)%00%(upstream:track)%00%(upstream:remotename)%00%(upstream:remoteref) refs/heads/main refs/remotes/main [2ms]
2023-02-04 17:21:18.315 [info] > git status -z -uall [16ms]
2023-02-04 17:21:18.316 [info] > git for-each-ref --sort -committerdate --format %(refname) %(objectname) %(*objectname) [2ms]
2023-02-04 17:23:33.558 [info] > git config --local branch.main.github-pr-owner-number [1ms]
2023-02-04 17:23:33.585 [info] > git config --get commit.template [14ms]
2023-02-04 17:23:33.586 [info] > git for-each-ref --format=%(refname)%00%(upstream:short)%00%(objectname)%00%(upstream:track)%00%(upstream:remotename)%00%(upstream:remoteref) refs/heads/main refs/remotes/main [1ms]
2023-02-04 17:23:33.610 [info] > git status -z -uall [12ms]
2023-02-04 17:23:33.623 [info] > git for-each-ref --sort -committerdate --format %(refname) %(objectname) %(*objectname) [14ms]
2023-02-04 17:23:35.755 [info] > git config --get commit.template [9ms]
2023-02-04 17:23:35.756 [info] > git for-each-ref --format=%(refname)%00%(upstream:short)%00%(objectname)%00%(upstream:track)%00%(upstream:remotename)%00%(upstream:remoteref) refs/heads/main refs/remotes/main [2ms]
2023-02-04 17:23:35.771 [info] > git status -z -uall [7ms]
2023-02-04 17:23:35.772 [info] > git for-each-ref --sort -committerdate --format %(refname) %(objectname) %(*objectname) [1ms]
2023-02-04 17:25:41.186 [info] > git config --get commit.template [10ms]
2023-02-04 17:25:41.186 [info] > git for-each-ref --format=%(refname)%00%(upstream:short)%00%(objectname)%00%(upstream:track)%00%(upstream:remotename)%00%(upstream:remoteref) refs/heads/main refs/remotes/main [1ms]
2023-02-04 17:25:41.201 [info] > git status -z -uall [8ms]
2023-02-04 17:25:41.202 [info] > git for-each-ref --sort -committerdate --format %(refname) %(objectname) %(*objectname) [1ms]
2023-02-04 17:26:36.220 [info] > git config --get commit.template [8ms]
2023-02-04 17:26:36.220 [info] > git for-each-ref --format=%(refname)%00%(upstream:short)%00%(objectname)%00%(upstream:track)%00%(upstream:remotename)%00%(upstream:remoteref) refs/heads/main refs/remotes/main [1ms]
2023-02-04 17:26:36.235 [info] > git status -z -uall [7ms]
2023-02-04 17:26:36.236 [info] > git for-each-ref --sort -committerdate --format %(refname) %(objectname) %(*objectname) [2ms]
2023-02-04 17:27:04.110 [info] > git show --textconv :blog/models.py [11ms]
2023-02-04 17:27:04.110 [info] > git ls-files --stage -- /workspace/ci-django-blog/blog/models.py [2ms]
2023-02-04 17:27:04.124 [info] > git cat-file -s 0a9b7849f627dbb3dc3d232330b600402256d327 [4ms]
2023-02-04 17:27:25.126 [info] > git config --get commit.template [1ms]
2023-02-04 17:27:25.141 [info] > git for-each-ref --format=%(refname)%00%(upstream:short)%00%(objectname)%00%(upstream:track)%00%(upstream:remotename)%00%(upstream:remoteref) refs/heads/main refs/remotes/main [1ms]
2023-02-04 17:27:25.159 [info] > git status -z -uall [8ms]
2023-02-04 17:27:25.160 [info] > git for-each-ref --sort -committerdate --format %(refname) %(objectname) %(*objectname) [1ms]
2023-02-04 17:27:30.190 [info] > git config --get commit.template [11ms]
2023-02-04 17:27:30.191 [info] > git for-each-ref --format=%(refname)%00%(upstream:short)%00%(objectname)%00%(upstream:track)%00%(upstream:remotename)%00%(upstream:remoteref) refs/heads/main refs/remotes/main [2ms]
2023-02-04 17:27:30.206 [info] > git status -z -uall [8ms]
2023-02-04 17:27:30.207 [info] > git for-each-ref --sort -committerdate --format %(refname) %(objectname) %(*objectname) [2ms]
2023-02-04 17:28:33.643 [info] > git config --local branch.main.github-pr-owner-number [1ms]
2023-02-04 17:28:33.660 [info] > git config --get commit.template [1ms]
2023-02-04 17:28:33.675 [info] > git for-each-ref --format=%(refname)%00%(upstream:short)%00%(objectname)%00%(upstream:track)%00%(upstream:remotename)%00%(upstream:remoteref) refs/heads/main refs/remotes/main [1ms]
2023-02-04 17:28:33.694 [info] > git status -z -uall [10ms]
2023-02-04 17:28:33.695 [info] > git for-each-ref --sort -committerdate --format %(refname) %(objectname) %(*objectname) [1ms]
2023-02-04 17:33:33.713 [info] > git config --local branch.main.github-pr-owner-number [1ms]
2023-02-04 17:33:33.743 [info] > git config --get commit.template [15ms]
2023-02-04 17:33:33.744 [info] > git for-each-ref --format=%(refname)%00%(upstream:short)%00%(objectname)%00%(upstream:track)%00%(upstream:remotename)%00%(upstream:remoteref) refs/heads/main refs/remotes/main [2ms]
2023-02-04 17:33:33.780 [info] > git status -z -uall [20ms]
2023-02-04 17:33:33.782 [info] > git for-each-ref --sort -committerdate --format %(refname) %(objectname) %(*objectname) [2ms]
2023-02-04 17:36:09.151 [info] > git config --get commit.template [11ms]
2023-02-04 17:36:09.151 [info] > git for-each-ref --format=%(refname)%00%(upstream:short)%00%(objectname)%00%(upstream:track)%00%(upstream:remotename)%00%(upstream:remoteref) refs/heads/main refs/remotes/main [1ms]
2023-02-04 17:36:09.168 [info] > git status -z -uall [9ms]
2023-02-04 17:36:09.169 [info] > git for-each-ref --sort -committerdate --format %(refname) %(objectname) %(*objectname) [1ms]
2023-02-04 17:37:53.343 [info] > git config --get commit.template [9ms]
2023-02-04 17:37:53.344 [info] > git for-each-ref --format=%(refname)%00%(upstream:short)%00%(objectname)%00%(upstream:track)%00%(upstream:remotename)%00%(upstream:remoteref) refs/heads/main refs/remotes/main [1ms]
2023-02-04 17:37:53.358 [info] > git status -z -uall [8ms]
2023-02-04 17:37:53.359 [info] > git for-each-ref --sort -committerdate --format %(refname) %(objectname) %(*objectname) [2ms]
2023-02-04 17:38:33.799 [info] > git config --local branch.main.github-pr-owner-number [1ms]
2023-02-04 17:38:33.827 [info] > git config --get commit.template [15ms]
2023-02-04 17:38:33.827 [info] > git for-each-ref --format=%(refname)%00%(upstream:short)%00%(objectname)%00%(upstream:track)%00%(upstream:remotename)%00%(upstream:remoteref) refs/heads/main refs/remotes/main [2ms]
2023-02-04 17:38:33.856 [info] > git status -z -uall [15ms]
2023-02-04 17:38:33.857 [info] > git for-each-ref --sort -committerdate --format %(refname) %(objectname) %(*objectname) [2ms]
2023-02-04 17:43:33.874 [info] > git config --local branch.main.github-pr-owner-number [1ms]
2023-02-04 17:43:33.887 [info] > git config --get commit.template [0ms]
2023-02-04 17:43:33.900 [info] > git for-each-ref --format=%(refname)%00%(upstream:short)%00%(objectname)%00%(upstream:track)%00%(upstream:remotename)%00%(upstream:remoteref) refs/heads/main refs/remotes/main [2ms]
2023-02-04 17:43:33.926 [info] > git status -z -uall [16ms]
2023-02-04 17:43:33.926 [info] > git for-each-ref --sort -committerdate --format %(refname) %(objectname) %(*objectname) [1ms]
2023-02-04 17:48:33.944 [info] > git config --local branch.main.github-pr-owner-number [1ms]
2023-02-04 17:48:33.961 [info] > git config --get commit.template [1ms]
2023-02-04 17:48:33.975 [info] > git for-each-ref --format=%(refname)%00%(upstream:short)%00%(objectname)%00%(upstream:track)%00%(upstream:remotename)%00%(upstream:remoteref) refs/heads/main refs/remotes/main [1ms]
2023-02-04 17:48:34.004 [info] > git status -z -uall [15ms]
2023-02-04 17:48:34.005 [info] > git for-each-ref --sort -committerdate --format %(refname) %(objectname) %(*objectname) [1ms]
2023-02-04 17:50:23.276 [info] > git config --get commit.template [13ms]
2023-02-04 17:50:23.277 [info] > git for-each-ref --format=%(refname)%00%(upstream:short)%00%(objectname)%00%(upstream:track)%00%(upstream:remotename)%00%(upstream:remoteref) refs/heads/main refs/remotes/main [1ms]
2023-02-04 17:50:23.304 [info] > git status -z -uall [13ms]
2023-02-04 17:50:23.306 [info] > git for-each-ref --sort -committerdate --format %(refname) %(objectname) %(*objectname) [2ms]
2023-02-04 17:53:34.022 [info] > git config --local branch.main.github-pr-owner-number [1ms]
2023-02-04 17:53:34.038 [info] > git config --get commit.template [8ms]
2023-02-04 17:53:34.039 [info] > git for-each-ref --format=%(refname)%00%(upstream:short)%00%(objectname)%00%(upstream:track)%00%(upstream:remotename)%00%(upstream:remoteref) refs/heads/main refs/remotes/main [2ms]
2023-02-04 17:53:34.059 [info] > git status -z -uall [11ms]
2023-02-04 17:53:34.060 [info] > git for-each-ref --sort -committerdate --format %(refname) %(objectname) %(*objectname) [1ms]
2023-02-04 17:58:34.076 [info] > git config --local branch.main.github-pr-owner-number [1ms]
2023-02-04 17:58:34.103 [info] > git config --get commit.template [15ms]
2023-02-04 17:58:34.104 [info] > git for-each-ref --format=%(refname)%00%(upstream:short)%00%(objectname)%00%(upstream:track)%00%(upstream:remotename)%00%(upstream:remoteref) refs/heads/main refs/remotes/main [2ms]
2023-02-04 17:58:34.130 [info] > git status -z -uall [14ms]
2023-02-04 17:58:34.131 [info] > git for-each-ref --sort -committerdate --format %(refname) %(objectname) %(*objectname) [1ms]
