LSP Notebooks experiment is disabled -- not using Pylance
LSP Notebooks interactive window support is disabled -- not in LSP Notebooks experiment
> conda info --json
Python interpreter path: ~/.pyenv/versions/3.8.11/bin/python
> ~/.pyenv/versions/3.8.11/bin/python -I /workspace/.vscode-remote/extensions/ms-python.python-2023.2.0-universal/pythonFiles/get_output_via_markers.py /workspace/.vscode-remote/extensions/ms-python.python-2023.2.0-universal/pythonFiles/interpreterInfo.py
> /bin/python2 -I /workspace/.vscode-remote/extensions/ms-python.python-2023.2.0-universal/pythonFiles/get_output_via_markers.py /workspace/.vscode-remote/extensions/ms-python.python-2023.2.0-universal/pythonFiles/interpreterInfo.py
[ERROR 2023-1-4 13:53:28.399]: [Error: Command failed: /bin/python2 -I /workspace/.vscode-remote/extensions/ms-python.python-2023.2.0-universal/pythonFiles/get_output_via_markers.py /workspace/.vscode-remote/extensions/ms-python.python-2023.2.0-universal/pythonFiles/interpreterInfo.py
Unknown option: -I
usage: /bin/python2 [option] ... [-c cmd | -m mod | file | -] [arg] ...
Try `python -h' for more information.

	at ChildProcess.exithandler (node:child_process:399:12)
	at ChildProcess.emit (node:events:526:28)
	at maybeClose (node:internal/child_process:1092:16)
	at Socket.<anonymous> (node:internal/child_process:451:11)
	at Socket.emit (node:events:526:28)
	at Pipe.<anonymous> (node:net:687:12)] {
  killed: false,
  code: 2,
  signal: null,
  cmd: '/bin/python2 -I /workspace/.vscode-remote/extensions/ms-python.python-2023.2.0-universal/pythonFiles/get_output_via_markers.py /workspace/.vscode-remote/extensions/ms-python.python-2023.2.0-universal/pythonFiles/interpreterInfo.py'
}
> /bin/python3 -I /workspace/.vscode-remote/extensions/ms-python.python-2023.2.0-universal/pythonFiles/get_output_via_markers.py /workspace/.vscode-remote/extensions/ms-python.python-2023.2.0-universal/pythonFiles/interpreterInfo.py
> /usr/bin/python2 -I /workspace/.vscode-remote/extensions/ms-python.python-2023.2.0-universal/pythonFiles/get_output_via_markers.py /workspace/.vscode-remote/extensions/ms-python.python-2023.2.0-universal/pythonFiles/interpreterInfo.py
[ERROR 2023-1-4 13:53:28.698]: [Error: Command failed: /usr/bin/python2 -I /workspace/.vscode-remote/extensions/ms-python.python-2023.2.0-universal/pythonFiles/get_output_via_markers.py /workspace/.vscode-remote/extensions/ms-python.python-2023.2.0-universal/pythonFiles/interpreterInfo.py
Unknown option: -I
usage: /usr/bin/python2 [option] ... [-c cmd | -m mod | file | -] [arg] ...
Try `python -h' for more information.

	at ChildProcess.exithandler (node:child_process:399:12)
	at ChildProcess.emit (node:events:526:28)
	at maybeClose (node:internal/child_process:1092:16)
	at Socket.<anonymous> (node:internal/child_process:451:11)
	at Socket.emit (node:events:526:28)
	at Pipe.<anonymous> (node:net:687:12)] {
  killed: false,
  code: 2,
  signal: null,
  cmd: '/usr/bin/python2 -I /workspace/.vscode-remote/extensions/ms-python.python-2023.2.0-universal/pythonFiles/get_output_via_markers.py /workspace/.vscode-remote/extensions/ms-python.python-2023.2.0-universal/pythonFiles/interpreterInfo.py'
}
> /usr/bin/python3 -I /workspace/.vscode-remote/extensions/ms-python.python-2023.2.0-universal/pythonFiles/get_output_via_markers.py /workspace/.vscode-remote/extensions/ms-python.python-2023.2.0-universal/pythonFiles/interpreterInfo.py
> /bin/python2 -I /workspace/.vscode-remote/extensions/ms-python.python-2023.2.0-universal/pythonFiles/get_output_via_markers.py /workspace/.vscode-remote/extensions/ms-python.python-2023.2.0-universal/pythonFiles/interpreterInfo.py
[ERROR 2023-1-4 13:53:30.578]: [Error: Command failed: /bin/python2 -I /workspace/.vscode-remote/extensions/ms-python.python-2023.2.0-universal/pythonFiles/get_output_via_markers.py /workspace/.vscode-remote/extensions/ms-python.python-2023.2.0-universal/pythonFiles/interpreterInfo.py
Unknown option: -I
usage: /bin/python2 [option] ... [-c cmd | -m mod | file | -] [arg] ...
Try `python -h' for more information.

	at ChildProcess.exithandler (node:child_process:399:12)
	at ChildProcess.emit (node:events:526:28)
	at maybeClose (node:internal/child_process:1092:16)
	at Socket.<anonymous> (node:internal/child_process:451:11)
	at Socket.emit (node:events:526:28)
	at Pipe.<anonymous> (node:net:687:12)] {
  killed: false,
  code: 2,
  signal: null,
  cmd: '/bin/python2 -I /workspace/.vscode-remote/extensions/ms-python.python-2023.2.0-universal/pythonFiles/get_output_via_markers.py /workspace/.vscode-remote/extensions/ms-python.python-2023.2.0-universal/pythonFiles/interpreterInfo.py'
}
> /usr/bin/python2 -I /workspace/.vscode-remote/extensions/ms-python.python-2023.2.0-universal/pythonFiles/get_output_via_markers.py /workspace/.vscode-remote/extensions/ms-python.python-2023.2.0-universal/pythonFiles/interpreterInfo.py
[ERROR 2023-1-4 13:53:30.755]: [Error: Command failed: /usr/bin/python2 -I /workspace/.vscode-remote/extensions/ms-python.python-2023.2.0-universal/pythonFiles/get_output_via_markers.py /workspace/.vscode-remote/extensions/ms-python.python-2023.2.0-universal/pythonFiles/interpreterInfo.py
Unknown option: -I
usage: /usr/bin/python2 [option] ... [-c cmd | -m mod | file | -] [arg] ...
Try `python -h' for more information.

	at ChildProcess.exithandler (node:child_process:399:12)
	at ChildProcess.emit (node:events:526:28)
	at maybeClose (node:internal/child_process:1092:16)
	at Socket.<anonymous> (node:internal/child_process:451:11)
	at Socket.emit (node:events:526:28)
	at Pipe.<anonymous> (node:net:687:12)] {
  killed: false,
  code: 2,
  signal: null,
  cmd: '/usr/bin/python2 -I /workspace/.vscode-remote/extensions/ms-python.python-2023.2.0-universal/pythonFiles/get_output_via_markers.py /workspace/.vscode-remote/extensions/ms-python.python-2023.2.0-universal/pythonFiles/interpreterInfo.py'
}
Starting Jedi language server for ci-django-blog.
> ~/.pyenv/versions/3.8.11/bin/python /workspace/.vscode-remote/extensions/ms-python.python-2023.2.0-universal/pythonFiles/linter.py -m pycodestyle ./blog/admin.py
cwd: .
##########Linting Output - pycodestyle##########

13,28,E,E231:missing whitespace after ','
17,29,W,W292:no newline at end of file

> ~/.pyenv/versions/3.8.11/bin/python /workspace/.vscode-remote/extensions/ms-python.python-2023.2.0-universal/pythonFiles/linter.py -m pycodestyle ./blog/models.py
cwd: .
##########Linting Output - pycodestyle##########

9,9,E,E225:missing whitespace around operator
9,12,E,E231:missing whitespace after ','
9,21,E,E231:missing whitespace after ','
9,24,E,E231:missing whitespace after ','
15,80,E,E501:line too long (91 > 79 characters)
22,80,E,E501:line too long (82 > 79 characters)
35,80,E,E501:line too long (88 > 79 characters)

> ~/.pyenv/versions/3.8.11/bin/python /workspace/.vscode-remote/extensions/ms-python.python-2023.2.0-universal/pythonFiles/linter.py -m pycodestyle ./blog/admin.py
cwd: .
##########Linting Output - pycodestyle##########

13,28,E,E231:missing whitespace after ','

> ~/.pyenv/versions/3.8.11/bin/python /workspace/.vscode-remote/extensions/ms-python.python-2023.2.0-universal/pythonFiles/linter.py -m pycodestyle ./blog/admin.py
cwd: .
##########Linting Output - pycodestyle##########

13,28,E,E231:missing whitespace after ','

> ~/.pyenv/versions/3.8.11/bin/python /workspace/.vscode-remote/extensions/ms-python.python-2023.2.0-universal/pythonFiles/linter.py -m pycodestyle ./blog/admin.py
cwd: .
##########Linting Output - pycodestyle##########

13,28,E,E231:missing whitespace after ','

> ~/.pyenv/versions/3.8.11/bin/python /workspace/.vscode-remote/extensions/ms-python.python-2023.2.0-universal/pythonFiles/linter.py -m pycodestyle ./blog/models.py
cwd: .
##########Linting Output - pycodestyle##########

9,9,E,E225:missing whitespace around operator
9,12,E,E231:missing whitespace after ','
9,21,E,E231:missing whitespace after ','
9,24,E,E231:missing whitespace after ','
15,80,E,E501:line too long (91 > 79 characters)
22,80,E,E501:line too long (82 > 79 characters)
35,80,E,E501:line too long (85 > 79 characters)

> ~/.pyenv/versions/3.8.11/bin/python /workspace/.vscode-remote/extensions/ms-python.python-2023.2.0-universal/pythonFiles/linter.py -m pycodestyle ./blog/admin.py
cwd: .
##########Linting Output - pycodestyle##########

13,28,E,E231:missing whitespace after ','

> ~/.pyenv/versions/3.8.11/bin/python /workspace/.vscode-remote/extensions/ms-python.python-2023.2.0-universal/pythonFiles/linter.py -m pycodestyle ./blog/admin.py
cwd: .
##########Linting Output - pycodestyle##########

13,28,E,E231:missing whitespace after ','

> ~/.pyenv/versions/3.8.11/bin/python /workspace/.vscode-remote/extensions/ms-python.python-2023.2.0-universal/pythonFiles/linter.py -m pycodestyle ./blog/admin.py
cwd: .
##########Linting Output - pycodestyle##########


> ~/.pyenv/versions/3.8.11/bin/python /workspace/.vscode-remote/extensions/ms-python.python-2023.2.0-universal/pythonFiles/linter.py -m pycodestyle ./blog/admin.py
cwd: .
##########Linting Output - pycodestyle##########


> ~/.pyenv/versions/3.8.11/bin/python /workspace/.vscode-remote/extensions/ms-python.python-2023.2.0-universal/pythonFiles/linter.py -m pycodestyle ./blog/views.py
cwd: .
##########Linting Output - pycodestyle##########


> ~/.pyenv/versions/3.8.11/bin/python /workspace/.vscode-remote/extensions/ms-python.python-2023.2.0-universal/pythonFiles/linter.py -m pycodestyle ./blog/views.py
cwd: .
##########Linting Output - pycodestyle##########

13,1,W,W293:blank line contains whitespace
13,5,W,W292:no newline at end of file

> ~/.pyenv/versions/3.8.11/bin/python /workspace/.vscode-remote/extensions/ms-python.python-2023.2.0-universal/pythonFiles/linter.py -m pycodestyle ./blog/views.py
cwd: .
##########Linting Output - pycodestyle##########


> ~/.pyenv/versions/3.8.11/bin/python /workspace/.vscode-remote/extensions/ms-python.python-2023.2.0-universal/pythonFiles/linter.py -m pycodestyle ./blog/urls.py
cwd: .
##########Linting Output - pycodestyle##########


> ~/.pyenv/versions/3.8.11/bin/python /workspace/.vscode-remote/extensions/ms-python.python-2023.2.0-universal/pythonFiles/linter.py -m pycodestyle ./django_blog/urls.py
cwd: .
##########Linting Output - pycodestyle##########


> ~/.pyenv/versions/3.8.11/bin/python /workspace/.vscode-remote/extensions/ms-python.python-2023.2.0-universal/pythonFiles/linter.py -m pycodestyle ./blog/urls.py
cwd: .
##########Linting Output - pycodestyle##########

7,44,E,E251:unexpected spaces around keyword / parameter equals
7,46,E,E251:unexpected spaces around keyword / parameter equals
8,2,W,W292:no newline at end of file

> ~/.pyenv/versions/3.8.11/bin/python /workspace/.vscode-remote/extensions/ms-python.python-2023.2.0-universal/pythonFiles/linter.py -m pycodestyle ./blog/urls.py
cwd: .
##########Linting Output - pycodestyle##########

8,2,W,W292:no newline at end of file

> ~/.pyenv/versions/3.8.11/bin/python /workspace/.vscode-remote/extensions/ms-python.python-2023.2.0-universal/pythonFiles/linter.py -m pycodestyle ./blog/urls.py
cwd: .
##########Linting Output - pycodestyle##########


> ~/.pyenv/versions/3.8.11/bin/python /workspace/.vscode-remote/extensions/ms-python.python-2023.2.0-universal/pythonFiles/linter.py -m pycodestyle ./django_blog/urls.py
cwd: .
##########Linting Output - pycodestyle##########


> ~/.pyenv/versions/3.8.11/bin/python /workspace/.vscode-remote/extensions/ms-python.python-2023.2.0-universal/pythonFiles/linter.py -m pycodestyle ./django_blog/urls.py
cwd: .
##########Linting Output - pycodestyle##########


> ~/.pyenv/versions/3.8.11/bin/python /workspace/.vscode-remote/extensions/ms-python.python-2023.2.0-universal/pythonFiles/linter.py -m pycodestyle ./django_blog/urls.py
cwd: .
##########Linting Output - pycodestyle##########


> ~/.pyenv/versions/3.8.11/bin/python /workspace/.vscode-remote/extensions/ms-python.python-2023.2.0-universal/pythonFiles/linter.py -m pycodestyle ./django_blog/urls.py
cwd: .
##########Linting Output - pycodestyle##########


> ~/.pyenv/versions/3.8.11/bin/python /workspace/.vscode-remote/extensions/ms-python.python-2023.2.0-universal/pythonFiles/linter.py -m pycodestyle ./blog/urls.py
cwd: .
##########Linting Output - pycodestyle##########


> ~/.pyenv/versions/3.8.11/bin/python /workspace/.vscode-remote/extensions/ms-python.python-2023.2.0-universal/pythonFiles/linter.py -m pycodestyle ./blog/urls.py
cwd: .
##########Linting Output - pycodestyle##########


> ~/.pyenv/versions/3.8.11/bin/python /workspace/.vscode-remote/extensions/ms-python.python-2023.2.0-universal/pythonFiles/linter.py -m pycodestyle ./django_blog/urls.py
cwd: .
##########Linting Output - pycodestyle##########


> ~/.pyenv/versions/3.8.11/bin/python /workspace/.vscode-remote/extensions/ms-python.python-2023.2.0-universal/pythonFiles/linter.py -m pycodestyle ./blog/views.py
cwd: .
##########Linting Output - pycodestyle##########


> ~/.pyenv/versions/3.8.11/bin/python /workspace/.vscode-remote/extensions/ms-python.python-2023.2.0-universal/pythonFiles/linter.py -m pycodestyle ./blog/urls.py
cwd: .
##########Linting Output - pycodestyle##########


> ~/.pyenv/versions/3.8.11/bin/python /workspace/.vscode-remote/extensions/ms-python.python-2023.2.0-universal/pythonFiles/linter.py -m pycodestyle ./blog/urls.py
cwd: .
##########Linting Output - pycodestyle##########


> ~/.pyenv/versions/3.8.11/bin/python /workspace/.vscode-remote/extensions/ms-python.python-2023.2.0-universal/pythonFiles/linter.py -m pycodestyle ./blog/urls.py
cwd: .
##########Linting Output - pycodestyle##########


> ~/.pyenv/versions/3.8.11/bin/python /workspace/.vscode-remote/extensions/ms-python.python-2023.2.0-universal/pythonFiles/linter.py -m pycodestyle ./django_blog/urls.py
cwd: .
##########Linting Output - pycodestyle##########


> ~/.pyenv/versions/3.8.11/bin/python /workspace/.vscode-remote/extensions/ms-python.python-2023.2.0-universal/pythonFiles/linter.py -m pycodestyle ./django_blog/urls.py
cwd: .
##########Linting Output - pycodestyle##########


> ~/.pyenv/versions/3.8.11/bin/python /workspace/.vscode-remote/extensions/ms-python.python-2023.2.0-universal/pythonFiles/linter.py -m pycodestyle ./blog/views.py
cwd: .
##########Linting Output - pycodestyle##########


> ~/.pyenv/versions/3.8.11/bin/python /workspace/.vscode-remote/extensions/ms-python.python-2023.2.0-universal/pythonFiles/linter.py -m pycodestyle ./blog/views.py
cwd: .
##########Linting Output - pycodestyle##########

16,1,E,E303:too many blank lines (3)
26,50,E,E231:missing whitespace after ','

> ~/.pyenv/versions/3.8.11/bin/python /workspace/.vscode-remote/extensions/ms-python.python-2023.2.0-universal/pythonFiles/linter.py -m pycodestyle ./blog/views.py
cwd: .
##########Linting Output - pycodestyle##########

25,50,E,E231:missing whitespace after ','

> ~/.pyenv/versions/3.8.11/bin/python /workspace/.vscode-remote/extensions/ms-python.python-2023.2.0-universal/pythonFiles/linter.py -m pycodestyle ./blog/urls.py
cwd: .
##########Linting Output - pycodestyle##########


> ~/.pyenv/versions/3.8.11/bin/python /workspace/.vscode-remote/extensions/ms-python.python-2023.2.0-universal/pythonFiles/linter.py -m pycodestyle ./blog/models.py
cwd: .
##########Linting Output - pycodestyle##########

9,9,E,E225:missing whitespace around operator
9,12,E,E231:missing whitespace after ','
9,21,E,E231:missing whitespace after ','
9,24,E,E231:missing whitespace after ','
15,80,E,E501:line too long (91 > 79 characters)
22,80,E,E501:line too long (82 > 79 characters)
35,80,E,E501:line too long (85 > 79 characters)

> ~/.pyenv/versions/3.8.11/bin/python /workspace/.vscode-remote/extensions/ms-python.python-2023.2.0-universal/pythonFiles/linter.py -m pycodestyle ./blog/views.py
cwd: .
##########Linting Output - pycodestyle##########

25,50,E,E231:missing whitespace after ','

> ~/.pyenv/versions/3.8.11/bin/python /workspace/.vscode-remote/extensions/ms-python.python-2023.2.0-universal/pythonFiles/linter.py -m pycodestyle ./blog/urls.py
cwd: .
##########Linting Output - pycodestyle##########


> ~/.pyenv/versions/3.8.11/bin/python /workspace/.vscode-remote/extensions/ms-python.python-2023.2.0-universal/pythonFiles/linter.py -m pycodestyle ./django_blog/settings.py
cwd: .
##########Linting Output - pycodestyle##########

100,80,E,E501:line too long (91 > 79 characters)
103,80,E,E501:line too long (81 > 79 characters)
106,80,E,E501:line too long (82 > 79 characters)
109,80,E,E501:line too long (83 > 79 characters)
132,80,E,E501:line too long (80 > 79 characters)

> ~/.pyenv/versions/3.8.11/bin/python /workspace/.vscode-remote/extensions/ms-python.python-2023.2.0-universal/pythonFiles/linter.py -m pycodestyle ./django_blog/settings.py
cwd: .
##########Linting Output - pycodestyle##########

100,80,E,E501:line too long (91 > 79 characters)
103,80,E,E501:line too long (81 > 79 characters)
106,80,E,E501:line too long (82 > 79 characters)
109,80,E,E501:line too long (83 > 79 characters)
132,80,E,E501:line too long (80 > 79 characters)

> ~/.pyenv/versions/3.8.11/bin/python /workspace/.vscode-remote/extensions/ms-python.python-2023.2.0-universal/pythonFiles/linter.py -m pycodestyle ./django_blog/urls.py
cwd: .
##########Linting Output - pycodestyle##########


> ~/.pyenv/versions/3.8.11/bin/python /workspace/.vscode-remote/extensions/ms-python.python-2023.2.0-universal/pythonFiles/linter.py -m pycodestyle ./django_blog/settings.py
cwd: .
##########Linting Output - pycodestyle##########

104,80,E,E501:line too long (91 > 79 characters)
107,80,E,E501:line too long (81 > 79 characters)
110,80,E,E501:line too long (82 > 79 characters)
113,80,E,E501:line too long (83 > 79 characters)
136,80,E,E501:line too long (80 > 79 characters)

> ~/.pyenv/versions/3.8.11/bin/python /workspace/.vscode-remote/extensions/ms-python.python-2023.2.0-universal/pythonFiles/linter.py -m pycodestyle ./django_blog/settings.py
cwd: .
##########Linting Output - pycodestyle##########

110,80,E,E501:line too long (91 > 79 characters)
113,80,E,E501:line too long (81 > 79 characters)
116,80,E,E501:line too long (82 > 79 characters)
119,80,E,E501:line too long (83 > 79 characters)
142,80,E,E501:line too long (80 > 79 characters)

> ~/.pyenv/versions/3.8.11/bin/python /workspace/.vscode-remote/extensions/ms-python.python-2023.2.0-universal/pythonFiles/linter.py -m pycodestyle ./blog/models.py
cwd: .
##########Linting Output - pycodestyle##########

9,9,E,E225:missing whitespace around operator
9,12,E,E231:missing whitespace after ','
9,21,E,E231:missing whitespace after ','
9,24,E,E231:missing whitespace after ','
15,80,E,E501:line too long (91 > 79 characters)
22,80,E,E501:line too long (82 > 79 characters)
35,80,E,E501:line too long (85 > 79 characters)

> ~/.pyenv/versions/3.8.11/bin/python /workspace/.vscode-remote/extensions/ms-python.python-2023.2.0-universal/pythonFiles/linter.py -m pycodestyle ./django_blog/settings.py
cwd: .
##########Linting Output - pycodestyle##########

110,80,E,E501:line too long (91 > 79 characters)
113,80,E,E501:line too long (81 > 79 characters)
116,80,E,E501:line too long (82 > 79 characters)
119,80,E,E501:line too long (83 > 79 characters)
142,80,E,E501:line too long (80 > 79 characters)

> ~/.pyenv/versions/3.8.11/bin/python /workspace/.vscode-remote/extensions/ms-python.python-2023.2.0-universal/pythonFiles/linter.py -m pycodestyle ./django_blog/settings.py
cwd: .
##########Linting Output - pycodestyle##########

110,80,E,E501:line too long (91 > 79 characters)
113,80,E,E501:line too long (81 > 79 characters)
116,80,E,E501:line too long (82 > 79 characters)
119,80,E,E501:line too long (83 > 79 characters)
142,80,E,E501:line too long (80 > 79 characters)

> ~/.pyenv/versions/3.8.11/bin/python /workspace/.vscode-remote/extensions/ms-python.python-2023.2.0-universal/pythonFiles/linter.py -m pycodestyle ./django_blog/settings.py
cwd: .
##########Linting Output - pycodestyle##########

111,80,E,E501:line too long (91 > 79 characters)
114,80,E,E501:line too long (81 > 79 characters)
117,80,E,E501:line too long (82 > 79 characters)
120,80,E,E501:line too long (83 > 79 characters)
143,80,E,E501:line too long (80 > 79 characters)

