2023-02-03 15:22:22.743 [info] Log level: Info
2023-02-03 15:22:22.743 [info] Validating found git in: "git"
2023-02-03 15:22:22.743 [info] Using git "2.37.3" from "git"
2023-02-03 15:22:22.743 [info] > git rev-parse --show-toplevel [9ms]
2023-02-03 15:22:22.743 [info] > git rev-parse --git-dir --git-common-dir [3ms]
2023-02-03 15:22:22.743 [info] Open repository: /workspace/ci-django-blog
2023-02-03 15:22:22.743 [info] > git config --get commit.template [3ms]
2023-02-03 15:22:22.743 [info] > git rev-parse --show-toplevel [9ms]
2023-02-03 15:22:22.743 [info] > git rev-parse --show-toplevel [8ms]
2023-02-03 15:22:22.743 [info] > git for-each-ref --format=%(refname)%00%(upstream:short)%00%(objectname)%00%(upstream:track)%00%(upstream:remotename)%00%(upstream:remoteref) refs/heads/main refs/remotes/main [6ms]
2023-02-03 15:22:22.743 [info] > git status -z -uall [8ms]
2023-02-03 15:22:22.743 [info] > git for-each-ref --sort -committerdate --format %(refname) %(objectname) %(*objectname) [4ms]
2023-02-03 15:22:22.743 [info] > git config --get commit.template [9ms]
2023-02-03 15:22:22.743 [info] > git for-each-ref --format=%(refname)%00%(upstream:short)%00%(objectname)%00%(upstream:track)%00%(upstream:remotename)%00%(upstream:remoteref) refs/heads/main refs/remotes/main [3ms]
2023-02-03 15:22:22.743 [info] > git status -z -uall [11ms]
2023-02-03 15:22:22.743 [info] > git for-each-ref --sort -committerdate --format %(refname) %(objectname) %(*objectname) [3ms]
2023-02-03 15:22:22.743 [info] > git check-ignore -v -z --stdin [1ms]
2023-02-03 15:22:24.452 [info] > git config --local branch.main.github-pr-owner-number [102ms]
2023-02-03 15:22:24.465 [info] > git config --get commit.template [3ms]
2023-02-03 15:22:24.533 [info] > git for-each-ref --format=%(refname)%00%(upstream:short)%00%(objectname)%00%(upstream:track)%00%(upstream:remotename)%00%(upstream:remoteref) refs/heads/main refs/remotes/main [57ms]
2023-02-03 15:22:24.549 [info] > git status -z -uall [7ms]
2023-02-03 15:22:24.550 [info] > git for-each-ref --sort -committerdate --format %(refname) %(objectname) %(*objectname) [2ms]
2023-02-03 15:27:23.965 [info] > git config --local branch.main.github-pr-owner-number [1ms]
2023-02-03 15:27:23.987 [info] > git config --get commit.template [10ms]
2023-02-03 15:27:23.988 [info] > git for-each-ref --format=%(refname)%00%(upstream:short)%00%(objectname)%00%(upstream:track)%00%(upstream:remotename)%00%(upstream:remoteref) refs/heads/main refs/remotes/main [2ms]
2023-02-03 15:27:24.005 [info] > git status -z -uall [7ms]
2023-02-03 15:27:24.006 [info] > git for-each-ref --sort -committerdate --format %(refname) %(objectname) %(*objectname) [2ms]
2023-02-03 15:32:24.025 [info] > git config --local branch.main.github-pr-owner-number [2ms]
2023-02-03 15:32:24.062 [info] > git config --get commit.template [20ms]
2023-02-03 15:32:24.062 [info] > git for-each-ref --format=%(refname)%00%(upstream:short)%00%(objectname)%00%(upstream:track)%00%(upstream:remotename)%00%(upstream:remoteref) refs/heads/main refs/remotes/main [1ms]
2023-02-03 15:32:24.088 [info] > git status -z -uall [12ms]
2023-02-03 15:32:24.089 [info] > git for-each-ref --sort -committerdate --format %(refname) %(objectname) %(*objectname) [2ms]
2023-02-03 15:35:56.853 [info] > git check-ignore -v -z --stdin [1ms]
2023-02-03 15:35:57.451 [info] > git config --get commit.template [10ms]
2023-02-03 15:35:57.452 [info] > git for-each-ref --format=%(refname)%00%(upstream:short)%00%(objectname)%00%(upstream:track)%00%(upstream:remotename)%00%(upstream:remoteref) refs/heads/main refs/remotes/main [2ms]
2023-02-03 15:35:57.473 [info] > git status -z -uall [10ms]
2023-02-03 15:35:57.475 [info] > git for-each-ref --sort -committerdate --format %(refname) %(objectname) %(*objectname) [3ms]
2023-02-03 15:37:24.105 [info] > git config --local branch.main.github-pr-owner-number [1ms]
2023-02-03 15:37:24.127 [info] > git config --get commit.template [12ms]
2023-02-03 15:37:24.128 [info] > git for-each-ref --format=%(refname)%00%(upstream:short)%00%(objectname)%00%(upstream:track)%00%(upstream:remotename)%00%(upstream:remoteref) refs/heads/main refs/remotes/main [2ms]
2023-02-03 15:37:24.145 [info] > git status -z -uall [11ms]
2023-02-03 15:37:24.146 [info] > git for-each-ref --sort -committerdate --format %(refname) %(objectname) %(*objectname) [2ms]
2023-02-03 15:38:06.727 [info] > git show --textconv :requirements.txt [7ms]
2023-02-03 15:38:06.728 [info] > git ls-files --stage -- /workspace/ci-django-blog/requirements.txt [2ms]
2023-02-03 15:39:09.194 [info] > git for-each-ref --format=%(refname)%00%(upstream:short)%00%(objectname)%00%(upstream:track)%00%(upstream:remotename)%00%(upstream:remoteref) refs/heads/main refs/remotes/main [10ms]
2023-02-03 15:39:09.194 [info] > git config --get commit.template [18ms]
2023-02-03 15:39:09.212 [info] > git check-ignore -v -z --stdin [19ms]
2023-02-03 15:39:09.212 [info] > git status -z -uall [9ms]
2023-02-03 15:39:09.213 [info] > git for-each-ref --sort -committerdate --format %(refname) %(objectname) %(*objectname) [2ms]
2023-02-03 15:39:17.328 [info] > git check-ignore -v -z --stdin [1ms]
2023-02-03 15:39:54.995 [info] > git config --get commit.template [8ms]
2023-02-03 15:39:54.996 [info] > git for-each-ref --format=%(refname)%00%(upstream:short)%00%(objectname)%00%(upstream:track)%00%(upstream:remotename)%00%(upstream:remoteref) refs/heads/main refs/remotes/main [2ms]
2023-02-03 15:39:55.012 [info] > git status -z -uall [9ms]
2023-02-03 15:39:55.013 [info] > git for-each-ref --sort -committerdate --format %(refname) %(objectname) %(*objectname) [2ms]
2023-02-03 15:40:05.027 [info] > git config --get commit.template [12ms]
2023-02-03 15:40:05.027 [info] > git for-each-ref --format=%(refname)%00%(upstream:short)%00%(objectname)%00%(upstream:track)%00%(upstream:remotename)%00%(upstream:remoteref) refs/heads/main refs/remotes/main [1ms]
2023-02-03 15:40:05.052 [info] > git status -z -uall [14ms]
2023-02-03 15:40:05.053 [info] > git for-each-ref --sort -committerdate --format %(refname) %(objectname) %(*objectname) [2ms]
2023-02-03 15:40:05.149 [info] > git check-ignore -v -z --stdin [2ms]
2023-02-03 15:40:40.408 [info] > git check-ignore -v -z --stdin [1ms]
2023-02-03 15:42:24.161 [info] > git config --local branch.main.github-pr-owner-number [1ms]
2023-02-03 15:42:24.185 [info] > git config --get commit.template [10ms]
2023-02-03 15:42:24.186 [info] > git for-each-ref --format=%(refname)%00%(upstream:short)%00%(objectname)%00%(upstream:track)%00%(upstream:remotename)%00%(upstream:remoteref) refs/heads/main refs/remotes/main [2ms]
2023-02-03 15:42:24.197 [info] > git status -z -uall [5ms]
2023-02-03 15:42:24.198 [info] > git for-each-ref --sort -committerdate --format %(refname) %(objectname) %(*objectname) [1ms]
2023-02-03 15:42:28.572 [info] > git config --get commit.template [8ms]
2023-02-03 15:42:28.573 [info] > git for-each-ref --format=%(refname)%00%(upstream:short)%00%(objectname)%00%(upstream:track)%00%(upstream:remotename)%00%(upstream:remoteref) refs/heads/main refs/remotes/main [1ms]
2023-02-03 15:42:28.585 [info] > git status -z -uall [7ms]
2023-02-03 15:42:28.586 [info] > git for-each-ref --sort -committerdate --format %(refname) %(objectname) %(*objectname) [2ms]
2023-02-03 15:42:28.697 [info] > git check-ignore -v -z --stdin [3ms]
2023-02-03 15:45:27.904 [info] > git check-ignore -v -z --stdin [1ms]
2023-02-03 15:45:31.843 [info] > git show --textconv :django_blog/settings.py [74ms]
2023-02-03 15:45:31.859 [info] > git ls-files --stage -- /workspace/ci-django-blog/django_blog/settings.py [19ms]
2023-02-03 15:45:50.000 [info] > git config --get commit.template [20ms]
2023-02-03 15:45:50.002 [info] > git for-each-ref --format=%(refname)%00%(upstream:short)%00%(objectname)%00%(upstream:track)%00%(upstream:remotename)%00%(upstream:remoteref) refs/heads/main refs/remotes/main [3ms]
2023-02-03 15:45:50.041 [info] > git status -z -uall [19ms]
2023-02-03 15:45:50.043 [info] > git for-each-ref --sort -committerdate --format %(refname) %(objectname) %(*objectname) [1ms]
2023-02-03 15:47:24.212 [info] > git config --local branch.main.github-pr-owner-number [1ms]
2023-02-03 15:47:24.226 [info] > git config --get commit.template [7ms]
2023-02-03 15:47:24.227 [info] > git for-each-ref --format=%(refname)%00%(upstream:short)%00%(objectname)%00%(upstream:track)%00%(upstream:remotename)%00%(upstream:remoteref) refs/heads/main refs/remotes/main [1ms]
2023-02-03 15:47:24.240 [info] > git status -z -uall [8ms]
2023-02-03 15:47:24.241 [info] > git for-each-ref --sort -committerdate --format %(refname) %(objectname) %(*objectname) [2ms]
2023-02-03 15:48:07.253 [info] > git check-ignore -v -z --stdin [1ms]
2023-02-03 15:48:07.554 [info] > git config --get commit.template [10ms]
2023-02-03 15:48:07.555 [info] > git for-each-ref --format=%(refname)%00%(upstream:short)%00%(objectname)%00%(upstream:track)%00%(upstream:remotename)%00%(upstream:remoteref) refs/heads/main refs/remotes/main [1ms]
2023-02-03 15:48:07.568 [info] > git status -z -uall [6ms]
2023-02-03 15:48:07.569 [info] > git for-each-ref --sort -committerdate --format %(refname) %(objectname) %(*objectname) [1ms]
2023-02-03 15:52:24.260 [info] > git config --local branch.main.github-pr-owner-number [2ms]
2023-02-03 15:52:24.284 [info] > git config --get commit.template [7ms]
2023-02-03 15:52:24.284 [info] > git for-each-ref --format=%(refname)%00%(upstream:short)%00%(objectname)%00%(upstream:track)%00%(upstream:remotename)%00%(upstream:remoteref) refs/heads/main refs/remotes/main [1ms]
2023-02-03 15:52:24.306 [info] > git status -z -uall [11ms]
2023-02-03 15:52:24.307 [info] > git for-each-ref --sort -committerdate --format %(refname) %(objectname) %(*objectname) [2ms]
2023-02-03 15:57:24.322 [info] > git config --local branch.main.github-pr-owner-number [1ms]
2023-02-03 15:57:24.334 [info] > git config --get commit.template [6ms]
2023-02-03 15:57:24.334 [info] > git for-each-ref --format=%(refname)%00%(upstream:short)%00%(objectname)%00%(upstream:track)%00%(upstream:remotename)%00%(upstream:remoteref) refs/heads/main refs/remotes/main [1ms]
2023-02-03 15:57:24.346 [info] > git status -z -uall [6ms]
2023-02-03 15:57:24.347 [info] > git for-each-ref --sort -committerdate --format %(refname) %(objectname) %(*objectname) [1ms]
2023-02-03 15:57:36.148 [info] > git config --get commit.template [1ms]
2023-02-03 15:57:36.160 [info] > git for-each-ref --format=%(refname)%00%(upstream:short)%00%(objectname)%00%(upstream:track)%00%(upstream:remotename)%00%(upstream:remoteref) refs/heads/main refs/remotes/main [2ms]
2023-02-03 15:57:36.176 [info] > git status -z -uall [8ms]
2023-02-03 15:57:36.177 [info] > git for-each-ref --sort -committerdate --format %(refname) %(objectname) %(*objectname) [2ms]
2023-02-03 16:02:24.362 [info] > git config --local branch.main.github-pr-owner-number [1ms]
2023-02-03 16:02:24.375 [info] > git config --get commit.template [6ms]
2023-02-03 16:02:24.376 [info] > git for-each-ref --format=%(refname)%00%(upstream:short)%00%(objectname)%00%(upstream:track)%00%(upstream:remotename)%00%(upstream:remoteref) refs/heads/main refs/remotes/main [1ms]
2023-02-03 16:02:24.388 [info] > git status -z -uall [7ms]
2023-02-03 16:02:24.389 [info] > git for-each-ref --sort -committerdate --format %(refname) %(objectname) %(*objectname) [1ms]
2023-02-03 16:03:50.885 [info] > git config --get commit.template [7ms]
2023-02-03 16:03:50.886 [info] > git for-each-ref --format=%(refname)%00%(upstream:short)%00%(objectname)%00%(upstream:track)%00%(upstream:remotename)%00%(upstream:remoteref) refs/heads/main refs/remotes/main [1ms]
2023-02-03 16:03:50.900 [info] > git status -z -uall [7ms]
2023-02-03 16:03:50.901 [info] > git for-each-ref --sort -committerdate --format %(refname) %(objectname) %(*objectname) [2ms]
2023-02-03 16:03:51.049 [info] > git ls-files --stage -- /workspace/ci-django-blog/django_blog/settings.py [1ms]
2023-02-03 16:03:51.056 [info] > git cat-file -s 24e0b39a193e58715562ed4fa8159a6bb03eeaaa [1ms]
2023-02-03 16:03:51.135 [info] > git show --textconv :django_blog/settings.py [1ms]
2023-02-03 16:06:22.478 [info] > git config --get commit.template [7ms]
2023-02-03 16:06:22.479 [info] > git for-each-ref --format=%(refname)%00%(upstream:short)%00%(objectname)%00%(upstream:track)%00%(upstream:remotename)%00%(upstream:remoteref) refs/heads/main refs/remotes/main [2ms]
2023-02-03 16:06:22.492 [info] > git status -z -uall [8ms]
2023-02-03 16:06:22.493 [info] > git for-each-ref --sort -committerdate --format %(refname) %(objectname) %(*objectname) [1ms]
2023-02-03 16:06:22.710 [info] > git config --local branch.main.github-pr-owner-number [1ms]
2023-02-03 16:06:22.724 [info] > git config --get commit.template [7ms]
2023-02-03 16:06:22.726 [info] > git for-each-ref --format=%(refname)%00%(upstream:short)%00%(objectname)%00%(upstream:track)%00%(upstream:remotename)%00%(upstream:remoteref) refs/heads/main refs/remotes/main [2ms]
2023-02-03 16:06:22.745 [info] > git status -z -uall [13ms]
2023-02-03 16:06:22.746 [info] > git ls-files --stage -- /workspace/ci-django-blog/django_blog/settings.py [1ms]
2023-02-03 16:06:22.752 [info] > git for-each-ref --sort -committerdate --format %(refname) %(objectname) %(*objectname) [14ms]
2023-02-03 16:06:22.768 [info] > git cat-file -s 24e0b39a193e58715562ed4fa8159a6bb03eeaaa [16ms]
2023-02-03 16:06:22.855 [info] > git show --textconv :django_blog/settings.py [2ms]
2023-02-03 16:06:29.379 [info] > git config --get commit.template [6ms]
2023-02-03 16:06:29.379 [info] > git for-each-ref --format=%(refname)%00%(upstream:short)%00%(objectname)%00%(upstream:track)%00%(upstream:remotename)%00%(upstream:remoteref) refs/heads/main refs/remotes/main [1ms]
2023-02-03 16:06:29.391 [info] > git status -z -uall [6ms]
2023-02-03 16:06:29.392 [info] > git for-each-ref --sort -committerdate --format %(refname) %(objectname) %(*objectname) [1ms]
2023-02-03 16:06:29.525 [info] > git config --local branch.main.github-pr-owner-number [30ms]
2023-02-03 16:06:29.548 [info] > git config --get commit.template [14ms]
2023-02-03 16:06:29.553 [info] > git ls-files --stage -- /workspace/ci-django-blog/django_blog/settings.py [12ms]
2023-02-03 16:06:29.563 [info] > git for-each-ref --format=%(refname)%00%(upstream:short)%00%(objectname)%00%(upstream:track)%00%(upstream:remotename)%00%(upstream:remoteref) refs/heads/main refs/remotes/main [16ms]
2023-02-03 16:06:29.576 [info] > git status -z -uall [7ms]
2023-02-03 16:06:29.576 [info] > git cat-file -s 24e0b39a193e58715562ed4fa8159a6bb03eeaaa [16ms]
2023-02-03 16:06:29.577 [info] > git for-each-ref --sort -committerdate --format %(refname) %(objectname) %(*objectname) [2ms]
2023-02-03 16:06:29.643 [info] > git show --textconv :django_blog/settings.py [1ms]
2023-02-03 16:07:24.404 [info] > git config --local branch.main.github-pr-owner-number [1ms]
2023-02-03 16:07:24.421 [info] > git config --get commit.template [8ms]
2023-02-03 16:07:24.422 [info] > git for-each-ref --format=%(refname)%00%(upstream:short)%00%(objectname)%00%(upstream:track)%00%(upstream:remotename)%00%(upstream:remoteref) refs/heads/main refs/remotes/main [1ms]
2023-02-03 16:07:24.444 [info] > git status -z -uall [14ms]
2023-02-03 16:07:24.445 [info] > git for-each-ref --sort -committerdate --format %(refname) %(objectname) %(*objectname) [3ms]
2023-02-03 16:12:24.463 [info] > git config --local branch.main.github-pr-owner-number [1ms]
2023-02-03 16:12:24.482 [info] > git config --get commit.template [7ms]
2023-02-03 16:12:24.484 [info] > git for-each-ref --format=%(refname)%00%(upstream:short)%00%(objectname)%00%(upstream:track)%00%(upstream:remotename)%00%(upstream:remoteref) refs/heads/main refs/remotes/main [2ms]
2023-02-03 16:12:24.502 [info] > git status -z -uall [9ms]
2023-02-03 16:12:24.503 [info] > git for-each-ref --sort -committerdate --format %(refname) %(objectname) %(*objectname) [2ms]
2023-02-03 16:17:24.517 [info] > git config --local branch.main.github-pr-owner-number [1ms]
2023-02-03 16:17:24.530 [info] > git config --get commit.template [6ms]
2023-02-03 16:17:24.530 [info] > git for-each-ref --format=%(refname)%00%(upstream:short)%00%(objectname)%00%(upstream:track)%00%(upstream:remotename)%00%(upstream:remoteref) refs/heads/main refs/remotes/main [1ms]
2023-02-03 16:17:24.542 [info] > git status -z -uall [6ms]
2023-02-03 16:17:24.543 [info] > git for-each-ref --sort -committerdate --format %(refname) %(objectname) %(*objectname) [2ms]
2023-02-03 16:22:24.557 [info] > git config --local branch.main.github-pr-owner-number [1ms]
2023-02-03 16:22:24.569 [info] > git config --get commit.template [6ms]
2023-02-03 16:22:24.570 [info] > git for-each-ref --format=%(refname)%00%(upstream:short)%00%(objectname)%00%(upstream:track)%00%(upstream:remotename)%00%(upstream:remoteref) refs/heads/main refs/remotes/main [1ms]
2023-02-03 16:22:24.582 [info] > git status -z -uall [6ms]
2023-02-03 16:22:24.582 [info] > git for-each-ref --sort -committerdate --format %(refname) %(objectname) %(*objectname) [1ms]
2023-02-03 16:27:24.601 [info] > git config --local branch.main.github-pr-owner-number [2ms]
2023-02-03 16:27:24.623 [info] > git config --get commit.template [13ms]
2023-02-03 16:27:24.624 [info] > git for-each-ref --format=%(refname)%00%(upstream:short)%00%(objectname)%00%(upstream:track)%00%(upstream:remotename)%00%(upstream:remoteref) refs/heads/main refs/remotes/main [2ms]
2023-02-03 16:27:24.649 [info] > git status -z -uall [11ms]
2023-02-03 16:27:24.650 [info] > git for-each-ref --sort -committerdate --format %(refname) %(objectname) %(*objectname) [2ms]
2023-02-03 16:32:24.667 [info] > git config --local branch.main.github-pr-owner-number [1ms]
2023-02-03 16:32:24.681 [info] > git config --get commit.template [7ms]
2023-02-03 16:32:24.681 [info] > git for-each-ref --format=%(refname)%00%(upstream:short)%00%(objectname)%00%(upstream:track)%00%(upstream:remotename)%00%(upstream:remoteref) refs/heads/main refs/remotes/main [1ms]
2023-02-03 16:32:24.695 [info] > git status -z -uall [7ms]
2023-02-03 16:32:24.696 [info] > git for-each-ref --sort -committerdate --format %(refname) %(objectname) %(*objectname) [2ms]
2023-02-03 16:37:24.728 [info] > git config --local branch.main.github-pr-owner-number [2ms]
2023-02-03 16:37:24.795 [info] > git config --get commit.template [30ms]
2023-02-03 16:37:24.796 [info] > git for-each-ref --format=%(refname)%00%(upstream:short)%00%(objectname)%00%(upstream:track)%00%(upstream:remotename)%00%(upstream:remoteref) refs/heads/main refs/remotes/main [2ms]
2023-02-03 16:37:24.851 [info] > git status -z -uall [27ms]
2023-02-03 16:37:24.854 [info] > git for-each-ref --sort -committerdate --format %(refname) %(objectname) %(*objectname) [5ms]
2023-02-03 16:42:24.894 [info] > git config --local branch.main.github-pr-owner-number [3ms]
2023-02-03 16:42:24.966 [info] > git config --get commit.template [35ms]
2023-02-03 16:42:24.967 [info] > git for-each-ref --format=%(refname)%00%(upstream:short)%00%(objectname)%00%(upstream:track)%00%(upstream:remotename)%00%(upstream:remoteref) refs/heads/main refs/remotes/main [2ms]
2023-02-03 16:42:25.037 [info] > git status -z -uall [36ms]
2023-02-03 16:42:25.039 [info] > git for-each-ref --sort -committerdate --format %(refname) %(objectname) %(*objectname) [4ms]
2023-02-03 16:47:25.071 [info] > git config --local branch.main.github-pr-owner-number [3ms]
2023-02-03 16:47:25.122 [info] > git config --get commit.template [25ms]
2023-02-03 16:47:25.123 [info] > git for-each-ref --format=%(refname)%00%(upstream:short)%00%(objectname)%00%(upstream:track)%00%(upstream:remotename)%00%(upstream:remoteref) refs/heads/main refs/remotes/main [2ms]
2023-02-03 16:47:25.187 [info] > git status -z -uall [33ms]
2023-02-03 16:47:25.190 [info] > git for-each-ref --sort -committerdate --format %(refname) %(objectname) %(*objectname) [4ms]
2023-02-03 16:52:25.223 [info] > git config --local branch.main.github-pr-owner-number [3ms]
2023-02-03 16:52:25.264 [info] > git config --get commit.template [17ms]
2023-02-03 16:52:25.265 [info] > git for-each-ref --format=%(refname)%00%(upstream:short)%00%(objectname)%00%(upstream:track)%00%(upstream:remotename)%00%(upstream:remoteref) refs/heads/main refs/remotes/main [2ms]
2023-02-03 16:52:25.311 [info] > git status -z -uall [27ms]
2023-02-03 16:52:25.313 [info] > git for-each-ref --sort -committerdate --format %(refname) %(objectname) %(*objectname) [3ms]
2023-02-03 16:57:25.340 [info] > git config --local branch.main.github-pr-owner-number [1ms]
2023-02-03 16:57:25.391 [info] > git config --get commit.template [27ms]
2023-02-03 16:57:25.393 [info] > git for-each-ref --format=%(refname)%00%(upstream:short)%00%(objectname)%00%(upstream:track)%00%(upstream:remotename)%00%(upstream:remoteref) refs/heads/main refs/remotes/main [3ms]
2023-02-03 16:57:25.449 [info] > git status -z -uall [28ms]
2023-02-03 16:57:25.451 [info] > git for-each-ref --sort -committerdate --format %(refname) %(objectname) %(*objectname) [3ms]
2023-02-03 17:02:25.488 [info] > git config --local branch.main.github-pr-owner-number [2ms]
2023-02-03 17:02:25.542 [info] > git config --get commit.template [29ms]
2023-02-03 17:02:25.543 [info] > git for-each-ref --format=%(refname)%00%(upstream:short)%00%(objectname)%00%(upstream:track)%00%(upstream:remotename)%00%(upstream:remoteref) refs/heads/main refs/remotes/main [2ms]
2023-02-03 17:02:25.602 [info] > git status -z -uall [30ms]
2023-02-03 17:02:25.604 [info] > git for-each-ref --sort -committerdate --format %(refname) %(objectname) %(*objectname) [3ms]
2023-02-03 17:07:25.653 [info] > git config --local branch.main.github-pr-owner-number [2ms]
2023-02-03 17:07:25.718 [info] > git config --get commit.template [34ms]
2023-02-03 17:07:25.719 [info] > git for-each-ref --format=%(refname)%00%(upstream:short)%00%(objectname)%00%(upstream:track)%00%(upstream:remotename)%00%(upstream:remoteref) refs/heads/main refs/remotes/main [3ms]
2023-02-03 17:07:25.791 [info] > git status -z -uall [38ms]
2023-02-03 17:07:25.793 [info] > git for-each-ref --sort -committerdate --format %(refname) %(objectname) %(*objectname) [6ms]
