2023-02-03 18:32:19.053 [info] Extension host with pid 1025 started
2023-02-03 18:32:19.057 [error] Error: EEXIST: file already exists, open '/workspace/.vscode-remote/data/User/workspaceStorage/-423d24f5/vscode.lock'
2023-02-03 18:32:19.100 [info] Lock '/workspace/.vscode-remote/data/User/workspaceStorage/-423d24f5/vscode.lock': Could not acquire lock, checking if the file is stale.
2023-02-03 18:32:19.101 [info] Lock '/workspace/.vscode-remote/data/User/workspaceStorage/-423d24f5/vscode.lock': The pid 1043 appears to be gone.
2023-02-03 18:32:19.101 [info] Lock '/workspace/.vscode-remote/data/User/workspaceStorage/-423d24f5/vscode.lock': Deleting a stale lock.
2023-02-03 18:32:19.104 [info] Lock '/workspace/.vscode-remote/data/User/workspaceStorage/-423d24f5/vscode.lock': Lock acquired.
2023-02-03 18:32:19.416 [info] ExtensionService#_doActivateExtension vscode.git-base, startup: false, activationEvent: '*', root cause: vscode.git
2023-02-03 18:32:19.417 [info] ExtensionService#_doActivateExtension gitpod.gitpod-web, startup: false, activationEvent: '*'
2023-02-03 18:32:19.417 [info] ExtensionService#_doActivateExtension formulahendry.auto-close-tag, startup: false, activationEvent: '*'
2023-02-03 18:32:19.417 [info] ExtensionService#_doActivateExtension HookyQR.beautify, startup: false, activationEvent: '*'
2023-02-03 18:32:19.417 [info] ExtensionService#_doActivateExtension vscode.emmet, startup: false, activationEvent: 'onLanguage'
2023-02-03 18:32:19.418 [info] ExtensionService#_doActivateExtension ms-python.python, startup: false, activationEvent: 'onLanguage:python', root cause: ms-python.isort
2023-02-03 18:32:19.418 [info] ExtensionService#_doActivateExtension ms-toolsai.jupyter, startup: false, activationEvent: 'onLanguage:python'
2023-02-03 18:32:19.418 [info] ExtensionService#_doActivateExtension njpwerner.autodocstring, startup: false, activationEvent: 'onLanguage:python'
2023-02-03 18:32:20.842 [info] ExtensionService#_doActivateExtension ms-toolsai.jupyter-renderers, startup: false, activationEvent: 'api', root cause: ms-toolsai.jupyter
2023-02-03 18:32:20.899 [info] ExtensionService#_doActivateExtension vscode.git, startup: false, activationEvent: '*'
2023-02-03 18:32:20.899 [info] ExtensionService#_doActivateExtension vscode.github, startup: false, activationEvent: '*'
2023-02-03 18:32:21.413 [info] ExtensionService#_doActivateExtension ms-python.isort, startup: false, activationEvent: 'onLanguage:python'
2023-02-03 18:32:21.745 [info] ExtensionService#_doActivateExtension redhat.vscode-yaml, startup: false, activationEvent: 'onLanguage:yaml'
2023-02-03 18:32:22.052 [info] ExtensionService#_doActivateExtension vscode.debug-auto-launch, startup: false, activationEvent: 'onStartupFinished'
2023-02-03 18:32:22.053 [info] ExtensionService#_doActivateExtension vscode.merge-conflict, startup: false, activationEvent: 'onStartupFinished'
2023-02-03 18:32:22.053 [info] ExtensionService#_doActivateExtension dalirnet.doctypes, startup: false, activationEvent: 'onStartupFinished'
2023-02-03 18:32:22.053 [info] ExtensionService#_doActivateExtension vscode.github-authentication, startup: false, activationEvent: 'onStartupFinished', root cause: GitHub.vscode-pull-request-github
2023-02-03 18:32:22.054 [info] Eager extensions activated
2023-02-03 18:32:22.230 [info] ExtensionService#_doActivateExtension GitHub.vscode-pull-request-github, startup: false, activationEvent: 'onStartupFinished'
2023-02-03 18:32:22.677 [warning] [redhat.vscode-yaml] Accessing a resource scoped configuration without providing a resource is not expected. To get the effective value for '[yaml]', provide the URI of a resource or 'null' for any resource.
2023-02-03 18:32:22.679 [warning] [redhat.vscode-yaml] Accessing a resource scoped configuration without providing a resource is not expected. To get the effective value for '[yaml]', provide the URI of a resource or 'null' for any resource.
2023-02-03 18:32:23.374 [info] ExtensionService#_doActivateExtension vscode.configuration-editing, startup: false, activationEvent: 'onLanguage:jsonc'
2023-02-03 18:32:23.375 [info] ExtensionService#_doActivateExtension vscode.json-language-features, startup: false, activationEvent: 'onLanguage:jsonc'
2023-02-03 18:32:23.375 [info] ExtensionService#_doActivateExtension vscode.typescript-language-features, startup: false, activationEvent: 'onLanguage:jsonc'
2023-02-03 18:34:54.192 [info] ExtensionService#_doActivateExtension vscode.extension-editing, startup: false, activationEvent: 'onLanguage:ignore'
2023-02-03 18:34:54.193 [info] ExtensionService#_doActivateExtension vscode.npm, startup: false, activationEvent: 'onLanguage:ignore'
2023-02-03 20:59:22.652 [info] Extension host terminating: renderer disconnected for too long (2)
2023-02-03 20:59:22.657 [info] Lock '/workspace/.vscode-remote/data/User/workspaceStorage/-423d24f5/vscode.lock': Marking the lockfile as scheduled to be released in 6000 ms.
2023-02-03 20:59:22.691 [error] Canceled: Canceled
	at Object.k [as canceled] (/ide/out/vs/workbench/api/node/extensionHostProcess.js:7:1192)
	at /ide/out/vs/workbench/api/node/extensionHostProcess.js:106:7891
	at Array.forEach (<anonymous>)
	at l.dispose (/ide/out/vs/workbench/api/node/extensionHostProcess.js:106:7856)
	at f.terminate (/ide/out/vs/workbench/api/node/extensionHostProcess.js:108:9275)
	at d.terminate (/ide/out/vs/workbench/api/node/extensionHostProcess.js:112:1397)
	at p (/ide/out/vs/workbench/api/node/extensionHostProcess.js:122:17851)
	at M.a (/ide/out/vs/workbench/api/node/extensionHostProcess.js:122:14406)
	at M.h (/ide/out/vs/workbench/api/node/extensionHostProcess.js:66:46705)
	at listOnTimeout (node:internal/timers:559:17)
	at processTimers (node:internal/timers:502:7) setContext undefined
2023-02-03 20:59:22.691 [error] Canceled: Canceled
	at Object.k [as canceled] (/ide/out/vs/workbench/api/node/extensionHostProcess.js:7:1192)
	at /ide/out/vs/workbench/api/node/extensionHostProcess.js:106:7891
	at Array.forEach (<anonymous>)
	at l.dispose (/ide/out/vs/workbench/api/node/extensionHostProcess.js:106:7856)
	at f.terminate (/ide/out/vs/workbench/api/node/extensionHostProcess.js:108:9275)
	at d.terminate (/ide/out/vs/workbench/api/node/extensionHostProcess.js:112:1397)
	at p (/ide/out/vs/workbench/api/node/extensionHostProcess.js:122:17851)
	at M.a (/ide/out/vs/workbench/api/node/extensionHostProcess.js:122:14406)
	at M.h (/ide/out/vs/workbench/api/node/extensionHostProcess.js:66:46705)
	at listOnTimeout (node:internal/timers:559:17)
	at processTimers (node:internal/timers:502:7) setContext undefined
2023-02-03 20:59:22.691 [error] Canceled: Canceled
	at Object.k [as canceled] (/ide/out/vs/workbench/api/node/extensionHostProcess.js:7:1192)
	at /ide/out/vs/workbench/api/node/extensionHostProcess.js:106:7891
	at Array.forEach (<anonymous>)
	at l.dispose (/ide/out/vs/workbench/api/node/extensionHostProcess.js:106:7856)
	at f.terminate (/ide/out/vs/workbench/api/node/extensionHostProcess.js:108:9275)
	at d.terminate (/ide/out/vs/workbench/api/node/extensionHostProcess.js:112:1397)
	at p (/ide/out/vs/workbench/api/node/extensionHostProcess.js:122:17851)
	at M.a (/ide/out/vs/workbench/api/node/extensionHostProcess.js:122:14406)
	at M.h (/ide/out/vs/workbench/api/node/extensionHostProcess.js:66:46705)
	at listOnTimeout (node:internal/timers:559:17)
	at processTimers (node:internal/timers:502:7) setContext undefined
2023-02-03 20:59:22.691 [error] Canceled: Canceled
	at Object.k [as canceled] (/ide/out/vs/workbench/api/node/extensionHostProcess.js:7:1192)
	at /ide/out/vs/workbench/api/node/extensionHostProcess.js:106:7891
	at Array.forEach (<anonymous>)
	at l.dispose (/ide/out/vs/workbench/api/node/extensionHostProcess.js:106:7856)
	at f.terminate (/ide/out/vs/workbench/api/node/extensionHostProcess.js:108:9275)
	at d.terminate (/ide/out/vs/workbench/api/node/extensionHostProcess.js:112:1397)
	at p (/ide/out/vs/workbench/api/node/extensionHostProcess.js:122:17851)
	at M.a (/ide/out/vs/workbench/api/node/extensionHostProcess.js:122:14406)
	at M.h (/ide/out/vs/workbench/api/node/extensionHostProcess.js:66:46705)
	at listOnTimeout (node:internal/timers:559:17)
	at processTimers (node:internal/timers:502:7) setContext undefined
2023-02-03 20:59:22.691 [error] Canceled: Canceled
	at Object.k [as canceled] (/ide/out/vs/workbench/api/node/extensionHostProcess.js:7:1192)
	at /ide/out/vs/workbench/api/node/extensionHostProcess.js:106:7891
	at Array.forEach (<anonymous>)
	at l.dispose (/ide/out/vs/workbench/api/node/extensionHostProcess.js:106:7856)
	at f.terminate (/ide/out/vs/workbench/api/node/extensionHostProcess.js:108:9275)
	at d.terminate (/ide/out/vs/workbench/api/node/extensionHostProcess.js:112:1397)
	at p (/ide/out/vs/workbench/api/node/extensionHostProcess.js:122:17851)
	at M.a (/ide/out/vs/workbench/api/node/extensionHostProcess.js:122:14406)
	at M.h (/ide/out/vs/workbench/api/node/extensionHostProcess.js:66:46705)
	at listOnTimeout (node:internal/timers:559:17)
	at processTimers (node:internal/timers:502:7) setContext undefined
2023-02-03 20:59:22.691 [error] Canceled: Canceled
	at Object.k [as canceled] (/ide/out/vs/workbench/api/node/extensionHostProcess.js:7:1192)
	at /ide/out/vs/workbench/api/node/extensionHostProcess.js:106:7891
	at Array.forEach (<anonymous>)
	at l.dispose (/ide/out/vs/workbench/api/node/extensionHostProcess.js:106:7856)
	at f.terminate (/ide/out/vs/workbench/api/node/extensionHostProcess.js:108:9275)
	at d.terminate (/ide/out/vs/workbench/api/node/extensionHostProcess.js:112:1397)
	at p (/ide/out/vs/workbench/api/node/extensionHostProcess.js:122:17851)
	at M.a (/ide/out/vs/workbench/api/node/extensionHostProcess.js:122:14406)
	at M.h (/ide/out/vs/workbench/api/node/extensionHostProcess.js:66:46705)
	at listOnTimeout (node:internal/timers:559:17)
	at processTimers (node:internal/timers:502:7) setContext undefined
2023-02-03 20:59:22.692 [error] Canceled: Canceled
	at Object.k [as canceled] (/ide/out/vs/workbench/api/node/extensionHostProcess.js:7:1192)
	at /ide/out/vs/workbench/api/node/extensionHostProcess.js:106:7891
	at Array.forEach (<anonymous>)
	at l.dispose (/ide/out/vs/workbench/api/node/extensionHostProcess.js:106:7856)
	at f.terminate (/ide/out/vs/workbench/api/node/extensionHostProcess.js:108:9275)
	at d.terminate (/ide/out/vs/workbench/api/node/extensionHostProcess.js:112:1397)
	at p (/ide/out/vs/workbench/api/node/extensionHostProcess.js:122:17851)
	at M.a (/ide/out/vs/workbench/api/node/extensionHostProcess.js:122:14406)
	at M.h (/ide/out/vs/workbench/api/node/extensionHostProcess.js:66:46705)
	at listOnTimeout (node:internal/timers:559:17)
	at processTimers (node:internal/timers:502:7) setContext undefined
2023-02-03 20:59:22.692 [error] Canceled: Canceled
	at Object.k [as canceled] (/ide/out/vs/workbench/api/node/extensionHostProcess.js:7:1192)
	at /ide/out/vs/workbench/api/node/extensionHostProcess.js:106:7891
	at Array.forEach (<anonymous>)
	at l.dispose (/ide/out/vs/workbench/api/node/extensionHostProcess.js:106:7856)
	at f.terminate (/ide/out/vs/workbench/api/node/extensionHostProcess.js:108:9275)
	at d.terminate (/ide/out/vs/workbench/api/node/extensionHostProcess.js:112:1397)
	at p (/ide/out/vs/workbench/api/node/extensionHostProcess.js:122:17851)
	at M.a (/ide/out/vs/workbench/api/node/extensionHostProcess.js:122:14406)
	at M.h (/ide/out/vs/workbench/api/node/extensionHostProcess.js:66:46705)
	at listOnTimeout (node:internal/timers:559:17)
	at processTimers (node:internal/timers:502:7) setContext undefined
2023-02-03 20:59:22.692 [error] Canceled: Canceled
	at Object.k [as canceled] (/ide/out/vs/workbench/api/node/extensionHostProcess.js:7:1192)
	at /ide/out/vs/workbench/api/node/extensionHostProcess.js:106:7891
	at Array.forEach (<anonymous>)
	at l.dispose (/ide/out/vs/workbench/api/node/extensionHostProcess.js:106:7856)
	at f.terminate (/ide/out/vs/workbench/api/node/extensionHostProcess.js:108:9275)
	at d.terminate (/ide/out/vs/workbench/api/node/extensionHostProcess.js:112:1397)
	at p (/ide/out/vs/workbench/api/node/extensionHostProcess.js:122:17851)
	at M.a (/ide/out/vs/workbench/api/node/extensionHostProcess.js:122:14406)
	at M.h (/ide/out/vs/workbench/api/node/extensionHostProcess.js:66:46705)
	at listOnTimeout (node:internal/timers:559:17)
	at processTimers (node:internal/timers:502:7) setContext undefined
2023-02-03 20:59:22.692 [error] Canceled: Canceled
	at Object.k [as canceled] (/ide/out/vs/workbench/api/node/extensionHostProcess.js:7:1192)
	at /ide/out/vs/workbench/api/node/extensionHostProcess.js:106:7891
	at Array.forEach (<anonymous>)
	at l.dispose (/ide/out/vs/workbench/api/node/extensionHostProcess.js:106:7856)
	at f.terminate (/ide/out/vs/workbench/api/node/extensionHostProcess.js:108:9275)
	at d.terminate (/ide/out/vs/workbench/api/node/extensionHostProcess.js:112:1397)
	at p (/ide/out/vs/workbench/api/node/extensionHostProcess.js:122:17851)
	at M.a (/ide/out/vs/workbench/api/node/extensionHostProcess.js:122:14406)
	at M.h (/ide/out/vs/workbench/api/node/extensionHostProcess.js:66:46705)
	at listOnTimeout (node:internal/timers:559:17)
	at processTimers (node:internal/timers:502:7) setContext undefined
2023-02-03 20:59:22.692 [error] Canceled: Canceled
	at Object.k [as canceled] (/ide/out/vs/workbench/api/node/extensionHostProcess.js:7:1192)
	at /ide/out/vs/workbench/api/node/extensionHostProcess.js:106:7891
	at Array.forEach (<anonymous>)
	at l.dispose (/ide/out/vs/workbench/api/node/extensionHostProcess.js:106:7856)
	at f.terminate (/ide/out/vs/workbench/api/node/extensionHostProcess.js:108:9275)
	at d.terminate (/ide/out/vs/workbench/api/node/extensionHostProcess.js:112:1397)
	at p (/ide/out/vs/workbench/api/node/extensionHostProcess.js:122:17851)
	at M.a (/ide/out/vs/workbench/api/node/extensionHostProcess.js:122:14406)
	at M.h (/ide/out/vs/workbench/api/node/extensionHostProcess.js:66:46705)
	at listOnTimeout (node:internal/timers:559:17)
	at processTimers (node:internal/timers:502:7) setContext undefined
2023-02-03 20:59:22.692 [error] Canceled: Canceled
	at Object.k [as canceled] (/ide/out/vs/workbench/api/node/extensionHostProcess.js:7:1192)
	at /ide/out/vs/workbench/api/node/extensionHostProcess.js:106:7891
	at Array.forEach (<anonymous>)
	at l.dispose (/ide/out/vs/workbench/api/node/extensionHostProcess.js:106:7856)
	at f.terminate (/ide/out/vs/workbench/api/node/extensionHostProcess.js:108:9275)
	at d.terminate (/ide/out/vs/workbench/api/node/extensionHostProcess.js:112:1397)
	at p (/ide/out/vs/workbench/api/node/extensionHostProcess.js:122:17851)
	at M.a (/ide/out/vs/workbench/api/node/extensionHostProcess.js:122:14406)
	at M.h (/ide/out/vs/workbench/api/node/extensionHostProcess.js:66:46705)
	at listOnTimeout (node:internal/timers:559:17)
	at processTimers (node:internal/timers:502:7) setContext undefined
2023-02-03 20:59:22.692 [error] Canceled: Canceled
	at Object.k [as canceled] (/ide/out/vs/workbench/api/node/extensionHostProcess.js:7:1192)
	at /ide/out/vs/workbench/api/node/extensionHostProcess.js:106:7891
	at Array.forEach (<anonymous>)
	at l.dispose (/ide/out/vs/workbench/api/node/extensionHostProcess.js:106:7856)
	at f.terminate (/ide/out/vs/workbench/api/node/extensionHostProcess.js:108:9275)
	at d.terminate (/ide/out/vs/workbench/api/node/extensionHostProcess.js:112:1397)
	at p (/ide/out/vs/workbench/api/node/extensionHostProcess.js:122:17851)
	at M.a (/ide/out/vs/workbench/api/node/extensionHostProcess.js:122:14406)
	at M.h (/ide/out/vs/workbench/api/node/extensionHostProcess.js:66:46705)
	at listOnTimeout (node:internal/timers:559:17)
	at processTimers (node:internal/timers:502:7) setContext undefined
2023-02-03 20:59:22.692 [error] Canceled: Canceled
	at Object.k [as canceled] (/ide/out/vs/workbench/api/node/extensionHostProcess.js:7:1192)
	at /ide/out/vs/workbench/api/node/extensionHostProcess.js:106:7891
	at Array.forEach (<anonymous>)
	at l.dispose (/ide/out/vs/workbench/api/node/extensionHostProcess.js:106:7856)
	at f.terminate (/ide/out/vs/workbench/api/node/extensionHostProcess.js:108:9275)
	at d.terminate (/ide/out/vs/workbench/api/node/extensionHostProcess.js:112:1397)
	at p (/ide/out/vs/workbench/api/node/extensionHostProcess.js:122:17851)
	at M.a (/ide/out/vs/workbench/api/node/extensionHostProcess.js:122:14406)
	at M.h (/ide/out/vs/workbench/api/node/extensionHostProcess.js:66:46705)
	at listOnTimeout (node:internal/timers:559:17)
	at processTimers (node:internal/timers:502:7) setContext undefined
2023-02-03 20:59:22.692 [error] Canceled: Canceled
	at Object.k [as canceled] (/ide/out/vs/workbench/api/node/extensionHostProcess.js:7:1192)
	at /ide/out/vs/workbench/api/node/extensionHostProcess.js:106:7891
	at Array.forEach (<anonymous>)
	at l.dispose (/ide/out/vs/workbench/api/node/extensionHostProcess.js:106:7856)
	at f.terminate (/ide/out/vs/workbench/api/node/extensionHostProcess.js:108:9275)
	at d.terminate (/ide/out/vs/workbench/api/node/extensionHostProcess.js:112:1397)
	at p (/ide/out/vs/workbench/api/node/extensionHostProcess.js:122:17851)
	at M.a (/ide/out/vs/workbench/api/node/extensionHostProcess.js:122:14406)
	at M.h (/ide/out/vs/workbench/api/node/extensionHostProcess.js:66:46705)
	at listOnTimeout (node:internal/timers:559:17)
	at processTimers (node:internal/timers:502:7) setContext undefined
2023-02-03 20:59:22.692 [error] Canceled: Canceled
	at Object.k [as canceled] (/ide/out/vs/workbench/api/node/extensionHostProcess.js:7:1192)
	at /ide/out/vs/workbench/api/node/extensionHostProcess.js:106:7891
	at Array.forEach (<anonymous>)
	at l.dispose (/ide/out/vs/workbench/api/node/extensionHostProcess.js:106:7856)
	at f.terminate (/ide/out/vs/workbench/api/node/extensionHostProcess.js:108:9275)
	at d.terminate (/ide/out/vs/workbench/api/node/extensionHostProcess.js:112:1397)
	at p (/ide/out/vs/workbench/api/node/extensionHostProcess.js:122:17851)
	at M.a (/ide/out/vs/workbench/api/node/extensionHostProcess.js:122:14406)
	at M.h (/ide/out/vs/workbench/api/node/extensionHostProcess.js:66:46705)
	at listOnTimeout (node:internal/timers:559:17)
	at processTimers (node:internal/timers:502:7) setContext undefined
2023-02-03 20:59:22.692 [error] Canceled: Canceled
	at Object.k [as canceled] (/ide/out/vs/workbench/api/node/extensionHostProcess.js:7:1192)
	at /ide/out/vs/workbench/api/node/extensionHostProcess.js:106:7891
	at Array.forEach (<anonymous>)
	at l.dispose (/ide/out/vs/workbench/api/node/extensionHostProcess.js:106:7856)
	at f.terminate (/ide/out/vs/workbench/api/node/extensionHostProcess.js:108:9275)
	at d.terminate (/ide/out/vs/workbench/api/node/extensionHostProcess.js:112:1397)
	at p (/ide/out/vs/workbench/api/node/extensionHostProcess.js:122:17851)
	at M.a (/ide/out/vs/workbench/api/node/extensionHostProcess.js:122:14406)
	at M.h (/ide/out/vs/workbench/api/node/extensionHostProcess.js:66:46705)
	at listOnTimeout (node:internal/timers:559:17)
	at processTimers (node:internal/timers:502:7) setContext undefined
2023-02-03 20:59:22.692 [error] Canceled: Canceled
	at Object.k [as canceled] (/ide/out/vs/workbench/api/node/extensionHostProcess.js:7:1192)
	at /ide/out/vs/workbench/api/node/extensionHostProcess.js:106:7891
	at Array.forEach (<anonymous>)
	at l.dispose (/ide/out/vs/workbench/api/node/extensionHostProcess.js:106:7856)
	at f.terminate (/ide/out/vs/workbench/api/node/extensionHostProcess.js:108:9275)
	at d.terminate (/ide/out/vs/workbench/api/node/extensionHostProcess.js:112:1397)
	at p (/ide/out/vs/workbench/api/node/extensionHostProcess.js:122:17851)
	at M.a (/ide/out/vs/workbench/api/node/extensionHostProcess.js:122:14406)
	at M.h (/ide/out/vs/workbench/api/node/extensionHostProcess.js:66:46705)
	at listOnTimeout (node:internal/timers:559:17)
	at processTimers (node:internal/timers:502:7) setContext undefined
2023-02-03 20:59:22.692 [error] Canceled: Canceled
	at Object.k [as canceled] (/ide/out/vs/workbench/api/node/extensionHostProcess.js:7:1192)
	at /ide/out/vs/workbench/api/node/extensionHostProcess.js:106:7891
	at Array.forEach (<anonymous>)
	at l.dispose (/ide/out/vs/workbench/api/node/extensionHostProcess.js:106:7856)
	at f.terminate (/ide/out/vs/workbench/api/node/extensionHostProcess.js:108:9275)
	at d.terminate (/ide/out/vs/workbench/api/node/extensionHostProcess.js:112:1397)
	at p (/ide/out/vs/workbench/api/node/extensionHostProcess.js:122:17851)
	at M.a (/ide/out/vs/workbench/api/node/extensionHostProcess.js:122:14406)
	at M.h (/ide/out/vs/workbench/api/node/extensionHostProcess.js:66:46705)
	at listOnTimeout (node:internal/timers:559:17)
	at processTimers (node:internal/timers:502:7) setContext undefined
2023-02-03 20:59:22.692 [error] Canceled: Canceled
	at Object.k [as canceled] (/ide/out/vs/workbench/api/node/extensionHostProcess.js:7:1192)
	at /ide/out/vs/workbench/api/node/extensionHostProcess.js:106:7891
	at Array.forEach (<anonymous>)
	at l.dispose (/ide/out/vs/workbench/api/node/extensionHostProcess.js:106:7856)
	at f.terminate (/ide/out/vs/workbench/api/node/extensionHostProcess.js:108:9275)
	at d.terminate (/ide/out/vs/workbench/api/node/extensionHostProcess.js:112:1397)
	at p (/ide/out/vs/workbench/api/node/extensionHostProcess.js:122:17851)
	at M.a (/ide/out/vs/workbench/api/node/extensionHostProcess.js:122:14406)
	at M.h (/ide/out/vs/workbench/api/node/extensionHostProcess.js:66:46705)
	at listOnTimeout (node:internal/timers:559:17)
	at processTimers (node:internal/timers:502:7) setContext undefined
2023-02-03 20:59:22.692 [error] Canceled: Canceled
	at Object.k [as canceled] (/ide/out/vs/workbench/api/node/extensionHostProcess.js:7:1192)
	at /ide/out/vs/workbench/api/node/extensionHostProcess.js:106:7891
	at Array.forEach (<anonymous>)
	at l.dispose (/ide/out/vs/workbench/api/node/extensionHostProcess.js:106:7856)
	at f.terminate (/ide/out/vs/workbench/api/node/extensionHostProcess.js:108:9275)
	at d.terminate (/ide/out/vs/workbench/api/node/extensionHostProcess.js:112:1397)
	at p (/ide/out/vs/workbench/api/node/extensionHostProcess.js:122:17851)
	at M.a (/ide/out/vs/workbench/api/node/extensionHostProcess.js:122:14406)
	at M.h (/ide/out/vs/workbench/api/node/extensionHostProcess.js:66:46705)
	at listOnTimeout (node:internal/timers:559:17)
	at processTimers (node:internal/timers:502:7) setContext undefined
2023-02-03 20:59:22.693 [error] Canceled: Canceled
	at Object.k [as canceled] (/ide/out/vs/workbench/api/node/extensionHostProcess.js:7:1192)
	at /ide/out/vs/workbench/api/node/extensionHostProcess.js:106:7891
	at Array.forEach (<anonymous>)
	at l.dispose (/ide/out/vs/workbench/api/node/extensionHostProcess.js:106:7856)
	at f.terminate (/ide/out/vs/workbench/api/node/extensionHostProcess.js:108:9275)
	at d.terminate (/ide/out/vs/workbench/api/node/extensionHostProcess.js:112:1397)
	at p (/ide/out/vs/workbench/api/node/extensionHostProcess.js:122:17851)
	at M.a (/ide/out/vs/workbench/api/node/extensionHostProcess.js:122:14406)
	at M.h (/ide/out/vs/workbench/api/node/extensionHostProcess.js:66:46705)
	at listOnTimeout (node:internal/timers:559:17)
	at processTimers (node:internal/timers:502:7) setContext undefined
2023-02-03 20:59:22.693 [error] Canceled: Canceled
	at Object.k [as canceled] (/ide/out/vs/workbench/api/node/extensionHostProcess.js:7:1192)
	at /ide/out/vs/workbench/api/node/extensionHostProcess.js:106:7891
	at Array.forEach (<anonymous>)
	at l.dispose (/ide/out/vs/workbench/api/node/extensionHostProcess.js:106:7856)
	at f.terminate (/ide/out/vs/workbench/api/node/extensionHostProcess.js:108:9275)
	at d.terminate (/ide/out/vs/workbench/api/node/extensionHostProcess.js:112:1397)
	at p (/ide/out/vs/workbench/api/node/extensionHostProcess.js:122:17851)
	at M.a (/ide/out/vs/workbench/api/node/extensionHostProcess.js:122:14406)
	at M.h (/ide/out/vs/workbench/api/node/extensionHostProcess.js:66:46705)
	at listOnTimeout (node:internal/timers:559:17)
	at processTimers (node:internal/timers:502:7) setContext undefined
2023-02-03 20:59:22.693 [error] Canceled: Canceled
	at Object.k [as canceled] (/ide/out/vs/workbench/api/node/extensionHostProcess.js:7:1192)
	at /ide/out/vs/workbench/api/node/extensionHostProcess.js:106:7891
	at Array.forEach (<anonymous>)
	at l.dispose (/ide/out/vs/workbench/api/node/extensionHostProcess.js:106:7856)
	at f.terminate (/ide/out/vs/workbench/api/node/extensionHostProcess.js:108:9275)
	at d.terminate (/ide/out/vs/workbench/api/node/extensionHostProcess.js:112:1397)
	at p (/ide/out/vs/workbench/api/node/extensionHostProcess.js:122:17851)
	at M.a (/ide/out/vs/workbench/api/node/extensionHostProcess.js:122:14406)
	at M.h (/ide/out/vs/workbench/api/node/extensionHostProcess.js:66:46705)
	at listOnTimeout (node:internal/timers:559:17)
	at processTimers (node:internal/timers:502:7) setContext undefined
2023-02-03 20:59:22.693 [error] Canceled: Canceled
	at Object.k [as canceled] (/ide/out/vs/workbench/api/node/extensionHostProcess.js:7:1192)
	at /ide/out/vs/workbench/api/node/extensionHostProcess.js:106:7891
	at Array.forEach (<anonymous>)
	at l.dispose (/ide/out/vs/workbench/api/node/extensionHostProcess.js:106:7856)
	at f.terminate (/ide/out/vs/workbench/api/node/extensionHostProcess.js:108:9275)
	at d.terminate (/ide/out/vs/workbench/api/node/extensionHostProcess.js:112:1397)
	at p (/ide/out/vs/workbench/api/node/extensionHostProcess.js:122:17851)
	at M.a (/ide/out/vs/workbench/api/node/extensionHostProcess.js:122:14406)
	at M.h (/ide/out/vs/workbench/api/node/extensionHostProcess.js:66:46705)
	at listOnTimeout (node:internal/timers:559:17)
	at processTimers (node:internal/timers:502:7) setContext undefined
2023-02-03 20:59:22.693 [error] Canceled: Canceled
	at Object.k [as canceled] (/ide/out/vs/workbench/api/node/extensionHostProcess.js:7:1192)
	at /ide/out/vs/workbench/api/node/extensionHostProcess.js:106:7891
	at Array.forEach (<anonymous>)
	at l.dispose (/ide/out/vs/workbench/api/node/extensionHostProcess.js:106:7856)
	at f.terminate (/ide/out/vs/workbench/api/node/extensionHostProcess.js:108:9275)
	at d.terminate (/ide/out/vs/workbench/api/node/extensionHostProcess.js:112:1397)
	at p (/ide/out/vs/workbench/api/node/extensionHostProcess.js:122:17851)
	at M.a (/ide/out/vs/workbench/api/node/extensionHostProcess.js:122:14406)
	at M.h (/ide/out/vs/workbench/api/node/extensionHostProcess.js:66:46705)
	at listOnTimeout (node:internal/timers:559:17)
	at processTimers (node:internal/timers:502:7) setContext undefined
2023-02-03 20:59:22.693 [error] Canceled: Canceled
	at Object.k [as canceled] (/ide/out/vs/workbench/api/node/extensionHostProcess.js:7:1192)
	at /ide/out/vs/workbench/api/node/extensionHostProcess.js:106:7891
	at Array.forEach (<anonymous>)
	at l.dispose (/ide/out/vs/workbench/api/node/extensionHostProcess.js:106:7856)
	at f.terminate (/ide/out/vs/workbench/api/node/extensionHostProcess.js:108:9275)
	at d.terminate (/ide/out/vs/workbench/api/node/extensionHostProcess.js:112:1397)
	at p (/ide/out/vs/workbench/api/node/extensionHostProcess.js:122:17851)
	at M.a (/ide/out/vs/workbench/api/node/extensionHostProcess.js:122:14406)
	at M.h (/ide/out/vs/workbench/api/node/extensionHostProcess.js:66:46705)
	at listOnTimeout (node:internal/timers:559:17)
	at processTimers (node:internal/timers:502:7) setContext undefined
2023-02-03 20:59:22.693 [error] Canceled: Canceled
	at Object.k [as canceled] (/ide/out/vs/workbench/api/node/extensionHostProcess.js:7:1192)
	at /ide/out/vs/workbench/api/node/extensionHostProcess.js:106:7891
	at Array.forEach (<anonymous>)
	at l.dispose (/ide/out/vs/workbench/api/node/extensionHostProcess.js:106:7856)
	at f.terminate (/ide/out/vs/workbench/api/node/extensionHostProcess.js:108:9275)
	at d.terminate (/ide/out/vs/workbench/api/node/extensionHostProcess.js:112:1397)
	at p (/ide/out/vs/workbench/api/node/extensionHostProcess.js:122:17851)
	at M.a (/ide/out/vs/workbench/api/node/extensionHostProcess.js:122:14406)
	at M.h (/ide/out/vs/workbench/api/node/extensionHostProcess.js:66:46705)
	at listOnTimeout (node:internal/timers:559:17)
	at processTimers (node:internal/timers:502:7) setContext undefined
2023-02-03 20:59:22.693 [error] Canceled: Canceled
	at Object.k [as canceled] (/ide/out/vs/workbench/api/node/extensionHostProcess.js:7:1192)
	at /ide/out/vs/workbench/api/node/extensionHostProcess.js:106:7891
	at Array.forEach (<anonymous>)
	at l.dispose (/ide/out/vs/workbench/api/node/extensionHostProcess.js:106:7856)
	at f.terminate (/ide/out/vs/workbench/api/node/extensionHostProcess.js:108:9275)
	at d.terminate (/ide/out/vs/workbench/api/node/extensionHostProcess.js:112:1397)
	at p (/ide/out/vs/workbench/api/node/extensionHostProcess.js:122:17851)
	at M.a (/ide/out/vs/workbench/api/node/extensionHostProcess.js:122:14406)
	at M.h (/ide/out/vs/workbench/api/node/extensionHostProcess.js:66:46705)
	at listOnTimeout (node:internal/timers:559:17)
	at processTimers (node:internal/timers:502:7) setContext undefined
2023-02-03 20:59:22.693 [error] Canceled: Canceled
	at Object.k [as canceled] (/ide/out/vs/workbench/api/node/extensionHostProcess.js:7:1192)
	at /ide/out/vs/workbench/api/node/extensionHostProcess.js:106:7891
	at Array.forEach (<anonymous>)
	at l.dispose (/ide/out/vs/workbench/api/node/extensionHostProcess.js:106:7856)
	at f.terminate (/ide/out/vs/workbench/api/node/extensionHostProcess.js:108:9275)
	at d.terminate (/ide/out/vs/workbench/api/node/extensionHostProcess.js:112:1397)
	at p (/ide/out/vs/workbench/api/node/extensionHostProcess.js:122:17851)
	at M.a (/ide/out/vs/workbench/api/node/extensionHostProcess.js:122:14406)
	at M.h (/ide/out/vs/workbench/api/node/extensionHostProcess.js:66:46705)
	at listOnTimeout (node:internal/timers:559:17)
	at processTimers (node:internal/timers:502:7) setContext undefined
2023-02-03 20:59:22.693 [error] Canceled: Canceled
	at Object.k [as canceled] (/ide/out/vs/workbench/api/node/extensionHostProcess.js:7:1192)
	at /ide/out/vs/workbench/api/node/extensionHostProcess.js:106:7891
	at Array.forEach (<anonymous>)
	at l.dispose (/ide/out/vs/workbench/api/node/extensionHostProcess.js:106:7856)
	at f.terminate (/ide/out/vs/workbench/api/node/extensionHostProcess.js:108:9275)
	at d.terminate (/ide/out/vs/workbench/api/node/extensionHostProcess.js:112:1397)
	at p (/ide/out/vs/workbench/api/node/extensionHostProcess.js:122:17851)
	at M.a (/ide/out/vs/workbench/api/node/extensionHostProcess.js:122:14406)
	at M.h (/ide/out/vs/workbench/api/node/extensionHostProcess.js:66:46705)
	at listOnTimeout (node:internal/timers:559:17)
	at processTimers (node:internal/timers:502:7) setContext undefined
2023-02-03 20:59:22.693 [error] Canceled: Canceled
	at Object.k [as canceled] (/ide/out/vs/workbench/api/node/extensionHostProcess.js:7:1192)
	at /ide/out/vs/workbench/api/node/extensionHostProcess.js:106:7891
	at Array.forEach (<anonymous>)
	at l.dispose (/ide/out/vs/workbench/api/node/extensionHostProcess.js:106:7856)
	at f.terminate (/ide/out/vs/workbench/api/node/extensionHostProcess.js:108:9275)
	at d.terminate (/ide/out/vs/workbench/api/node/extensionHostProcess.js:112:1397)
	at p (/ide/out/vs/workbench/api/node/extensionHostProcess.js:122:17851)
	at M.a (/ide/out/vs/workbench/api/node/extensionHostProcess.js:122:14406)
	at M.h (/ide/out/vs/workbench/api/node/extensionHostProcess.js:66:46705)
	at listOnTimeout (node:internal/timers:559:17)
	at processTimers (node:internal/timers:502:7) setContext undefined
2023-02-03 20:59:22.693 [error] Canceled: Canceled
	at Object.k [as canceled] (/ide/out/vs/workbench/api/node/extensionHostProcess.js:7:1192)
	at /ide/out/vs/workbench/api/node/extensionHostProcess.js:106:7891
	at Array.forEach (<anonymous>)
	at l.dispose (/ide/out/vs/workbench/api/node/extensionHostProcess.js:106:7856)
	at f.terminate (/ide/out/vs/workbench/api/node/extensionHostProcess.js:108:9275)
	at d.terminate (/ide/out/vs/workbench/api/node/extensionHostProcess.js:112:1397)
	at p (/ide/out/vs/workbench/api/node/extensionHostProcess.js:122:17851)
	at M.a (/ide/out/vs/workbench/api/node/extensionHostProcess.js:122:14406)
	at M.h (/ide/out/vs/workbench/api/node/extensionHostProcess.js:66:46705)
	at listOnTimeout (node:internal/timers:559:17)
	at processTimers (node:internal/timers:502:7) setContext undefined
2023-02-03 20:59:22.693 [error] Canceled: Canceled
	at Object.k [as canceled] (/ide/out/vs/workbench/api/node/extensionHostProcess.js:7:1192)
	at /ide/out/vs/workbench/api/node/extensionHostProcess.js:106:7891
	at Array.forEach (<anonymous>)
	at l.dispose (/ide/out/vs/workbench/api/node/extensionHostProcess.js:106:7856)
	at f.terminate (/ide/out/vs/workbench/api/node/extensionHostProcess.js:108:9275)
	at d.terminate (/ide/out/vs/workbench/api/node/extensionHostProcess.js:112:1397)
	at p (/ide/out/vs/workbench/api/node/extensionHostProcess.js:122:17851)
	at M.a (/ide/out/vs/workbench/api/node/extensionHostProcess.js:122:14406)
	at M.h (/ide/out/vs/workbench/api/node/extensionHostProcess.js:66:46705)
	at listOnTimeout (node:internal/timers:559:17)
	at processTimers (node:internal/timers:502:7) setContext undefined
2023-02-03 20:59:22.693 [error] Canceled: Canceled
	at Object.k [as canceled] (/ide/out/vs/workbench/api/node/extensionHostProcess.js:7:1192)
	at /ide/out/vs/workbench/api/node/extensionHostProcess.js:106:7891
	at Array.forEach (<anonymous>)
	at l.dispose (/ide/out/vs/workbench/api/node/extensionHostProcess.js:106:7856)
	at f.terminate (/ide/out/vs/workbench/api/node/extensionHostProcess.js:108:9275)
	at d.terminate (/ide/out/vs/workbench/api/node/extensionHostProcess.js:112:1397)
	at p (/ide/out/vs/workbench/api/node/extensionHostProcess.js:122:17851)
	at M.a (/ide/out/vs/workbench/api/node/extensionHostProcess.js:122:14406)
	at M.h (/ide/out/vs/workbench/api/node/extensionHostProcess.js:66:46705)
	at listOnTimeout (node:internal/timers:559:17)
	at processTimers (node:internal/timers:502:7) setContext undefined
2023-02-03 20:59:22.693 [error] Canceled: Canceled
	at Object.k [as canceled] (/ide/out/vs/workbench/api/node/extensionHostProcess.js:7:1192)
	at /ide/out/vs/workbench/api/node/extensionHostProcess.js:106:7891
	at Array.forEach (<anonymous>)
	at l.dispose (/ide/out/vs/workbench/api/node/extensionHostProcess.js:106:7856)
	at f.terminate (/ide/out/vs/workbench/api/node/extensionHostProcess.js:108:9275)
	at d.terminate (/ide/out/vs/workbench/api/node/extensionHostProcess.js:112:1397)
	at p (/ide/out/vs/workbench/api/node/extensionHostProcess.js:122:17851)
	at M.a (/ide/out/vs/workbench/api/node/extensionHostProcess.js:122:14406)
	at M.h (/ide/out/vs/workbench/api/node/extensionHostProcess.js:66:46705)
	at listOnTimeout (node:internal/timers:559:17)
	at processTimers (node:internal/timers:502:7) setContext undefined
2023-02-03 20:59:22.693 [error] Canceled: Canceled
	at Object.k [as canceled] (/ide/out/vs/workbench/api/node/extensionHostProcess.js:7:1192)
	at /ide/out/vs/workbench/api/node/extensionHostProcess.js:106:7891
	at Array.forEach (<anonymous>)
	at l.dispose (/ide/out/vs/workbench/api/node/extensionHostProcess.js:106:7856)
	at f.terminate (/ide/out/vs/workbench/api/node/extensionHostProcess.js:108:9275)
	at d.terminate (/ide/out/vs/workbench/api/node/extensionHostProcess.js:112:1397)
	at p (/ide/out/vs/workbench/api/node/extensionHostProcess.js:122:17851)
	at M.a (/ide/out/vs/workbench/api/node/extensionHostProcess.js:122:14406)
	at M.h (/ide/out/vs/workbench/api/node/extensionHostProcess.js:66:46705)
	at listOnTimeout (node:internal/timers:559:17)
	at processTimers (node:internal/timers:502:7) setContext undefined
2023-02-03 20:59:22.693 [error] Canceled: Canceled
	at Object.k [as canceled] (/ide/out/vs/workbench/api/node/extensionHostProcess.js:7:1192)
	at /ide/out/vs/workbench/api/node/extensionHostProcess.js:106:7891
	at Array.forEach (<anonymous>)
	at l.dispose (/ide/out/vs/workbench/api/node/extensionHostProcess.js:106:7856)
	at f.terminate (/ide/out/vs/workbench/api/node/extensionHostProcess.js:108:9275)
	at d.terminate (/ide/out/vs/workbench/api/node/extensionHostProcess.js:112:1397)
	at p (/ide/out/vs/workbench/api/node/extensionHostProcess.js:122:17851)
	at M.a (/ide/out/vs/workbench/api/node/extensionHostProcess.js:122:14406)
	at M.h (/ide/out/vs/workbench/api/node/extensionHostProcess.js:66:46705)
	at listOnTimeout (node:internal/timers:559:17)
	at processTimers (node:internal/timers:502:7) setContext undefined
2023-02-03 20:59:22.693 [error] Canceled: Canceled
	at Object.k [as canceled] (/ide/out/vs/workbench/api/node/extensionHostProcess.js:7:1192)
	at /ide/out/vs/workbench/api/node/extensionHostProcess.js:106:7891
	at Array.forEach (<anonymous>)
	at l.dispose (/ide/out/vs/workbench/api/node/extensionHostProcess.js:106:7856)
	at f.terminate (/ide/out/vs/workbench/api/node/extensionHostProcess.js:108:9275)
	at d.terminate (/ide/out/vs/workbench/api/node/extensionHostProcess.js:112:1397)
	at p (/ide/out/vs/workbench/api/node/extensionHostProcess.js:122:17851)
	at M.a (/ide/out/vs/workbench/api/node/extensionHostProcess.js:122:14406)
	at M.h (/ide/out/vs/workbench/api/node/extensionHostProcess.js:66:46705)
	at listOnTimeout (node:internal/timers:559:17)
	at processTimers (node:internal/timers:502:7) setContext undefined
2023-02-03 20:59:22.694 [error] Canceled: Canceled
	at Object.k [as canceled] (/ide/out/vs/workbench/api/node/extensionHostProcess.js:7:1192)
	at /ide/out/vs/workbench/api/node/extensionHostProcess.js:106:7891
	at Array.forEach (<anonymous>)
	at l.dispose (/ide/out/vs/workbench/api/node/extensionHostProcess.js:106:7856)
	at f.terminate (/ide/out/vs/workbench/api/node/extensionHostProcess.js:108:9275)
	at d.terminate (/ide/out/vs/workbench/api/node/extensionHostProcess.js:112:1397)
	at p (/ide/out/vs/workbench/api/node/extensionHostProcess.js:122:17851)
	at M.a (/ide/out/vs/workbench/api/node/extensionHostProcess.js:122:14406)
	at M.h (/ide/out/vs/workbench/api/node/extensionHostProcess.js:66:46705)
	at listOnTimeout (node:internal/timers:559:17)
	at processTimers (node:internal/timers:502:7) setContext undefined
2023-02-03 20:59:22.694 [error] Canceled: Canceled
	at Object.k [as canceled] (/ide/out/vs/workbench/api/node/extensionHostProcess.js:7:1192)
	at /ide/out/vs/workbench/api/node/extensionHostProcess.js:106:7891
	at Array.forEach (<anonymous>)
	at l.dispose (/ide/out/vs/workbench/api/node/extensionHostProcess.js:106:7856)
	at f.terminate (/ide/out/vs/workbench/api/node/extensionHostProcess.js:108:9275)
	at d.terminate (/ide/out/vs/workbench/api/node/extensionHostProcess.js:112:1397)
	at p (/ide/out/vs/workbench/api/node/extensionHostProcess.js:122:17851)
	at M.a (/ide/out/vs/workbench/api/node/extensionHostProcess.js:122:14406)
	at M.h (/ide/out/vs/workbench/api/node/extensionHostProcess.js:66:46705)
	at listOnTimeout (node:internal/timers:559:17)
	at processTimers (node:internal/timers:502:7) setContext undefined
2023-02-03 20:59:22.694 [error] Canceled: Canceled
	at Object.k [as canceled] (/ide/out/vs/workbench/api/node/extensionHostProcess.js:7:1192)
	at /ide/out/vs/workbench/api/node/extensionHostProcess.js:106:7891
	at Array.forEach (<anonymous>)
	at l.dispose (/ide/out/vs/workbench/api/node/extensionHostProcess.js:106:7856)
	at f.terminate (/ide/out/vs/workbench/api/node/extensionHostProcess.js:108:9275)
	at d.terminate (/ide/out/vs/workbench/api/node/extensionHostProcess.js:112:1397)
	at p (/ide/out/vs/workbench/api/node/extensionHostProcess.js:122:17851)
	at M.a (/ide/out/vs/workbench/api/node/extensionHostProcess.js:122:14406)
	at M.h (/ide/out/vs/workbench/api/node/extensionHostProcess.js:66:46705)
	at listOnTimeout (node:internal/timers:559:17)
	at processTimers (node:internal/timers:502:7) setContext undefined
2023-02-03 20:59:22.694 [error] Canceled: Canceled
	at Object.k [as canceled] (/ide/out/vs/workbench/api/node/extensionHostProcess.js:7:1192)
	at /ide/out/vs/workbench/api/node/extensionHostProcess.js:106:7891
	at Array.forEach (<anonymous>)
	at l.dispose (/ide/out/vs/workbench/api/node/extensionHostProcess.js:106:7856)
	at f.terminate (/ide/out/vs/workbench/api/node/extensionHostProcess.js:108:9275)
	at d.terminate (/ide/out/vs/workbench/api/node/extensionHostProcess.js:112:1397)
	at p (/ide/out/vs/workbench/api/node/extensionHostProcess.js:122:17851)
	at M.a (/ide/out/vs/workbench/api/node/extensionHostProcess.js:122:14406)
	at M.h (/ide/out/vs/workbench/api/node/extensionHostProcess.js:66:46705)
	at listOnTimeout (node:internal/timers:559:17)
	at processTimers (node:internal/timers:502:7) setContext undefined
2023-02-03 20:59:22.694 [error] Canceled: Canceled
	at Object.k [as canceled] (/ide/out/vs/workbench/api/node/extensionHostProcess.js:7:1192)
	at /ide/out/vs/workbench/api/node/extensionHostProcess.js:106:7891
	at Array.forEach (<anonymous>)
	at l.dispose (/ide/out/vs/workbench/api/node/extensionHostProcess.js:106:7856)
	at f.terminate (/ide/out/vs/workbench/api/node/extensionHostProcess.js:108:9275)
	at d.terminate (/ide/out/vs/workbench/api/node/extensionHostProcess.js:112:1397)
	at p (/ide/out/vs/workbench/api/node/extensionHostProcess.js:122:17851)
	at M.a (/ide/out/vs/workbench/api/node/extensionHostProcess.js:122:14406)
	at M.h (/ide/out/vs/workbench/api/node/extensionHostProcess.js:66:46705)
	at listOnTimeout (node:internal/timers:559:17)
	at processTimers (node:internal/timers:502:7) setContext undefined
2023-02-03 20:59:22.694 [error] Canceled: Canceled
	at Object.k [as canceled] (/ide/out/vs/workbench/api/node/extensionHostProcess.js:7:1192)
	at /ide/out/vs/workbench/api/node/extensionHostProcess.js:106:7891
	at Array.forEach (<anonymous>)
	at l.dispose (/ide/out/vs/workbench/api/node/extensionHostProcess.js:106:7856)
	at f.terminate (/ide/out/vs/workbench/api/node/extensionHostProcess.js:108:9275)
	at d.terminate (/ide/out/vs/workbench/api/node/extensionHostProcess.js:112:1397)
	at p (/ide/out/vs/workbench/api/node/extensionHostProcess.js:122:17851)
	at M.a (/ide/out/vs/workbench/api/node/extensionHostProcess.js:122:14406)
	at M.h (/ide/out/vs/workbench/api/node/extensionHostProcess.js:66:46705)
	at listOnTimeout (node:internal/timers:559:17)
	at processTimers (node:internal/timers:502:7) setContext undefined
2023-02-03 20:59:22.694 [error] Canceled: Canceled
	at Object.k [as canceled] (/ide/out/vs/workbench/api/node/extensionHostProcess.js:7:1192)
	at /ide/out/vs/workbench/api/node/extensionHostProcess.js:106:7891
	at Array.forEach (<anonymous>)
	at l.dispose (/ide/out/vs/workbench/api/node/extensionHostProcess.js:106:7856)
	at f.terminate (/ide/out/vs/workbench/api/node/extensionHostProcess.js:108:9275)
	at d.terminate (/ide/out/vs/workbench/api/node/extensionHostProcess.js:112:1397)
	at p (/ide/out/vs/workbench/api/node/extensionHostProcess.js:122:17851)
	at M.a (/ide/out/vs/workbench/api/node/extensionHostProcess.js:122:14406)
	at M.h (/ide/out/vs/workbench/api/node/extensionHostProcess.js:66:46705)
	at listOnTimeout (node:internal/timers:559:17)
	at processTimers (node:internal/timers:502:7) setContext undefined
2023-02-03 20:59:22.694 [error] Canceled: Canceled
	at Object.k [as canceled] (/ide/out/vs/workbench/api/node/extensionHostProcess.js:7:1192)
	at /ide/out/vs/workbench/api/node/extensionHostProcess.js:106:7891
	at Array.forEach (<anonymous>)
	at l.dispose (/ide/out/vs/workbench/api/node/extensionHostProcess.js:106:7856)
	at f.terminate (/ide/out/vs/workbench/api/node/extensionHostProcess.js:108:9275)
	at d.terminate (/ide/out/vs/workbench/api/node/extensionHostProcess.js:112:1397)
	at p (/ide/out/vs/workbench/api/node/extensionHostProcess.js:122:17851)
	at M.a (/ide/out/vs/workbench/api/node/extensionHostProcess.js:122:14406)
	at M.h (/ide/out/vs/workbench/api/node/extensionHostProcess.js:66:46705)
	at listOnTimeout (node:internal/timers:559:17)
	at processTimers (node:internal/timers:502:7) setContext undefined
2023-02-03 20:59:22.694 [error] Canceled: Canceled
	at Object.k [as canceled] (/ide/out/vs/workbench/api/node/extensionHostProcess.js:7:1192)
	at /ide/out/vs/workbench/api/node/extensionHostProcess.js:106:7891
	at Array.forEach (<anonymous>)
	at l.dispose (/ide/out/vs/workbench/api/node/extensionHostProcess.js:106:7856)
	at f.terminate (/ide/out/vs/workbench/api/node/extensionHostProcess.js:108:9275)
	at d.terminate (/ide/out/vs/workbench/api/node/extensionHostProcess.js:112:1397)
	at p (/ide/out/vs/workbench/api/node/extensionHostProcess.js:122:17851)
	at M.a (/ide/out/vs/workbench/api/node/extensionHostProcess.js:122:14406)
	at M.h (/ide/out/vs/workbench/api/node/extensionHostProcess.js:66:46705)
	at listOnTimeout (node:internal/timers:559:17)
	at processTimers (node:internal/timers:502:7) setContext undefined
2023-02-03 20:59:22.694 [error] Canceled: Canceled
	at Object.k [as canceled] (/ide/out/vs/workbench/api/node/extensionHostProcess.js:7:1192)
	at /ide/out/vs/workbench/api/node/extensionHostProcess.js:106:7891
	at Array.forEach (<anonymous>)
	at l.dispose (/ide/out/vs/workbench/api/node/extensionHostProcess.js:106:7856)
	at f.terminate (/ide/out/vs/workbench/api/node/extensionHostProcess.js:108:9275)
	at d.terminate (/ide/out/vs/workbench/api/node/extensionHostProcess.js:112:1397)
	at p (/ide/out/vs/workbench/api/node/extensionHostProcess.js:122:17851)
	at M.a (/ide/out/vs/workbench/api/node/extensionHostProcess.js:122:14406)
	at M.h (/ide/out/vs/workbench/api/node/extensionHostProcess.js:66:46705)
	at listOnTimeout (node:internal/timers:559:17)
	at processTimers (node:internal/timers:502:7) setContext undefined
2023-02-03 20:59:22.694 [error] Canceled: Canceled
	at Object.k [as canceled] (/ide/out/vs/workbench/api/node/extensionHostProcess.js:7:1192)
	at /ide/out/vs/workbench/api/node/extensionHostProcess.js:106:7891
	at Array.forEach (<anonymous>)
	at l.dispose (/ide/out/vs/workbench/api/node/extensionHostProcess.js:106:7856)
	at f.terminate (/ide/out/vs/workbench/api/node/extensionHostProcess.js:108:9275)
	at d.terminate (/ide/out/vs/workbench/api/node/extensionHostProcess.js:112:1397)
	at p (/ide/out/vs/workbench/api/node/extensionHostProcess.js:122:17851)
	at M.a (/ide/out/vs/workbench/api/node/extensionHostProcess.js:122:14406)
	at M.h (/ide/out/vs/workbench/api/node/extensionHostProcess.js:66:46705)
	at listOnTimeout (node:internal/timers:559:17)
	at processTimers (node:internal/timers:502:7) setContext undefined
2023-02-03 20:59:22.694 [error] Canceled: Canceled
	at Object.k [as canceled] (/ide/out/vs/workbench/api/node/extensionHostProcess.js:7:1192)
	at /ide/out/vs/workbench/api/node/extensionHostProcess.js:106:7891
	at Array.forEach (<anonymous>)
	at l.dispose (/ide/out/vs/workbench/api/node/extensionHostProcess.js:106:7856)
	at f.terminate (/ide/out/vs/workbench/api/node/extensionHostProcess.js:108:9275)
	at d.terminate (/ide/out/vs/workbench/api/node/extensionHostProcess.js:112:1397)
	at p (/ide/out/vs/workbench/api/node/extensionHostProcess.js:122:17851)
	at M.a (/ide/out/vs/workbench/api/node/extensionHostProcess.js:122:14406)
	at M.h (/ide/out/vs/workbench/api/node/extensionHostProcess.js:66:46705)
	at listOnTimeout (node:internal/timers:559:17)
	at processTimers (node:internal/timers:502:7) setContext undefined
2023-02-03 20:59:22.694 [error] Canceled: Canceled
	at Object.k [as canceled] (/ide/out/vs/workbench/api/node/extensionHostProcess.js:7:1192)
	at /ide/out/vs/workbench/api/node/extensionHostProcess.js:106:7891
	at Array.forEach (<anonymous>)
	at l.dispose (/ide/out/vs/workbench/api/node/extensionHostProcess.js:106:7856)
	at f.terminate (/ide/out/vs/workbench/api/node/extensionHostProcess.js:108:9275)
	at d.terminate (/ide/out/vs/workbench/api/node/extensionHostProcess.js:112:1397)
	at p (/ide/out/vs/workbench/api/node/extensionHostProcess.js:122:17851)
	at M.a (/ide/out/vs/workbench/api/node/extensionHostProcess.js:122:14406)
	at M.h (/ide/out/vs/workbench/api/node/extensionHostProcess.js:66:46705)
	at listOnTimeout (node:internal/timers:559:17)
	at processTimers (node:internal/timers:502:7) setContext undefined
2023-02-03 20:59:22.694 [error] Canceled: Canceled
	at Object.k [as canceled] (/ide/out/vs/workbench/api/node/extensionHostProcess.js:7:1192)
	at /ide/out/vs/workbench/api/node/extensionHostProcess.js:106:7891
	at Array.forEach (<anonymous>)
	at l.dispose (/ide/out/vs/workbench/api/node/extensionHostProcess.js:106:7856)
	at f.terminate (/ide/out/vs/workbench/api/node/extensionHostProcess.js:108:9275)
	at d.terminate (/ide/out/vs/workbench/api/node/extensionHostProcess.js:112:1397)
	at p (/ide/out/vs/workbench/api/node/extensionHostProcess.js:122:17851)
	at M.a (/ide/out/vs/workbench/api/node/extensionHostProcess.js:122:14406)
	at M.h (/ide/out/vs/workbench/api/node/extensionHostProcess.js:66:46705)
	at listOnTimeout (node:internal/timers:559:17)
	at processTimers (node:internal/timers:502:7) setContext undefined
2023-02-03 20:59:22.694 [error] Canceled: Canceled
	at Object.k [as canceled] (/ide/out/vs/workbench/api/node/extensionHostProcess.js:7:1192)
	at /ide/out/vs/workbench/api/node/extensionHostProcess.js:106:7891
	at Array.forEach (<anonymous>)
	at l.dispose (/ide/out/vs/workbench/api/node/extensionHostProcess.js:106:7856)
	at f.terminate (/ide/out/vs/workbench/api/node/extensionHostProcess.js:108:9275)
	at d.terminate (/ide/out/vs/workbench/api/node/extensionHostProcess.js:112:1397)
	at p (/ide/out/vs/workbench/api/node/extensionHostProcess.js:122:17851)
	at M.a (/ide/out/vs/workbench/api/node/extensionHostProcess.js:122:14406)
	at M.h (/ide/out/vs/workbench/api/node/extensionHostProcess.js:66:46705)
	at listOnTimeout (node:internal/timers:559:17)
	at processTimers (node:internal/timers:502:7) setContext undefined
2023-02-03 20:59:22.695 [error] Canceled: Canceled
	at Object.k [as canceled] (/ide/out/vs/workbench/api/node/extensionHostProcess.js:7:1192)
	at /ide/out/vs/workbench/api/node/extensionHostProcess.js:106:7891
	at Array.forEach (<anonymous>)
	at l.dispose (/ide/out/vs/workbench/api/node/extensionHostProcess.js:106:7856)
	at f.terminate (/ide/out/vs/workbench/api/node/extensionHostProcess.js:108:9275)
	at d.terminate (/ide/out/vs/workbench/api/node/extensionHostProcess.js:112:1397)
	at p (/ide/out/vs/workbench/api/node/extensionHostProcess.js:122:17851)
	at M.a (/ide/out/vs/workbench/api/node/extensionHostProcess.js:122:14406)
	at M.h (/ide/out/vs/workbench/api/node/extensionHostProcess.js:66:46705)
	at listOnTimeout (node:internal/timers:559:17)
	at processTimers (node:internal/timers:502:7) setContext undefined
2023-02-03 20:59:22.695 [error] Canceled: Canceled
	at Object.k [as canceled] (/ide/out/vs/workbench/api/node/extensionHostProcess.js:7:1192)
	at /ide/out/vs/workbench/api/node/extensionHostProcess.js:106:7891
	at Array.forEach (<anonymous>)
	at l.dispose (/ide/out/vs/workbench/api/node/extensionHostProcess.js:106:7856)
	at f.terminate (/ide/out/vs/workbench/api/node/extensionHostProcess.js:108:9275)
	at d.terminate (/ide/out/vs/workbench/api/node/extensionHostProcess.js:112:1397)
	at p (/ide/out/vs/workbench/api/node/extensionHostProcess.js:122:17851)
	at M.a (/ide/out/vs/workbench/api/node/extensionHostProcess.js:122:14406)
	at M.h (/ide/out/vs/workbench/api/node/extensionHostProcess.js:66:46705)
	at listOnTimeout (node:internal/timers:559:17)
	at processTimers (node:internal/timers:502:7) setContext undefined
2023-02-03 20:59:22.695 [error] Canceled: Canceled
	at Object.k [as canceled] (/ide/out/vs/workbench/api/node/extensionHostProcess.js:7:1192)
	at /ide/out/vs/workbench/api/node/extensionHostProcess.js:106:7891
	at Array.forEach (<anonymous>)
	at l.dispose (/ide/out/vs/workbench/api/node/extensionHostProcess.js:106:7856)
	at f.terminate (/ide/out/vs/workbench/api/node/extensionHostProcess.js:108:9275)
	at d.terminate (/ide/out/vs/workbench/api/node/extensionHostProcess.js:112:1397)
	at p (/ide/out/vs/workbench/api/node/extensionHostProcess.js:122:17851)
	at M.a (/ide/out/vs/workbench/api/node/extensionHostProcess.js:122:14406)
	at M.h (/ide/out/vs/workbench/api/node/extensionHostProcess.js:66:46705)
	at listOnTimeout (node:internal/timers:559:17)
	at processTimers (node:internal/timers:502:7) setContext undefined
2023-02-03 20:59:22.695 [error] Canceled: Canceled
	at Object.k [as canceled] (/ide/out/vs/workbench/api/node/extensionHostProcess.js:7:1192)
	at /ide/out/vs/workbench/api/node/extensionHostProcess.js:106:7891
	at Array.forEach (<anonymous>)
	at l.dispose (/ide/out/vs/workbench/api/node/extensionHostProcess.js:106:7856)
	at f.terminate (/ide/out/vs/workbench/api/node/extensionHostProcess.js:108:9275)
	at d.terminate (/ide/out/vs/workbench/api/node/extensionHostProcess.js:112:1397)
	at p (/ide/out/vs/workbench/api/node/extensionHostProcess.js:122:17851)
	at M.a (/ide/out/vs/workbench/api/node/extensionHostProcess.js:122:14406)
	at M.h (/ide/out/vs/workbench/api/node/extensionHostProcess.js:66:46705)
	at listOnTimeout (node:internal/timers:559:17)
	at processTimers (node:internal/timers:502:7) setContext undefined
2023-02-03 20:59:22.695 [error] Canceled: Canceled
	at Object.k [as canceled] (/ide/out/vs/workbench/api/node/extensionHostProcess.js:7:1192)
	at /ide/out/vs/workbench/api/node/extensionHostProcess.js:106:7891
	at Array.forEach (<anonymous>)
	at l.dispose (/ide/out/vs/workbench/api/node/extensionHostProcess.js:106:7856)
	at f.terminate (/ide/out/vs/workbench/api/node/extensionHostProcess.js:108:9275)
	at d.terminate (/ide/out/vs/workbench/api/node/extensionHostProcess.js:112:1397)
	at p (/ide/out/vs/workbench/api/node/extensionHostProcess.js:122:17851)
	at M.a (/ide/out/vs/workbench/api/node/extensionHostProcess.js:122:14406)
	at M.h (/ide/out/vs/workbench/api/node/extensionHostProcess.js:66:46705)
	at listOnTimeout (node:internal/timers:559:17)
	at processTimers (node:internal/timers:502:7) setContext undefined
2023-02-03 20:59:22.695 [error] Canceled: Canceled
	at Object.k [as canceled] (/ide/out/vs/workbench/api/node/extensionHostProcess.js:7:1192)
	at /ide/out/vs/workbench/api/node/extensionHostProcess.js:106:7891
	at Array.forEach (<anonymous>)
	at l.dispose (/ide/out/vs/workbench/api/node/extensionHostProcess.js:106:7856)
	at f.terminate (/ide/out/vs/workbench/api/node/extensionHostProcess.js:108:9275)
	at d.terminate (/ide/out/vs/workbench/api/node/extensionHostProcess.js:112:1397)
	at p (/ide/out/vs/workbench/api/node/extensionHostProcess.js:122:17851)
	at M.a (/ide/out/vs/workbench/api/node/extensionHostProcess.js:122:14406)
	at M.h (/ide/out/vs/workbench/api/node/extensionHostProcess.js:66:46705)
	at listOnTimeout (node:internal/timers:559:17)
	at processTimers (node:internal/timers:502:7) setContext undefined
2023-02-03 20:59:22.695 [error] Canceled: Canceled
	at Object.k [as canceled] (/ide/out/vs/workbench/api/node/extensionHostProcess.js:7:1192)
	at /ide/out/vs/workbench/api/node/extensionHostProcess.js:106:7891
	at Array.forEach (<anonymous>)
	at l.dispose (/ide/out/vs/workbench/api/node/extensionHostProcess.js:106:7856)
	at f.terminate (/ide/out/vs/workbench/api/node/extensionHostProcess.js:108:9275)
	at d.terminate (/ide/out/vs/workbench/api/node/extensionHostProcess.js:112:1397)
	at p (/ide/out/vs/workbench/api/node/extensionHostProcess.js:122:17851)
	at M.a (/ide/out/vs/workbench/api/node/extensionHostProcess.js:122:14406)
	at M.h (/ide/out/vs/workbench/api/node/extensionHostProcess.js:66:46705)
	at listOnTimeout (node:internal/timers:559:17)
	at processTimers (node:internal/timers:502:7) setContext undefined
2023-02-03 20:59:22.695 [error] Canceled: Canceled
	at Object.k [as canceled] (/ide/out/vs/workbench/api/node/extensionHostProcess.js:7:1192)
	at /ide/out/vs/workbench/api/node/extensionHostProcess.js:106:7891
	at Array.forEach (<anonymous>)
	at l.dispose (/ide/out/vs/workbench/api/node/extensionHostProcess.js:106:7856)
	at f.terminate (/ide/out/vs/workbench/api/node/extensionHostProcess.js:108:9275)
	at d.terminate (/ide/out/vs/workbench/api/node/extensionHostProcess.js:112:1397)
	at p (/ide/out/vs/workbench/api/node/extensionHostProcess.js:122:17851)
	at M.a (/ide/out/vs/workbench/api/node/extensionHostProcess.js:122:14406)
	at M.h (/ide/out/vs/workbench/api/node/extensionHostProcess.js:66:46705)
	at listOnTimeout (node:internal/timers:559:17)
	at processTimers (node:internal/timers:502:7) setContext undefined
2023-02-03 20:59:22.695 [error] Canceled: Canceled
	at Object.k [as canceled] (/ide/out/vs/workbench/api/node/extensionHostProcess.js:7:1192)
	at /ide/out/vs/workbench/api/node/extensionHostProcess.js:106:7891
	at Array.forEach (<anonymous>)
	at l.dispose (/ide/out/vs/workbench/api/node/extensionHostProcess.js:106:7856)
	at f.terminate (/ide/out/vs/workbench/api/node/extensionHostProcess.js:108:9275)
	at d.terminate (/ide/out/vs/workbench/api/node/extensionHostProcess.js:112:1397)
	at p (/ide/out/vs/workbench/api/node/extensionHostProcess.js:122:17851)
	at M.a (/ide/out/vs/workbench/api/node/extensionHostProcess.js:122:14406)
	at M.h (/ide/out/vs/workbench/api/node/extensionHostProcess.js:66:46705)
	at listOnTimeout (node:internal/timers:559:17)
	at processTimers (node:internal/timers:502:7) setContext undefined
2023-02-03 20:59:22.695 [error] Canceled: Canceled
	at Object.k [as canceled] (/ide/out/vs/workbench/api/node/extensionHostProcess.js:7:1192)
	at /ide/out/vs/workbench/api/node/extensionHostProcess.js:106:7891
	at Array.forEach (<anonymous>)
	at l.dispose (/ide/out/vs/workbench/api/node/extensionHostProcess.js:106:7856)
	at f.terminate (/ide/out/vs/workbench/api/node/extensionHostProcess.js:108:9275)
	at d.terminate (/ide/out/vs/workbench/api/node/extensionHostProcess.js:112:1397)
	at p (/ide/out/vs/workbench/api/node/extensionHostProcess.js:122:17851)
	at M.a (/ide/out/vs/workbench/api/node/extensionHostProcess.js:122:14406)
	at M.h (/ide/out/vs/workbench/api/node/extensionHostProcess.js:66:46705)
	at listOnTimeout (node:internal/timers:559:17)
	at processTimers (node:internal/timers:502:7) setContext undefined
2023-02-03 20:59:22.696 [error] Canceled: Canceled
	at new u (/ide/out/vs/workbench/api/node/extensionHostProcess.js:96:88070)
	at l.O (/ide/out/vs/workbench/api/node/extensionHostProcess.js:106:11276)
	at Proxy.V.<computed>.M.charCodeAt.V.<computed> (/ide/out/vs/workbench/api/node/extensionHostProcess.js:106:8557)
	at s.g (/ide/out/vs/workbench/api/node/extensionHostProcess.js:96:107430)
	at s.executeCommand (/ide/out/vs/workbench/api/node/extensionHostProcess.js:96:106806)
	at w.registerCommand.description (/ide/out/vs/workbench/api/node/extensionHostProcess.js:96:106099)
	at s.h (/ide/out/vs/workbench/api/node/extensionHostProcess.js:96:108016)
	at s.g (/ide/out/vs/workbench/api/node/extensionHostProcess.js:96:106906)
	at s.executeCommand (/ide/out/vs/workbench/api/node/extensionHostProcess.js:96:106806)
	at Object.executeCommand (/ide/out/vs/workbench/api/node/extensionHostProcess.js:117:30778)
	at D (/ide/extensions/git/dist/main.js:2:2055373)
	at f.invoke (/ide/out/vs/workbench/api/node/extensionHostProcess.js:63:145)
	at g.deliver (/ide/out/vs/workbench/api/node/extensionHostProcess.js:63:2029)
	at h.fire (/ide/out/vs/workbench/api/node/extensionHostProcess.js:63:1667)
	at Object.h [as dispose] (/ide/extensions/git/dist/main.js:2:2070210)
	at /ide/extensions/git/dist/main.js:2:2074183
	at Array.forEach (<anonymous>)
	at g.dispose (/ide/extensions/git/dist/main.js:2:2074169)
	at C.<anonymous> (/ide/out/vs/workbench/api/node/extensionHostProcess.js:94:12431)
	at C.dispose (/ide/out/vs/workbench/api/node/extensionHostProcess.js:94:12566)
	at C.<anonymous> (/ide/extensions/git/dist/main.js:2:2057503)
	at C.dispose (/ide/out/vs/workbench/api/node/extensionHostProcess.js:94:12566)
	at T (/ide/out/vs/workbench/api/node/extensionHostProcess.js:10:12072)
	at f.X (/ide/out/vs/workbench/api/node/extensionHostProcess.js:108:11242)
	at /ide/out/vs/workbench/api/node/extensionHostProcess.js:108:9037
	at Array.map (<anonymous>)
	at f.Q (/ide/out/vs/workbench/api/node/extensionHostProcess.js:108:9024)
	at f.terminate (/ide/out/vs/workbench/api/node/extensionHostProcess.js:108:9298)
	at d.terminate (/ide/out/vs/workbench/api/node/extensionHostProcess.js:112:1397)
	at p (/ide/out/vs/workbench/api/node/extensionHostProcess.js:122:17851)
	at M.a (/ide/out/vs/workbench/api/node/extensionHostProcess.js:122:14406)
	at M.h (/ide/out/vs/workbench/api/node/extensionHostProcess.js:66:46705)
	at listOnTimeout (node:internal/timers:559:17)
	at processTimers (node:internal/timers:502:7) setContext undefined
2023-02-03 20:59:22.696 [error] Canceled: Canceled
	at new u (/ide/out/vs/workbench/api/node/extensionHostProcess.js:96:88070)
	at l.O (/ide/out/vs/workbench/api/node/extensionHostProcess.js:106:11276)
	at Proxy.V.<computed>.M.charCodeAt.V.<computed> (/ide/out/vs/workbench/api/node/extensionHostProcess.js:106:8557)
	at s.g (/ide/out/vs/workbench/api/node/extensionHostProcess.js:96:107430)
	at s.executeCommand (/ide/out/vs/workbench/api/node/extensionHostProcess.js:96:106806)
	at w.registerCommand.description (/ide/out/vs/workbench/api/node/extensionHostProcess.js:96:106099)
	at s.h (/ide/out/vs/workbench/api/node/extensionHostProcess.js:96:108016)
	at s.g (/ide/out/vs/workbench/api/node/extensionHostProcess.js:96:106906)
	at s.executeCommand (/ide/out/vs/workbench/api/node/extensionHostProcess.js:96:106806)
	at Object.executeCommand (/ide/out/vs/workbench/api/node/extensionHostProcess.js:117:30778)
	at e (/workspace/.vscode-remote/extensions/github.vscode-pull-request-github-0.58.0-universal/dist/extension.js:1368:11354)
	at Object.n [as setContext] (/workspace/.vscode-remote/extensions/github.vscode-pull-request-github-0.58.0-universal/dist/extension.js:1368:11469)
	at xm.updateActiveReviewCount (/workspace/.vscode-remote/extensions/github.vscode-pull-request-github-0.58.0-universal/dist/extension.js:1526:20307)
	at xm.removeRepo (/workspace/.vscode-remote/extensions/github.vscode-pull-request-github-0.58.0-universal/dist/extension.js:1526:21385)
	at /workspace/.vscode-remote/extensions/github.vscode-pull-request-github-0.58.0-universal/dist/extension.js:1555:4037
	at f.invoke (/ide/out/vs/workbench/api/node/extensionHostProcess.js:63:145)
	at g.deliver (/ide/out/vs/workbench/api/node/extensionHostProcess.js:63:2029)
	at h.fire (/ide/out/vs/workbench/api/node/extensionHostProcess.js:63:1667)
	at /workspace/.vscode-remote/extensions/github.vscode-pull-request-github-0.58.0-universal/dist/extension.js:1366:317754
	at f.invoke (/ide/out/vs/workbench/api/node/extensionHostProcess.js:63:145)
	at g.deliver (/ide/out/vs/workbench/api/node/extensionHostProcess.js:63:2029)
	at h.fire (/ide/out/vs/workbench/api/node/extensionHostProcess.js:63:1667)
	at /workspace/.vscode-remote/extensions/github.vscode-pull-request-github-0.58.0-universal/dist/extension.js:1526:24705
	at /ide/extensions/git/dist/main.js:2:2141117
	at f.invoke (/ide/out/vs/workbench/api/node/extensionHostProcess.js:63:145)
	at g.deliver (/ide/out/vs/workbench/api/node/extensionHostProcess.js:63:2029)
	at h.fire (/ide/out/vs/workbench/api/node/extensionHostProcess.js:63:1667)
	at Object.h [as dispose] (/ide/extensions/git/dist/main.js:2:2070210)
	at /ide/extensions/git/dist/main.js:2:2074183
	at Array.forEach (<anonymous>)
	at g.dispose (/ide/extensions/git/dist/main.js:2:2074169)
	at C.<anonymous> (/ide/out/vs/workbench/api/node/extensionHostProcess.js:94:12431)
	at C.dispose (/ide/out/vs/workbench/api/node/extensionHostProcess.js:94:12566)
	at C.<anonymous> (/ide/extensions/git/dist/main.js:2:2057503)
	at C.dispose (/ide/out/vs/workbench/api/node/extensionHostProcess.js:94:12566)
	at T (/ide/out/vs/workbench/api/node/extensionHostProcess.js:10:12072)
	at f.X (/ide/out/vs/workbench/api/node/extensionHostProcess.js:108:11242)
	at /ide/out/vs/workbench/api/node/extensionHostProcess.js:108:9037
	at Array.map (<anonymous>)
	at f.Q (/ide/out/vs/workbench/api/node/extensionHostProcess.js:108:9024)
	at f.terminate (/ide/out/vs/workbench/api/node/extensionHostProcess.js:108:9298)
	at d.terminate (/ide/out/vs/workbench/api/node/extensionHostProcess.js:112:1397)
	at p (/ide/out/vs/workbench/api/node/extensionHostProcess.js:122:17851)
	at M.a (/ide/out/vs/workbench/api/node/extensionHostProcess.js:122:14406)
	at M.h (/ide/out/vs/workbench/api/node/extensionHostProcess.js:66:46705)
	at listOnTimeout (node:internal/timers:559:17)
	at processTimers (node:internal/timers:502:7) setContext undefined
2023-02-03 20:59:22.716 [info] Extension host with pid 1025 exiting with code 0
