2023-02-03 20:54:24.260 [info] Extension host with pid 3334 started
2023-02-03 20:54:24.264 [error] Error: EEXIST: file already exists, open '/workspace/.vscode-remote/data/User/workspaceStorage/-423d24f5/vscode.lock'
2023-02-03 20:54:24.300 [info] Lock '/workspace/.vscode-remote/data/User/workspaceStorage/-423d24f5/vscode.lock': Could not acquire lock, checking if the file is stale.
2023-02-03 20:54:24.300 [info] Lock '/workspace/.vscode-remote/data/User/workspaceStorage/-423d24f5/vscode.lock': The lock does not look stale, elapsed: 761 ms, giving up.
2023-02-03 20:54:24.303 [info] Lock '/workspace/.vscode-remote/data/User/workspaceStorage/-423d24f5-1/vscode.lock': Lock acquired.
2023-02-03 20:54:24.361 [info] ExtensionService#_doActivateExtension vscode.git-base, startup: false, activationEvent: '*', root cause: vscode.git
2023-02-03 20:54:24.362 [info] ExtensionService#_doActivateExtension gitpod.gitpod-web, startup: false, activationEvent: '*'
2023-02-03 20:54:24.362 [info] ExtensionService#_doActivateExtension formulahendry.auto-close-tag, startup: false, activationEvent: '*'
2023-02-03 20:54:24.363 [info] ExtensionService#_doActivateExtension HookyQR.beautify, startup: false, activationEvent: '*'
2023-02-03 20:54:24.363 [info] ExtensionService#_doActivateExtension vscode.emmet, startup: false, activationEvent: 'onLanguage'
2023-02-03 20:54:24.563 [info] ExtensionService#_doActivateExtension ms-python.python, startup: true, activationEvent: 'workspaceContains:requirements.txt'
2023-02-03 20:54:25.100 [info] ExtensionService#_doActivateExtension vscode.git, startup: false, activationEvent: '*'
2023-02-03 20:54:25.101 [info] ExtensionService#_doActivateExtension vscode.github, startup: false, activationEvent: '*'
2023-02-03 20:54:25.743 [info] ExtensionService#_doActivateExtension ms-python.isort, startup: true, activationEvent: 'workspaceContains:*.py'
2023-02-03 20:54:25.952 [info] ExtensionService#_doActivateExtension redhat.vscode-yaml, startup: false, activationEvent: 'onLanguage:yaml'
2023-02-03 20:54:26.204 [info] ExtensionService#_doActivateExtension vscode.debug-auto-launch, startup: false, activationEvent: 'onStartupFinished'
2023-02-03 20:54:26.205 [info] ExtensionService#_doActivateExtension vscode.merge-conflict, startup: false, activationEvent: 'onStartupFinished'
2023-02-03 20:54:26.205 [info] ExtensionService#_doActivateExtension dalirnet.doctypes, startup: false, activationEvent: 'onStartupFinished'
2023-02-03 20:54:26.205 [info] ExtensionService#_doActivateExtension vscode.github-authentication, startup: false, activationEvent: 'onStartupFinished', root cause: GitHub.vscode-pull-request-github
2023-02-03 20:54:26.205 [info] Eager extensions activated
2023-02-03 20:54:26.465 [info] ExtensionService#_doActivateExtension GitHub.vscode-pull-request-github, startup: false, activationEvent: 'onStartupFinished'
2023-02-03 20:54:27.008 [warning] [redhat.vscode-yaml] Accessing a resource scoped configuration without providing a resource is not expected. To get the effective value for '[yaml]', provide the URI of a resource or 'null' for any resource.
2023-02-03 20:54:27.010 [warning] [redhat.vscode-yaml] Accessing a resource scoped configuration without providing a resource is not expected. To get the effective value for '[yaml]', provide the URI of a resource or 'null' for any resource.
2023-02-03 20:54:27.523 [info] ExtensionService#_doActivateExtension vscode.configuration-editing, startup: false, activationEvent: 'onLanguage:jsonc'
2023-02-03 20:54:27.523 [info] ExtensionService#_doActivateExtension vscode.json-language-features, startup: false, activationEvent: 'onLanguage:jsonc'
2023-02-03 20:54:27.523 [info] ExtensionService#_doActivateExtension vscode.typescript-language-features, startup: false, activationEvent: 'onLanguage:jsonc'
2023-02-03 20:54:27.727 [warning] [redhat.vscode-yaml] Accessing a resource scoped configuration without providing a resource is not expected. To get the effective value for '[yaml]', provide the URI of a resource or 'null' for any resource.
2023-02-03 20:55:48.843 [info] ExtensionService#_doActivateExtension ms-toolsai.jupyter, startup: false, activationEvent: 'onLanguage:python'
2023-02-03 20:55:48.843 [info] ExtensionService#_doActivateExtension njpwerner.autodocstring, startup: false, activationEvent: 'onLanguage:python'
2023-02-03 20:55:49.993 [info] ExtensionService#_doActivateExtension ms-toolsai.jupyter-renderers, startup: false, activationEvent: 'api', root cause: ms-toolsai.jupyter
2023-02-03 21:15:11.798 [error] [ms-python.python] provider FAILED
2023-02-03 21:15:11.798 [error] Error: UnboundLocalError: local variable 'end_index' referenced before assignment
	at /workspace/.vscode-remote/extensions/ms-python.python-2023.2.0-universal/out/client/extension.js:2:2003355
	at /workspace/.vscode-remote/extensions/ms-python.python-2023.2.0-universal/out/client/extension.js:2:2003649
	at Immediate.<anonymous> (/workspace/.vscode-remote/extensions/ms-python.python-2023.2.0-universal/out/client/extension.js:2:2004011)
	at processImmediate (node:internal/timers:466:21)
2023-02-03 21:15:13.136 [error] [ms-python.python] provider FAILED
2023-02-03 21:15:13.136 [error] Error: UnboundLocalError: local variable 'end_index' referenced before assignment
	at /workspace/.vscode-remote/extensions/ms-python.python-2023.2.0-universal/out/client/extension.js:2:2003355
	at /workspace/.vscode-remote/extensions/ms-python.python-2023.2.0-universal/out/client/extension.js:2:2003649
	at Immediate.<anonymous> (/workspace/.vscode-remote/extensions/ms-python.python-2023.2.0-universal/out/client/extension.js:2:2004011)
	at processImmediate (node:internal/timers:466:21)
2023-02-03 21:39:28.929 [error] [ms-python.python] provider FAILED
2023-02-03 21:39:28.929 [error] Error: ValueError: `column` parameter (1) is not in a valid range (0-0) for line 3 ('\n').
	at /workspace/.vscode-remote/extensions/ms-python.python-2023.2.0-universal/out/client/extension.js:2:2003355
	at /workspace/.vscode-remote/extensions/ms-python.python-2023.2.0-universal/out/client/extension.js:2:2003649
	at Immediate.<anonymous> (/workspace/.vscode-remote/extensions/ms-python.python-2023.2.0-universal/out/client/extension.js:2:2004011)
	at processImmediate (node:internal/timers:466:21)
2023-02-03 21:58:51.223 [error] [ms-python.python] provider FAILED
2023-02-03 21:58:51.223 [error] Error: ValueError: `column` parameter (1) is not in a valid range (0-0) for line 6 ('\n').
	at /workspace/.vscode-remote/extensions/ms-python.python-2023.2.0-universal/out/client/extension.js:2:2003355
	at /workspace/.vscode-remote/extensions/ms-python.python-2023.2.0-universal/out/client/extension.js:2:2003649
	at Immediate.<anonymous> (/workspace/.vscode-remote/extensions/ms-python.python-2023.2.0-universal/out/client/extension.js:2:2004011)
	at processImmediate (node:internal/timers:466:21)
2023-02-03 22:23:57.238 [info] Extension host terminating: received terminate message from renderer
2023-02-03 22:23:57.239 [info] Lock '/workspace/.vscode-remote/data/User/workspaceStorage/-423d24f5-1/vscode.lock': Marking the lockfile as scheduled to be released in 6000 ms.
2023-02-03 22:23:57.278 [error] Canceled: Canceled
	at new u (/ide/out/vs/workbench/api/node/extensionHostProcess.js:96:88070)
	at l.O (/ide/out/vs/workbench/api/node/extensionHostProcess.js:106:11276)
	at Proxy.V.<computed>.M.charCodeAt.V.<computed> (/ide/out/vs/workbench/api/node/extensionHostProcess.js:106:8557)
	at s.g (/ide/out/vs/workbench/api/node/extensionHostProcess.js:96:107430)
	at s.executeCommand (/ide/out/vs/workbench/api/node/extensionHostProcess.js:96:106806)
	at w.registerCommand.description (/ide/out/vs/workbench/api/node/extensionHostProcess.js:96:106099)
	at s.h (/ide/out/vs/workbench/api/node/extensionHostProcess.js:96:108016)
	at s.g (/ide/out/vs/workbench/api/node/extensionHostProcess.js:96:106906)
	at s.executeCommand (/ide/out/vs/workbench/api/node/extensionHostProcess.js:96:106806)
	at Object.executeCommand (/ide/out/vs/workbench/api/node/extensionHostProcess.js:117:30778)
	at D (/ide/extensions/git/dist/main.js:2:2055373)
	at f.invoke (/ide/out/vs/workbench/api/node/extensionHostProcess.js:63:145)
	at g.deliver (/ide/out/vs/workbench/api/node/extensionHostProcess.js:63:2029)
	at h.fire (/ide/out/vs/workbench/api/node/extensionHostProcess.js:63:1667)
	at Object.h [as dispose] (/ide/extensions/git/dist/main.js:2:2070210)
	at /ide/extensions/git/dist/main.js:2:2074183
	at Array.forEach (<anonymous>)
	at g.dispose (/ide/extensions/git/dist/main.js:2:2074169)
	at C.<anonymous> (/ide/out/vs/workbench/api/node/extensionHostProcess.js:94:12431)
	at C.dispose (/ide/out/vs/workbench/api/node/extensionHostProcess.js:94:12566)
	at C.<anonymous> (/ide/extensions/git/dist/main.js:2:2057503)
	at C.dispose (/ide/out/vs/workbench/api/node/extensionHostProcess.js:94:12566)
	at T (/ide/out/vs/workbench/api/node/extensionHostProcess.js:10:12072)
	at f.X (/ide/out/vs/workbench/api/node/extensionHostProcess.js:108:11242)
	at /ide/out/vs/workbench/api/node/extensionHostProcess.js:108:9037
	at Array.map (<anonymous>)
	at f.Q (/ide/out/vs/workbench/api/node/extensionHostProcess.js:108:9024)
	at f.terminate (/ide/out/vs/workbench/api/node/extensionHostProcess.js:108:9298)
	at d.terminate (/ide/out/vs/workbench/api/node/extensionHostProcess.js:112:1397)
	at p (/ide/out/vs/workbench/api/node/extensionHostProcess.js:122:17851)
	at /ide/out/vs/workbench/api/node/extensionHostProcess.js:122:15761
	at f.invoke (/ide/out/vs/workbench/api/node/extensionHostProcess.js:63:145)
	at g.deliver (/ide/out/vs/workbench/api/node/extensionHostProcess.js:63:2029)
	at h.fire (/ide/out/vs/workbench/api/node/extensionHostProcess.js:63:1667)
	at p.fire (/ide/out/vs/workbench/api/node/extensionHostProcess.js:72:14861)
	at t.E (/ide/out/vs/workbench/api/node/extensionHostProcess.js:72:18927)
	at /ide/out/vs/workbench/api/node/extensionHostProcess.js:72:16915
	at f.invoke (/ide/out/vs/workbench/api/node/extensionHostProcess.js:63:145)
	at g.deliver (/ide/out/vs/workbench/api/node/extensionHostProcess.js:63:2029)
	at h.fire (/ide/out/vs/workbench/api/node/extensionHostProcess.js:63:1667)
	at d.acceptChunk (/ide/out/vs/workbench/api/node/extensionHostProcess.js:72:12592)
	at /ide/out/vs/workbench/api/node/extensionHostProcess.js:72:11879
	at f.invoke (/ide/out/vs/workbench/api/node/extensionHostProcess.js:63:145)
	at g.deliver (/ide/out/vs/workbench/api/node/extensionHostProcess.js:63:2029)
	at h.fire (/ide/out/vs/workbench/api/node/extensionHostProcess.js:63:1667)
	at h.t (/ide/out/vs/workbench/api/node/extensionHostProcess.js:72:28518) setContext undefined
2023-02-03 22:23:57.278 [error] Canceled: Canceled
	at new u (/ide/out/vs/workbench/api/node/extensionHostProcess.js:96:88070)
	at l.O (/ide/out/vs/workbench/api/node/extensionHostProcess.js:106:11276)
	at Proxy.V.<computed>.M.charCodeAt.V.<computed> (/ide/out/vs/workbench/api/node/extensionHostProcess.js:106:8557)
	at s.g (/ide/out/vs/workbench/api/node/extensionHostProcess.js:96:107430)
	at s.executeCommand (/ide/out/vs/workbench/api/node/extensionHostProcess.js:96:106806)
	at w.registerCommand.description (/ide/out/vs/workbench/api/node/extensionHostProcess.js:96:106099)
	at s.h (/ide/out/vs/workbench/api/node/extensionHostProcess.js:96:108016)
	at s.g (/ide/out/vs/workbench/api/node/extensionHostProcess.js:96:106906)
	at s.executeCommand (/ide/out/vs/workbench/api/node/extensionHostProcess.js:96:106806)
	at Object.executeCommand (/ide/out/vs/workbench/api/node/extensionHostProcess.js:117:30778)
	at e (/workspace/.vscode-remote/extensions/github.vscode-pull-request-github-0.58.0-universal/dist/extension.js:1368:11354)
	at Object.n [as setContext] (/workspace/.vscode-remote/extensions/github.vscode-pull-request-github-0.58.0-universal/dist/extension.js:1368:11469)
	at xm.updateActiveReviewCount (/workspace/.vscode-remote/extensions/github.vscode-pull-request-github-0.58.0-universal/dist/extension.js:1526:20307)
	at xm.removeRepo (/workspace/.vscode-remote/extensions/github.vscode-pull-request-github-0.58.0-universal/dist/extension.js:1526:21385)
	at /workspace/.vscode-remote/extensions/github.vscode-pull-request-github-0.58.0-universal/dist/extension.js:1555:4037
	at f.invoke (/ide/out/vs/workbench/api/node/extensionHostProcess.js:63:145)
	at g.deliver (/ide/out/vs/workbench/api/node/extensionHostProcess.js:63:2029)
	at h.fire (/ide/out/vs/workbench/api/node/extensionHostProcess.js:63:1667)
	at /workspace/.vscode-remote/extensions/github.vscode-pull-request-github-0.58.0-universal/dist/extension.js:1366:317754
	at f.invoke (/ide/out/vs/workbench/api/node/extensionHostProcess.js:63:145)
	at g.deliver (/ide/out/vs/workbench/api/node/extensionHostProcess.js:63:2029)
	at h.fire (/ide/out/vs/workbench/api/node/extensionHostProcess.js:63:1667)
	at /workspace/.vscode-remote/extensions/github.vscode-pull-request-github-0.58.0-universal/dist/extension.js:1526:24705
	at /ide/extensions/git/dist/main.js:2:2141117
	at f.invoke (/ide/out/vs/workbench/api/node/extensionHostProcess.js:63:145)
	at g.deliver (/ide/out/vs/workbench/api/node/extensionHostProcess.js:63:2029)
	at h.fire (/ide/out/vs/workbench/api/node/extensionHostProcess.js:63:1667)
	at Object.h [as dispose] (/ide/extensions/git/dist/main.js:2:2070210)
	at /ide/extensions/git/dist/main.js:2:2074183
	at Array.forEach (<anonymous>)
	at g.dispose (/ide/extensions/git/dist/main.js:2:2074169)
	at C.<anonymous> (/ide/out/vs/workbench/api/node/extensionHostProcess.js:94:12431)
	at C.dispose (/ide/out/vs/workbench/api/node/extensionHostProcess.js:94:12566)
	at C.<anonymous> (/ide/extensions/git/dist/main.js:2:2057503)
	at C.dispose (/ide/out/vs/workbench/api/node/extensionHostProcess.js:94:12566)
	at T (/ide/out/vs/workbench/api/node/extensionHostProcess.js:10:12072)
	at f.X (/ide/out/vs/workbench/api/node/extensionHostProcess.js:108:11242)
	at /ide/out/vs/workbench/api/node/extensionHostProcess.js:108:9037
	at Array.map (<anonymous>)
	at f.Q (/ide/out/vs/workbench/api/node/extensionHostProcess.js:108:9024)
	at f.terminate (/ide/out/vs/workbench/api/node/extensionHostProcess.js:108:9298)
	at d.terminate (/ide/out/vs/workbench/api/node/extensionHostProcess.js:112:1397)
	at p (/ide/out/vs/workbench/api/node/extensionHostProcess.js:122:17851)
	at /ide/out/vs/workbench/api/node/extensionHostProcess.js:122:15761
	at f.invoke (/ide/out/vs/workbench/api/node/extensionHostProcess.js:63:145)
	at g.deliver (/ide/out/vs/workbench/api/node/extensionHostProcess.js:63:2029)
	at h.fire (/ide/out/vs/workbench/api/node/extensionHostProcess.js:63:1667)
	at p.fire (/ide/out/vs/workbench/api/node/extensionHostProcess.js:72:14861)
	at t.E (/ide/out/vs/workbench/api/node/extensionHostProcess.js:72:18927)
	at /ide/out/vs/workbench/api/node/extensionHostProcess.js:72:16915
	at f.invoke (/ide/out/vs/workbench/api/node/extensionHostProcess.js:63:145)
	at g.deliver (/ide/out/vs/workbench/api/node/extensionHostProcess.js:63:2029)
	at h.fire (/ide/out/vs/workbench/api/node/extensionHostProcess.js:63:1667)
	at d.acceptChunk (/ide/out/vs/workbench/api/node/extensionHostProcess.js:72:12592)
	at /ide/out/vs/workbench/api/node/extensionHostProcess.js:72:11879
	at f.invoke (/ide/out/vs/workbench/api/node/extensionHostProcess.js:63:145)
	at g.deliver (/ide/out/vs/workbench/api/node/extensionHostProcess.js:63:2029)
	at h.fire (/ide/out/vs/workbench/api/node/extensionHostProcess.js:63:1667)
	at h.t (/ide/out/vs/workbench/api/node/extensionHostProcess.js:72:28518) setContext undefined
2023-02-03 22:23:57.300 [info] Extension host with pid 3334 exiting with code 0
