2023-02-03 20:54:26.823 [info] Log level: Info
2023-02-03 20:54:26.823 [info] Validating found git in: "git"
2023-02-03 20:54:26.823 [info] Using git "2.37.3" from "git"
2023-02-03 20:54:26.823 [info] > git rev-parse --show-toplevel [9ms]
2023-02-03 20:54:26.823 [info] > git rev-parse --git-dir --git-common-dir [3ms]
2023-02-03 20:54:26.823 [info] Open repository: /workspace/ci-django-blog
2023-02-03 20:54:26.823 [info] > git rev-parse --show-toplevel [7ms]
2023-02-03 20:54:26.823 [info] > git config --get commit.template [7ms]
2023-02-03 20:54:26.823 [info] > git rev-parse --show-toplevel [7ms]
2023-02-03 20:54:26.823 [info] > git for-each-ref --format=%(refname)%00%(upstream:short)%00%(objectname)%00%(upstream:track)%00%(upstream:remotename)%00%(upstream:remoteref) refs/heads/main refs/remotes/main [6ms]
2023-02-03 20:54:26.823 [info] > git status -z -uall [12ms]
2023-02-03 20:54:26.823 [info] > git rev-parse --show-toplevel [22ms]
2023-02-03 20:54:26.823 [info] > git for-each-ref --sort -committerdate --format %(refname) %(objectname) %(*objectname) [10ms]
2023-02-03 20:54:26.823 [info] > git rev-parse --show-toplevel [13ms]
2023-02-03 20:54:26.823 [info] > git config --get commit.template [7ms]
2023-02-03 20:54:26.823 [info] > git rev-parse --show-toplevel [3ms]
2023-02-03 20:54:26.823 [info] > git for-each-ref --format=%(refname)%00%(upstream:short)%00%(objectname)%00%(upstream:track)%00%(upstream:remotename)%00%(upstream:remoteref) refs/heads/main refs/remotes/main [2ms]
2023-02-03 20:54:26.823 [info] > git rev-parse --show-toplevel [16ms]
2023-02-03 20:54:26.823 [info] > git status -z -uall [11ms]
2023-02-03 20:54:26.823 [info] > git rev-parse --show-toplevel [2ms]
2023-02-03 20:54:26.823 [info] > git for-each-ref --sort -committerdate --format %(refname) %(objectname) %(*objectname) [8ms]
2023-02-03 20:54:26.823 [info] > git check-ignore -v -z --stdin [2ms]
2023-02-03 20:54:26.823 [info] > git show --textconv :Procfile [15ms]
2023-02-03 20:54:26.823 [info] > git ls-files --stage -- /workspace/ci-django-blog/Procfile [70ms]
2023-02-03 20:54:26.823 [info] > git cat-file -s 3fb211ad614155ac81f62c0094aff33771f4f1f3 [3ms]
2023-02-03 20:54:28.403 [info] > git config --local branch.main.github-pr-owner-number [48ms]
2023-02-03 20:54:28.443 [info] > git config --get commit.template [3ms]
2023-02-03 20:54:28.467 [info] > git for-each-ref --format=%(refname)%00%(upstream:short)%00%(objectname)%00%(upstream:track)%00%(upstream:remotename)%00%(upstream:remoteref) refs/heads/main refs/remotes/main [9ms]
2023-02-03 20:54:28.487 [info] > git status -z -uall [8ms]
2023-02-03 20:54:28.487 [info] > git for-each-ref --sort -committerdate --format %(refname) %(objectname) %(*objectname) [1ms]
2023-02-03 20:54:58.930 [info] > git show --textconv :static [8ms]
2023-02-03 20:54:58.931 [info] > git ls-files --stage -- /workspace/ci-django-blog/static [2ms]
2023-02-03 20:54:58.938 [info] > git cat-file -s e69de29bb2d1d6434b8b29ae775ad8c2e48c5391 [1ms]
2023-02-03 20:55:17.591 [info] > git show --textconv :static [12ms]
2023-02-03 20:55:17.592 [info] > git ls-files --stage -- /workspace/ci-django-blog/static [1ms]
2023-02-03 20:55:17.605 [info] > git cat-file -s e69de29bb2d1d6434b8b29ae775ad8c2e48c5391 [1ms]
2023-02-03 20:55:24.614 [info] > git config --get commit.template [9ms]
2023-02-03 20:55:24.614 [info] > git for-each-ref --format=%(refname)%00%(upstream:short)%00%(objectname)%00%(upstream:track)%00%(upstream:remotename)%00%(upstream:remoteref) refs/heads/main refs/remotes/main [1ms]
2023-02-03 20:55:24.629 [info] > git status -z -uall [7ms]
2023-02-03 20:55:24.630 [info] > git for-each-ref --sort -committerdate --format %(refname) %(objectname) %(*objectname) [2ms]
2023-02-03 20:55:35.077 [info] > git config --get commit.template [13ms]
2023-02-03 20:55:35.078 [info] > git for-each-ref --format=%(refname)%00%(upstream:short)%00%(objectname)%00%(upstream:track)%00%(upstream:remotename)%00%(upstream:remoteref) refs/heads/main refs/remotes/main [2ms]
2023-02-03 20:55:35.101 [info] > git status -z -uall [12ms]
2023-02-03 20:55:35.102 [info] > git for-each-ref --sort -committerdate --format %(refname) %(objectname) %(*objectname) [1ms]
2023-02-03 20:55:50.161 [info] > git show --textconv :env.py [23ms]
2023-02-03 20:55:50.161 [info] > git ls-files --stage -- /workspace/ci-django-blog/env.py [2ms]
2023-02-03 20:56:01.152 [info] > git config --get commit.template [14ms]
2023-02-03 20:56:01.152 [info] > git for-each-ref --format=%(refname)%00%(upstream:short)%00%(objectname)%00%(upstream:track)%00%(upstream:remotename)%00%(upstream:remoteref) refs/heads/main refs/remotes/main [2ms]
2023-02-03 20:56:01.180 [info] > git status -z -uall [15ms]
2023-02-03 20:56:01.181 [info] > git for-each-ref --sort -committerdate --format %(refname) %(objectname) %(*objectname) [2ms]
2023-02-03 20:56:01.408 [info] > git ls-files --stage -- /workspace/ci-django-blog/env.py [2ms]
2023-02-03 20:56:01.499 [info] > git show --textconv :env.py [1ms]
2023-02-03 20:56:31.691 [info] > git config --get commit.template [15ms]
2023-02-03 20:56:31.691 [info] > git for-each-ref --format=%(refname)%00%(upstream:short)%00%(objectname)%00%(upstream:track)%00%(upstream:remotename)%00%(upstream:remoteref) refs/heads/main refs/remotes/main [2ms]
2023-02-03 20:56:31.718 [info] > git status -z -uall [14ms]
2023-02-03 20:56:31.719 [info] > git for-each-ref --sort -committerdate --format %(refname) %(objectname) %(*objectname) [2ms]
2023-02-03 20:56:31.900 [info] > git config --local branch.main.github-pr-owner-number [2ms]
2023-02-03 20:56:31.931 [info] > git config --get commit.template [16ms]
2023-02-03 20:56:31.934 [info] > git for-each-ref --format=%(refname)%00%(upstream:short)%00%(objectname)%00%(upstream:track)%00%(upstream:remotename)%00%(upstream:remoteref) refs/heads/main refs/remotes/main [4ms]
2023-02-03 20:56:31.981 [info] > git status -z -uall [32ms]
2023-02-03 20:56:31.982 [info] > git ls-files --stage -- /workspace/ci-django-blog/env.py [3ms]
2023-02-03 20:56:31.983 [info] > git for-each-ref --sort -committerdate --format %(refname) %(objectname) %(*objectname) [19ms]
2023-02-03 20:56:32.077 [info] > git show --textconv :env.py [2ms]
2023-02-03 20:56:38.459 [info] > git config --get commit.template [17ms]
2023-02-03 20:56:38.460 [info] > git for-each-ref --format=%(refname)%00%(upstream:short)%00%(objectname)%00%(upstream:track)%00%(upstream:remotename)%00%(upstream:remoteref) refs/heads/main refs/remotes/main [1ms]
2023-02-03 20:56:38.479 [info] > git status -z -uall [9ms]
2023-02-03 20:56:38.480 [info] > git for-each-ref --sort -committerdate --format %(refname) %(objectname) %(*objectname) [2ms]
2023-02-03 20:56:38.581 [info] > git config --local branch.main.github-pr-owner-number [36ms]
2023-02-03 20:56:38.596 [info] > git config --get commit.template [2ms]
2023-02-03 20:56:38.613 [info] > git for-each-ref --format=%(refname)%00%(upstream:short)%00%(objectname)%00%(upstream:track)%00%(upstream:remotename)%00%(upstream:remoteref) refs/heads/main refs/remotes/main [7ms]
2023-02-03 20:56:38.642 [info] > git status -z -uall [17ms]
2023-02-03 20:56:38.645 [info] > git for-each-ref --sort -committerdate --format %(refname) %(objectname) %(*objectname) [8ms]
2023-02-03 20:56:38.678 [info] > git ls-files --stage -- /workspace/ci-django-blog/env.py [1ms]
2023-02-03 20:56:38.780 [info] > git show --textconv :env.py [1ms]
2023-02-03 20:57:11.280 [info] > git check-ignore -v -z --stdin [1ms]
2023-02-03 20:57:13.080 [info] > git show --textconv :blog/models.py [11ms]
2023-02-03 20:57:13.081 [info] > git ls-files --stage -- /workspace/ci-django-blog/blog/models.py [2ms]
2023-02-03 20:57:13.100 [info] > git cat-file -s 71a836239075aa6e6e4ecb700e9c42c95c022d91 [2ms]
2023-02-03 20:59:27.927 [info] > git config --local branch.main.github-pr-owner-number [2ms]
2023-02-03 20:59:27.941 [info] > git config --get commit.template [7ms]
2023-02-03 20:59:27.941 [info] > git for-each-ref --format=%(refname)%00%(upstream:short)%00%(objectname)%00%(upstream:track)%00%(upstream:remotename)%00%(upstream:remoteref) refs/heads/main refs/remotes/main [1ms]
2023-02-03 20:59:27.953 [info] > git status -z -uall [6ms]
2023-02-03 20:59:27.954 [info] > git for-each-ref --sort -committerdate --format %(refname) %(objectname) %(*objectname) [1ms]
2023-02-03 21:04:27.972 [info] > git config --local branch.main.github-pr-owner-number [1ms]
2023-02-03 21:04:28.001 [info] > git config --get commit.template [15ms]
2023-02-03 21:04:28.002 [info] > git for-each-ref --format=%(refname)%00%(upstream:short)%00%(objectname)%00%(upstream:track)%00%(upstream:remotename)%00%(upstream:remoteref) refs/heads/main refs/remotes/main [2ms]
2023-02-03 21:04:28.022 [info] > git status -z -uall [9ms]
2023-02-03 21:04:28.023 [info] > git for-each-ref --sort -committerdate --format %(refname) %(objectname) %(*objectname) [1ms]
2023-02-03 21:09:28.040 [info] > git config --local branch.main.github-pr-owner-number [2ms]
2023-02-03 21:09:28.063 [info] > git config --get commit.template [10ms]
2023-02-03 21:09:28.064 [info] > git for-each-ref --format=%(refname)%00%(upstream:short)%00%(objectname)%00%(upstream:track)%00%(upstream:remotename)%00%(upstream:remoteref) refs/heads/main refs/remotes/main [2ms]
2023-02-03 21:09:28.090 [info] > git status -z -uall [13ms]
2023-02-03 21:09:28.091 [info] > git for-each-ref --sort -committerdate --format %(refname) %(objectname) %(*objectname) [1ms]
2023-02-03 21:14:28.110 [info] > git config --local branch.main.github-pr-owner-number [1ms]
2023-02-03 21:14:28.139 [info] > git config --get commit.template [13ms]
2023-02-03 21:14:28.141 [info] > git for-each-ref --format=%(refname)%00%(upstream:short)%00%(objectname)%00%(upstream:track)%00%(upstream:remotename)%00%(upstream:remoteref) refs/heads/main refs/remotes/main [2ms]
2023-02-03 21:14:28.163 [info] > git status -z -uall [9ms]
2023-02-03 21:14:28.163 [info] > git for-each-ref --sort -committerdate --format %(refname) %(objectname) %(*objectname) [1ms]
2023-02-03 21:19:28.182 [info] > git config --local branch.main.github-pr-owner-number [1ms]
2023-02-03 21:19:28.210 [info] > git config --get commit.template [16ms]
2023-02-03 21:19:28.211 [info] > git for-each-ref --format=%(refname)%00%(upstream:short)%00%(objectname)%00%(upstream:track)%00%(upstream:remotename)%00%(upstream:remoteref) refs/heads/main refs/remotes/main [1ms]
2023-02-03 21:19:28.239 [info] > git status -z -uall [14ms]
2023-02-03 21:19:28.241 [info] > git for-each-ref --sort -committerdate --format %(refname) %(objectname) %(*objectname) [1ms]
2023-02-03 21:24:28.258 [info] > git config --local branch.main.github-pr-owner-number [1ms]
2023-02-03 21:24:28.284 [info] > git config --get commit.template [13ms]
2023-02-03 21:24:28.285 [info] > git for-each-ref --format=%(refname)%00%(upstream:short)%00%(objectname)%00%(upstream:track)%00%(upstream:remotename)%00%(upstream:remoteref) refs/heads/main refs/remotes/main [1ms]
2023-02-03 21:24:28.303 [info] > git status -z -uall [9ms]
2023-02-03 21:24:28.303 [info] > git for-each-ref --sort -committerdate --format %(refname) %(objectname) %(*objectname) [2ms]
2023-02-03 21:29:28.319 [info] > git config --local branch.main.github-pr-owner-number [1ms]
2023-02-03 21:29:28.345 [info] > git config --get commit.template [11ms]
2023-02-03 21:29:28.345 [info] > git for-each-ref --format=%(refname)%00%(upstream:short)%00%(objectname)%00%(upstream:track)%00%(upstream:remotename)%00%(upstream:remoteref) refs/heads/main refs/remotes/main [1ms]
2023-02-03 21:29:28.375 [info] > git status -z -uall [16ms]
2023-02-03 21:29:28.376 [info] > git for-each-ref --sort -committerdate --format %(refname) %(objectname) %(*objectname) [2ms]
2023-02-03 21:31:16.814 [info] > git config --get commit.template [16ms]
2023-02-03 21:31:16.815 [info] > git for-each-ref --format=%(refname)%00%(upstream:short)%00%(objectname)%00%(upstream:track)%00%(upstream:remotename)%00%(upstream:remoteref) refs/heads/main refs/remotes/main [1ms]
2023-02-03 21:31:16.845 [info] > git status -z -uall [16ms]
2023-02-03 21:31:16.847 [info] > git for-each-ref --sort -committerdate --format %(refname) %(objectname) %(*objectname) [2ms]
2023-02-03 21:31:43.195 [info] > git config --get commit.template [17ms]
2023-02-03 21:31:43.196 [info] > git for-each-ref --format=%(refname)%00%(upstream:short)%00%(objectname)%00%(upstream:track)%00%(upstream:remotename)%00%(upstream:remoteref) refs/heads/main refs/remotes/main [2ms]
2023-02-03 21:31:43.222 [info] > git status -z -uall [12ms]
2023-02-03 21:31:43.226 [info] > git for-each-ref --sort -committerdate --format %(refname) %(objectname) %(*objectname) [5ms]
2023-02-03 21:32:05.318 [info] > git config --get commit.template [8ms]
2023-02-03 21:32:05.319 [info] > git for-each-ref --format=%(refname)%00%(upstream:short)%00%(objectname)%00%(upstream:track)%00%(upstream:remotename)%00%(upstream:remoteref) refs/heads/main refs/remotes/main [1ms]
2023-02-03 21:32:05.334 [info] > git status -z -uall [8ms]
2023-02-03 21:32:05.335 [info] > git for-each-ref --sort -committerdate --format %(refname) %(objectname) %(*objectname) [1ms]
2023-02-03 21:32:21.637 [info] > git config --get commit.template [18ms]
2023-02-03 21:32:21.637 [info] > git for-each-ref --format=%(refname)%00%(upstream:short)%00%(objectname)%00%(upstream:track)%00%(upstream:remotename)%00%(upstream:remoteref) refs/heads/main refs/remotes/main [2ms]
2023-02-03 21:32:21.665 [info] > git status -z -uall [15ms]
2023-02-03 21:32:21.667 [info] > git for-each-ref --sort -committerdate --format %(refname) %(objectname) %(*objectname) [2ms]
2023-02-03 21:34:28.393 [info] > git config --local branch.main.github-pr-owner-number [2ms]
2023-02-03 21:34:28.419 [info] > git config --get commit.template [15ms]
2023-02-03 21:34:28.420 [info] > git for-each-ref --format=%(refname)%00%(upstream:short)%00%(objectname)%00%(upstream:track)%00%(upstream:remotename)%00%(upstream:remoteref) refs/heads/main refs/remotes/main [2ms]
2023-02-03 21:34:28.446 [info] > git status -z -uall [12ms]
2023-02-03 21:34:28.447 [info] > git for-each-ref --sort -committerdate --format %(refname) %(objectname) %(*objectname) [1ms]
2023-02-03 21:34:46.312 [info] > git config --get commit.template [10ms]
2023-02-03 21:34:46.313 [info] > git for-each-ref --format=%(refname)%00%(upstream:short)%00%(objectname)%00%(upstream:track)%00%(upstream:remotename)%00%(upstream:remoteref) refs/heads/main refs/remotes/main [2ms]
2023-02-03 21:34:46.350 [info] > git status -z -uall [27ms]
2023-02-03 21:34:46.351 [info] > git for-each-ref --sort -committerdate --format %(refname) %(objectname) %(*objectname) [2ms]
2023-02-03 21:35:01.318 [info] > git config --get commit.template [9ms]
2023-02-03 21:35:01.318 [info] > git for-each-ref --format=%(refname)%00%(upstream:short)%00%(objectname)%00%(upstream:track)%00%(upstream:remotename)%00%(upstream:remoteref) refs/heads/main refs/remotes/main [1ms]
2023-02-03 21:35:01.333 [info] > git status -z -uall [8ms]
2023-02-03 21:35:01.334 [info] > git for-each-ref --sort -committerdate --format %(refname) %(objectname) %(*objectname) [2ms]
2023-02-03 21:35:34.015 [info] > git config --get commit.template [13ms]
2023-02-03 21:35:34.016 [info] > git for-each-ref --format=%(refname)%00%(upstream:short)%00%(objectname)%00%(upstream:track)%00%(upstream:remotename)%00%(upstream:remoteref) refs/heads/main refs/remotes/main [1ms]
2023-02-03 21:35:34.044 [info] > git status -z -uall [14ms]
2023-02-03 21:35:34.044 [info] > git for-each-ref --sort -committerdate --format %(refname) %(objectname) %(*objectname) [1ms]
2023-02-03 21:36:07.790 [info] > git config --get commit.template [15ms]
2023-02-03 21:36:07.790 [info] > git for-each-ref --format=%(refname)%00%(upstream:short)%00%(objectname)%00%(upstream:track)%00%(upstream:remotename)%00%(upstream:remoteref) refs/heads/main refs/remotes/main [1ms]
2023-02-03 21:36:07.818 [info] > git status -z -uall [15ms]
2023-02-03 21:36:07.819 [info] > git for-each-ref --sort -committerdate --format %(refname) %(objectname) %(*objectname) [1ms]
2023-02-03 21:39:00.860 [info] > git show --textconv :blog/admin.py [10ms]
2023-02-03 21:39:00.860 [info] > git ls-files --stage -- /workspace/ci-django-blog/blog/admin.py [1ms]
2023-02-03 21:39:00.869 [info] > git cat-file -s 8c38f3f3dad51e4585f3984282c2a4bec5349c1e [2ms]
2023-02-03 21:39:28.465 [info] > git config --local branch.main.github-pr-owner-number [1ms]
2023-02-03 21:39:28.485 [info] > git config --get commit.template [9ms]
2023-02-03 21:39:28.486 [info] > git for-each-ref --format=%(refname)%00%(upstream:short)%00%(objectname)%00%(upstream:track)%00%(upstream:remotename)%00%(upstream:remoteref) refs/heads/main refs/remotes/main [1ms]
2023-02-03 21:39:28.516 [info] > git status -z -uall [20ms]
2023-02-03 21:39:28.517 [info] > git for-each-ref --sort -committerdate --format %(refname) %(objectname) %(*objectname) [2ms]
2023-02-03 21:40:21.187 [info] > git config --get commit.template [9ms]
2023-02-03 21:40:21.188 [info] > git for-each-ref --format=%(refname)%00%(upstream:short)%00%(objectname)%00%(upstream:track)%00%(upstream:remotename)%00%(upstream:remoteref) refs/heads/main refs/remotes/main [2ms]
2023-02-03 21:40:21.201 [info] > git status -z -uall [7ms]
2023-02-03 21:40:21.202 [info] > git for-each-ref --sort -committerdate --format %(refname) %(objectname) %(*objectname) [1ms]
2023-02-03 21:44:28.535 [info] > git config --local branch.main.github-pr-owner-number [2ms]
2023-02-03 21:44:28.555 [info] > git config --get commit.template [8ms]
2023-02-03 21:44:28.556 [info] > git for-each-ref --format=%(refname)%00%(upstream:short)%00%(objectname)%00%(upstream:track)%00%(upstream:remotename)%00%(upstream:remoteref) refs/heads/main refs/remotes/main [2ms]
2023-02-03 21:44:28.573 [info] > git status -z -uall [9ms]
2023-02-03 21:44:28.574 [info] > git for-each-ref --sort -committerdate --format %(refname) %(objectname) %(*objectname) [1ms]
2023-02-03 21:45:28.998 [info] > git show --textconv :requirements.txt [7ms]
2023-02-03 21:45:28.999 [info] > git ls-files --stage -- /workspace/ci-django-blog/requirements.txt [1ms]
2023-02-03 21:45:29.007 [info] > git cat-file -s 9f8b0d42c5cab69302070480b17f0afccfc73ea2 [1ms]
2023-02-03 21:45:37.801 [info] > git config --get commit.template [15ms]
2023-02-03 21:45:37.803 [info] > git for-each-ref --format=%(refname)%00%(upstream:short)%00%(objectname)%00%(upstream:track)%00%(upstream:remotename)%00%(upstream:remoteref) refs/heads/main refs/remotes/main [1ms]
2023-02-03 21:45:37.831 [info] > git status -z -uall [15ms]
2023-02-03 21:45:37.832 [info] > git for-each-ref --sort -committerdate --format %(refname) %(objectname) %(*objectname) [2ms]
2023-02-03 21:47:21.425 [info] > git config --get commit.template [2ms]
2023-02-03 21:47:21.440 [info] > git for-each-ref --format=%(refname)%00%(upstream:short)%00%(objectname)%00%(upstream:track)%00%(upstream:remotename)%00%(upstream:remoteref) refs/heads/main refs/remotes/main [2ms]
2023-02-03 21:47:21.469 [info] > git status -z -uall [15ms]
2023-02-03 21:47:21.470 [info] > git for-each-ref --sort -committerdate --format %(refname) %(objectname) %(*objectname) [2ms]
2023-02-03 21:48:41.440 [info] > git check-ignore -v -z --stdin [1ms]
2023-02-03 21:48:44.555 [info] > git show --textconv :django_blog/settings.py [9ms]
2023-02-03 21:48:44.556 [info] > git ls-files --stage -- /workspace/ci-django-blog/django_blog/settings.py [2ms]
2023-02-03 21:48:44.566 [info] > git cat-file -s c85a85a66c85007e101e0568d11a31b28f1e2992 [1ms]
2023-02-03 21:49:28.591 [info] > git config --local branch.main.github-pr-owner-number [2ms]
2023-02-03 21:49:28.614 [info] > git config --get commit.template [14ms]
2023-02-03 21:49:28.615 [info] > git for-each-ref --format=%(refname)%00%(upstream:short)%00%(objectname)%00%(upstream:track)%00%(upstream:remotename)%00%(upstream:remoteref) refs/heads/main refs/remotes/main [1ms]
2023-02-03 21:49:28.646 [info] > git status -z -uall [17ms]
2023-02-03 21:49:28.648 [info] > git for-each-ref --sort -committerdate --format %(refname) %(objectname) %(*objectname) [2ms]
2023-02-03 21:50:50.120 [info] > git config --get commit.template [8ms]
2023-02-03 21:50:50.120 [info] > git for-each-ref --format=%(refname)%00%(upstream:short)%00%(objectname)%00%(upstream:track)%00%(upstream:remotename)%00%(upstream:remoteref) refs/heads/main refs/remotes/main [1ms]
2023-02-03 21:50:50.132 [info] > git status -z -uall [6ms]
2023-02-03 21:50:50.133 [info] > git for-each-ref --sort -committerdate --format %(refname) %(objectname) %(*objectname) [1ms]
2023-02-03 21:51:32.220 [info] > git show --textconv :django_blog/urls.py [8ms]
2023-02-03 21:51:32.220 [info] > git ls-files --stage -- /workspace/ci-django-blog/django_blog/urls.py [2ms]
2023-02-03 21:51:32.228 [info] > git cat-file -s 68708985cd4247f1ff0ab3ffe1c4d67b3de3eb5a [1ms]
2023-02-03 21:53:03.150 [info] > git config --get commit.template [10ms]
2023-02-03 21:53:03.151 [info] > git for-each-ref --format=%(refname)%00%(upstream:short)%00%(objectname)%00%(upstream:track)%00%(upstream:remotename)%00%(upstream:remoteref) refs/heads/main refs/remotes/main [2ms]
2023-02-03 21:53:03.178 [info] > git status -z -uall [14ms]
2023-02-03 21:53:03.179 [info] > git for-each-ref --sort -committerdate --format %(refname) %(objectname) %(*objectname) [1ms]
2023-02-03 21:54:28.662 [info] > git config --local branch.main.github-pr-owner-number [1ms]
2023-02-03 21:54:28.675 [info] > git config --get commit.template [7ms]
2023-02-03 21:54:28.675 [info] > git for-each-ref --format=%(refname)%00%(upstream:short)%00%(objectname)%00%(upstream:track)%00%(upstream:remotename)%00%(upstream:remoteref) refs/heads/main refs/remotes/main [1ms]
2023-02-03 21:54:28.688 [info] > git status -z -uall [7ms]
2023-02-03 21:54:28.689 [info] > git for-each-ref --sort -committerdate --format %(refname) %(objectname) %(*objectname) [2ms]
2023-02-03 21:56:24.397 [info] > git config --get commit.template [1ms]
2023-02-03 21:56:24.406 [info] > git for-each-ref --format=%(refname)%00%(upstream:short)%00%(objectname)%00%(upstream:track)%00%(upstream:remotename)%00%(upstream:remoteref) refs/heads/main refs/remotes/main [2ms]
2023-02-03 21:56:24.419 [info] > git status -z -uall [7ms]
2023-02-03 21:56:24.420 [info] > git for-each-ref --sort -committerdate --format %(refname) %(objectname) %(*objectname) [2ms]
2023-02-03 21:56:33.790 [info] > git config --get commit.template [7ms]
2023-02-03 21:56:33.791 [info] > git for-each-ref --format=%(refname)%00%(upstream:short)%00%(objectname)%00%(upstream:track)%00%(upstream:remotename)%00%(upstream:remoteref) refs/heads/main refs/remotes/main [1ms]
2023-02-03 21:56:33.803 [info] > git status -z -uall [6ms]
2023-02-03 21:56:33.804 [info] > git for-each-ref --sort -committerdate --format %(refname) %(objectname) %(*objectname) [1ms]
2023-02-03 21:56:43.446 [info] > git config --get commit.template [2ms]
2023-02-03 21:56:43.458 [info] > git for-each-ref --format=%(refname)%00%(upstream:short)%00%(objectname)%00%(upstream:track)%00%(upstream:remotename)%00%(upstream:remoteref) refs/heads/main refs/remotes/main [1ms]
2023-02-03 21:56:43.477 [info] > git status -z -uall [9ms]
2023-02-03 21:56:43.478 [info] > git for-each-ref --sort -committerdate --format %(refname) %(objectname) %(*objectname) [1ms]
2023-02-03 21:58:46.157 [info] > git config --get commit.template [10ms]
2023-02-03 21:58:46.158 [info] > git for-each-ref --format=%(refname)%00%(upstream:short)%00%(objectname)%00%(upstream:track)%00%(upstream:remotename)%00%(upstream:remoteref) refs/heads/main refs/remotes/main [1ms]
2023-02-03 21:58:46.172 [info] > git status -z -uall [7ms]
2023-02-03 21:58:46.173 [info] > git for-each-ref --sort -committerdate --format %(refname) %(objectname) %(*objectname) [1ms]
2023-02-03 21:58:56.259 [info] > git config --get commit.template [11ms]
2023-02-03 21:58:56.260 [info] > git for-each-ref --format=%(refname)%00%(upstream:short)%00%(objectname)%00%(upstream:track)%00%(upstream:remotename)%00%(upstream:remoteref) refs/heads/main refs/remotes/main [1ms]
2023-02-03 21:58:56.276 [info] > git status -z -uall [8ms]
2023-02-03 21:58:56.277 [info] > git for-each-ref --sort -committerdate --format %(refname) %(objectname) %(*objectname) [2ms]
2023-02-03 21:59:04.166 [info] > git config --get commit.template [9ms]
2023-02-03 21:59:04.167 [info] > git for-each-ref --format=%(refname)%00%(upstream:short)%00%(objectname)%00%(upstream:track)%00%(upstream:remotename)%00%(upstream:remoteref) refs/heads/main refs/remotes/main [1ms]
2023-02-03 21:59:04.179 [info] > git status -z -uall [6ms]
2023-02-03 21:59:04.180 [info] > git for-each-ref --sort -committerdate --format %(refname) %(objectname) %(*objectname) [1ms]
2023-02-03 21:59:28.707 [info] > git config --local branch.main.github-pr-owner-number [1ms]
2023-02-03 21:59:28.737 [info] > git config --get commit.template [15ms]
2023-02-03 21:59:28.737 [info] > git for-each-ref --format=%(refname)%00%(upstream:short)%00%(objectname)%00%(upstream:track)%00%(upstream:remotename)%00%(upstream:remoteref) refs/heads/main refs/remotes/main [1ms]
2023-02-03 21:59:28.767 [info] > git status -z -uall [15ms]
2023-02-03 21:59:28.768 [info] > git for-each-ref --sort -committerdate --format %(refname) %(objectname) %(*objectname) [2ms]
2023-02-03 21:59:41.994 [info] > git config --get commit.template [14ms]
2023-02-03 21:59:41.995 [info] > git for-each-ref --format=%(refname)%00%(upstream:short)%00%(objectname)%00%(upstream:track)%00%(upstream:remotename)%00%(upstream:remoteref) refs/heads/main refs/remotes/main [1ms]
2023-02-03 21:59:42.022 [info] > git status -z -uall [14ms]
2023-02-03 21:59:42.023 [info] > git for-each-ref --sort -committerdate --format %(refname) %(objectname) %(*objectname) [2ms]
2023-02-03 22:04:28.786 [info] > git config --local branch.main.github-pr-owner-number [2ms]
2023-02-03 22:04:28.798 [info] > git config --get commit.template [1ms]
2023-02-03 22:04:28.805 [info] > git for-each-ref --format=%(refname)%00%(upstream:short)%00%(objectname)%00%(upstream:track)%00%(upstream:remotename)%00%(upstream:remoteref) refs/heads/main refs/remotes/main [1ms]
2023-02-03 22:04:28.828 [info] > git status -z -uall [14ms]
2023-02-03 22:04:28.829 [info] > git for-each-ref --sort -committerdate --format %(refname) %(objectname) %(*objectname) [2ms]
2023-02-03 22:05:48.881 [info] > git config --get commit.template [16ms]
2023-02-03 22:05:48.883 [info] > git for-each-ref --format=%(refname)%00%(upstream:short)%00%(objectname)%00%(upstream:track)%00%(upstream:remotename)%00%(upstream:remoteref) refs/heads/main refs/remotes/main [2ms]
2023-02-03 22:05:48.913 [info] > git status -z -uall [16ms]
2023-02-03 22:05:48.914 [info] > git for-each-ref --sort -committerdate --format %(refname) %(objectname) %(*objectname) [2ms]
2023-02-03 22:05:53.944 [info] > git config --get commit.template [13ms]
2023-02-03 22:05:53.945 [info] > git for-each-ref --format=%(refname)%00%(upstream:short)%00%(objectname)%00%(upstream:track)%00%(upstream:remotename)%00%(upstream:remoteref) refs/heads/main refs/remotes/main [2ms]
2023-02-03 22:05:53.973 [info] > git status -z -uall [14ms]
2023-02-03 22:05:53.975 [info] > git for-each-ref --sort -committerdate --format %(refname) %(objectname) %(*objectname) [3ms]
2023-02-03 22:06:02.577 [info] > git config --get commit.template [14ms]
2023-02-03 22:06:02.578 [info] > git for-each-ref --format=%(refname)%00%(upstream:short)%00%(objectname)%00%(upstream:track)%00%(upstream:remotename)%00%(upstream:remoteref) refs/heads/main refs/remotes/main [1ms]
2023-02-03 22:06:02.606 [info] > git status -z -uall [14ms]
2023-02-03 22:06:02.606 [info] > git for-each-ref --sort -committerdate --format %(refname) %(objectname) %(*objectname) [2ms]
2023-02-03 22:06:09.356 [info] > git config --get commit.template [10ms]
2023-02-03 22:06:09.357 [info] > git for-each-ref --format=%(refname)%00%(upstream:short)%00%(objectname)%00%(upstream:track)%00%(upstream:remotename)%00%(upstream:remoteref) refs/heads/main refs/remotes/main [1ms]
2023-02-03 22:06:09.369 [info] > git status -z -uall [7ms]
2023-02-03 22:06:09.370 [info] > git for-each-ref --sort -committerdate --format %(refname) %(objectname) %(*objectname) [1ms]
2023-02-03 22:09:28.847 [info] > git config --local branch.main.github-pr-owner-number [1ms]
2023-02-03 22:09:28.860 [info] > git config --get commit.template [1ms]
2023-02-03 22:09:28.868 [info] > git for-each-ref --format=%(refname)%00%(upstream:short)%00%(objectname)%00%(upstream:track)%00%(upstream:remotename)%00%(upstream:remoteref) refs/heads/main refs/remotes/main [2ms]
2023-02-03 22:09:28.898 [info] > git status -z -uall [17ms]
2023-02-03 22:09:28.899 [info] > git for-each-ref --sort -committerdate --format %(refname) %(objectname) %(*objectname) [2ms]
2023-02-03 22:11:01.581 [info] > git config --get commit.template [9ms]
2023-02-03 22:11:01.582 [info] > git for-each-ref --format=%(refname)%00%(upstream:short)%00%(objectname)%00%(upstream:track)%00%(upstream:remotename)%00%(upstream:remoteref) refs/heads/main refs/remotes/main [2ms]
2023-02-03 22:11:01.596 [info] > git status -z -uall [7ms]
2023-02-03 22:11:01.597 [info] > git for-each-ref --sort -committerdate --format %(refname) %(objectname) %(*objectname) [1ms]
2023-02-03 22:11:06.627 [info] > git config --get commit.template [14ms]
2023-02-03 22:11:06.629 [info] > git for-each-ref --format=%(refname)%00%(upstream:short)%00%(objectname)%00%(upstream:track)%00%(upstream:remotename)%00%(upstream:remoteref) refs/heads/main refs/remotes/main [2ms]
2023-02-03 22:11:06.656 [info] > git status -z -uall [16ms]
2023-02-03 22:11:06.657 [info] > git for-each-ref --sort -committerdate --format %(refname) %(objectname) %(*objectname) [2ms]
2023-02-03 22:11:13.391 [info] > git config --get commit.template [1ms]
2023-02-03 22:11:13.406 [info] > git for-each-ref --format=%(refname)%00%(upstream:short)%00%(objectname)%00%(upstream:track)%00%(upstream:remotename)%00%(upstream:remoteref) refs/heads/main refs/remotes/main [1ms]
2023-02-03 22:11:13.435 [info] > git status -z -uall [15ms]
2023-02-03 22:11:13.436 [info] > git for-each-ref --sort -committerdate --format %(refname) %(objectname) %(*objectname) [2ms]
2023-02-03 22:11:44.544 [info] > git config --get commit.template [15ms]
2023-02-03 22:11:44.544 [info] > git for-each-ref --format=%(refname)%00%(upstream:short)%00%(objectname)%00%(upstream:track)%00%(upstream:remotename)%00%(upstream:remoteref) refs/heads/main refs/remotes/main [1ms]
2023-02-03 22:11:44.573 [info] > git status -z -uall [15ms]
2023-02-03 22:11:44.574 [info] > git for-each-ref --sort -committerdate --format %(refname) %(objectname) %(*objectname) [1ms]
2023-02-03 22:14:28.919 [info] > git config --local branch.main.github-pr-owner-number [2ms]
2023-02-03 22:14:28.950 [info] > git config --get commit.template [15ms]
2023-02-03 22:14:28.951 [info] > git for-each-ref --format=%(refname)%00%(upstream:short)%00%(objectname)%00%(upstream:track)%00%(upstream:remotename)%00%(upstream:remoteref) refs/heads/main refs/remotes/main [2ms]
2023-02-03 22:14:28.981 [info] > git status -z -uall [16ms]
2023-02-03 22:14:28.982 [info] > git for-each-ref --sort -committerdate --format %(refname) %(objectname) %(*objectname) [2ms]
2023-02-03 22:17:15.678 [info] > git config --get commit.template [17ms]
2023-02-03 22:17:15.679 [info] > git for-each-ref --format=%(refname)%00%(upstream:short)%00%(objectname)%00%(upstream:track)%00%(upstream:remotename)%00%(upstream:remoteref) refs/heads/main refs/remotes/main [2ms]
2023-02-03 22:17:15.710 [info] > git status -z -uall [16ms]
2023-02-03 22:17:15.712 [info] > git for-each-ref --sort -committerdate --format %(refname) %(objectname) %(*objectname) [4ms]
2023-02-03 22:19:03.979 [info] > git config --get commit.template [17ms]
2023-02-03 22:19:03.979 [info] > git for-each-ref --format=%(refname)%00%(upstream:short)%00%(objectname)%00%(upstream:track)%00%(upstream:remotename)%00%(upstream:remoteref) refs/heads/main refs/remotes/main [1ms]
2023-02-03 22:19:04.001 [info] > git status -z -uall [8ms]
2023-02-03 22:19:04.002 [info] > git for-each-ref --sort -committerdate --format %(refname) %(objectname) %(*objectname) [2ms]
2023-02-03 22:19:04.202 [info] > git ls-files --stage -- /workspace/ci-django-blog/django_blog/settings.py [8ms]
2023-02-03 22:19:04.210 [info] > git ls-files --stage -- /workspace/ci-django-blog/blog/admin.py [28ms]
2023-02-03 22:19:04.216 [info] > git ls-files --stage -- /workspace/ci-django-blog/blog/models.py [45ms]
2023-02-03 22:19:04.226 [info] > git ls-files --stage -- /workspace/ci-django-blog/env.py [70ms]
2023-02-03 22:19:04.227 [info] > git cat-file -s 0a9b7849f627dbb3dc3d232330b600402256d327 [2ms]
2023-02-03 22:19:04.228 [info] > git cat-file -s dfcf9325dfbc24a82bd29aafa00c9b5959028dcd [12ms]
2023-02-03 22:19:04.228 [info] > git cat-file -s 212b61caadbc0dbc5480bb67626bc0d39c3f7d50 [19ms]
2023-02-03 22:19:04.228 [info] > git ls-files --stage -- /workspace/ci-django-blog/django_blog/urls.py [27ms]
2023-02-03 22:19:04.242 [info] > git cat-file -s ae9257af63a2626cecca157973b73f63f42bb834 [3ms]
2023-02-03 22:19:04.374 [info] > git show --textconv :env.py [42ms]
2023-02-03 22:19:04.374 [info] > git show --textconv :blog/models.py [27ms]
2023-02-03 22:19:04.374 [info] > git show --textconv :blog/admin.py [13ms]
2023-02-03 22:19:04.376 [info] > git show --textconv :django_blog/settings.py [3ms]
2023-02-03 22:19:04.391 [info] > git show --textconv :django_blog/urls.py [2ms]
2023-02-03 22:19:28.812 [info] > git for-each-ref --format=%(refname)%00%(upstream:short)%00%(objectname)%00%(upstream:track)%00%(upstream:remotename)%00%(upstream:remoteref) refs/heads/main refs/remotes/main [2ms]
2023-02-03 22:19:28.813 [info] > git config --get commit.template [11ms]
2023-02-03 22:19:28.829 [info] > git status -z -uall [8ms]
2023-02-03 22:19:28.829 [info] > git for-each-ref --sort -committerdate --format %(refname) %(objectname) %(*objectname) [1ms]
2023-02-03 22:19:29.127 [info] > git config --local branch.main.github-pr-owner-number [13ms]
2023-02-03 22:19:29.142 [info] > git config --get commit.template [3ms]
2023-02-03 22:19:29.188 [info] > git ls-files --stage -- /workspace/ci-django-blog/django_blog/urls.py [4ms]
2023-02-03 22:19:29.196 [info] > git ls-files --stage -- /workspace/ci-django-blog/django_blog/settings.py [17ms]
2023-02-03 22:19:29.202 [info] > git ls-files --stage -- /workspace/ci-django-blog/blog/admin.py [29ms]
2023-02-03 22:19:29.208 [info] > git ls-files --stage -- /workspace/ci-django-blog/blog/models.py [42ms]
2023-02-03 22:19:29.214 [info] > git ls-files --stage -- /workspace/ci-django-blog/env.py [54ms]
2023-02-03 22:19:29.214 [info] > git for-each-ref --format=%(refname)%00%(upstream:short)%00%(objectname)%00%(upstream:track)%00%(upstream:remotename)%00%(upstream:remoteref) refs/heads/main refs/remotes/main [63ms]
2023-02-03 22:19:29.228 [info] > git status -z -uall [8ms]
2023-02-03 22:19:29.228 [info] > git cat-file -s 0a9b7849f627dbb3dc3d232330b600402256d327 [14ms]
2023-02-03 22:19:29.228 [info] > git cat-file -s dfcf9325dfbc24a82bd29aafa00c9b5959028dcd [21ms]
2023-02-03 22:19:29.229 [info] > git cat-file -s 212b61caadbc0dbc5480bb67626bc0d39c3f7d50 [27ms]
2023-02-03 22:19:29.229 [info] > git cat-file -s ae9257af63a2626cecca157973b73f63f42bb834 [34ms]
2023-02-03 22:19:29.229 [info] > git for-each-ref --sort -committerdate --format %(refname) %(objectname) %(*objectname) [2ms]
2023-02-03 22:19:29.327 [info] > git show --textconv :env.py [1ms]
2023-02-03 22:19:29.377 [info] > git show --textconv :blog/models.py [35ms]
2023-02-03 22:19:29.377 [info] > git show --textconv :blog/admin.py [26ms]
2023-02-03 22:19:29.377 [info] > git show --textconv :django_blog/settings.py [15ms]
2023-02-03 22:19:29.377 [info] > git show --textconv :django_blog/urls.py [1ms]
2023-02-03 22:19:40.528 [info] > git config --get commit.template [16ms]
2023-02-03 22:19:40.528 [info] > git for-each-ref --format=%(refname)%00%(upstream:short)%00%(objectname)%00%(upstream:track)%00%(upstream:remotename)%00%(upstream:remoteref) refs/heads/main refs/remotes/main [1ms]
2023-02-03 22:19:40.552 [info] > git status -z -uall [10ms]
2023-02-03 22:19:40.552 [info] > git for-each-ref --sort -committerdate --format %(refname) %(objectname) %(*objectname) [1ms]
2023-02-03 22:19:40.686 [info] > git config --local branch.main.github-pr-owner-number [31ms]
2023-02-03 22:19:40.701 [info] > git config --get commit.template [2ms]
2023-02-03 22:19:40.716 [info] > git for-each-ref --format=%(refname)%00%(upstream:short)%00%(objectname)%00%(upstream:track)%00%(upstream:remotename)%00%(upstream:remoteref) refs/heads/main refs/remotes/main [7ms]
2023-02-03 22:19:40.741 [info] > git status -z -uall [10ms]
2023-02-03 22:19:40.741 [info] > git for-each-ref --sort -committerdate --format %(refname) %(objectname) %(*objectname) [3ms]
2023-02-03 22:19:40.903 [info] > git ls-files --stage -- /workspace/ci-django-blog/django_blog/settings.py [9ms]
2023-02-03 22:19:40.910 [info] > git ls-files --stage -- /workspace/ci-django-blog/blog/admin.py [22ms]
2023-02-03 22:19:40.917 [info] > git ls-files --stage -- /workspace/ci-django-blog/blog/models.py [36ms]
2023-02-03 22:19:40.932 [info] > git ls-files --stage -- /workspace/ci-django-blog/env.py [57ms]
2023-02-03 22:19:40.935 [info] > git cat-file -s 0a9b7849f627dbb3dc3d232330b600402256d327 [2ms]
2023-02-03 22:19:40.936 [info] > git cat-file -s dfcf9325dfbc24a82bd29aafa00c9b5959028dcd [20ms]
2023-02-03 22:19:40.937 [info] > git cat-file -s 212b61caadbc0dbc5480bb67626bc0d39c3f7d50 [27ms]
2023-02-03 22:19:40.937 [info] > git ls-files --stage -- /workspace/ci-django-blog/django_blog/urls.py [37ms]
2023-02-03 22:19:40.962 [info] > git cat-file -s ae9257af63a2626cecca157973b73f63f42bb834 [11ms]
2023-02-03 22:19:41.198 [info] > git show --textconv :env.py [1ms]
2023-02-03 22:19:41.221 [info] > git show --textconv :blog/models.py [14ms]
2023-02-03 22:19:41.221 [info] > git show --textconv :blog/admin.py [8ms]
2023-02-03 22:19:41.221 [info] > git show --textconv :django_blog/settings.py [1ms]
2023-02-03 22:19:41.232 [info] > git show --textconv :django_blog/urls.py [2ms]
